[2019-05-15T18:01:06.624] [INFO] resLogger - 
*************** response log start ***************
request method: GET
request originalUrl:  /open/company/data/1
request client ip:  ::ffff:127.0.0.1
request query:  {}
response time: 1
response status: 404
response body: 
undefined
*************** response log end ***************

[2019-05-15T18:04:48.031] [INFO] resLogger - 
*************** response log start ***************
request method: GET
request originalUrl:  /open/company/data/1
request client ip:  ::ffff:127.0.0.1
request query:  {}
response time: 1
response status: 404
response body: 
undefined
*************** response log end ***************

[2019-05-15T18:04:56.287] [INFO] resLogger - 
*************** response log start ***************
request method: GET
request originalUrl:  /open/company-list
request client ip:  ::ffff:127.0.0.1
request query:  {}
response time: 1
response status: 200
response body: 
{"code":200,"message":"请求企业列表"}
*************** response log end ***************

