[2019-05-24T23:01:18.550] [INFO] resLogger - 
*************** response log start ***************
request method: POST
request originalUrl:  /business
request client ip:  ::ffff:127.0.0.1
request body: 
{"name":"少年包青天"}
response time: 10
response status: 200
response body: 
{"code":200}
*************** response log end ***************

[2019-05-24T23:02:27.895] [INFO] resLogger - 
*************** response log start ***************
request method: POST
request originalUrl:  /business
request client ip:  ::ffff:127.0.0.1
request body: 
{"name":"少年包青天"}
response time: 20
response status: 200
response body: 
{"code":200}
*************** response log end ***************

[2019-05-24T23:02:57.949] [INFO] resLogger - 
*************** response log start ***************
request method: POST
request originalUrl:  /business
request client ip:  ::ffff:127.0.0.1
request body: 
{"name":"我是你爸爸"}
response time: 10
response status: 200
response body: 
{"code":200}
*************** response log end ***************

[2019-05-24T23:05:02.730] [INFO] resLogger - 
*************** response log start ***************
request method: POST
request originalUrl:  /business
request client ip:  ::ffff:127.0.0.1
request body: 
{"name":"我是你爸爸"}
response time: 48
response status: 200
response body: 
{"code":200,"data":{"createdAt":"2019-05-24T15:05:02.697Z","updatedAt":"2019-05-24T15:05:02.700Z","id":"4e813d90-7e35-11e9-9bf8-2d18d1e27686","del":0,"name":"我是你爸爸"}}
*************** response log end ***************

[2019-05-24T23:05:07.822] [INFO] resLogger - 
*************** response log start ***************
request method: POST
request originalUrl:  /business
request client ip:  ::ffff:127.0.0.1
request body: 
{"name":"我是你爸爸"}
response time: 8
response status: 200
response body: 
{"code":400,"message":"当前项已存在"}
*************** response log end ***************

[2019-05-24T23:08:21.950] [INFO] resLogger - 
*************** response log start ***************
request method: POST
request originalUrl:  /business
request client ip:  ::ffff:127.0.0.1
request body: 
{"name":"无限战争"}
response time: 55
response status: 200
response body: 
{"code":200,"data":{"createdAt":"2019-05-24T15:08:21.918Z","updatedAt":"2019-05-24T15:08:21.920Z","id":"c53fccd0-7e35-11e9-96ec-4b684ea477aa","del":0,"name":"无限战争"}}
*************** response log end ***************

[2019-05-24T23:31:21.643] [INFO] resLogger - 
*************** response log start ***************
request method: POST
request originalUrl:  /business
request client ip:  ::ffff:127.0.0.1
request body: 
{"name":"无限战争"}
response time: 30
response status: 200
response body: 
{"code":400,"message":"当前项已存在"}
*************** response log end ***************

