[2019-05-18T13:18:29.202] [INFO] resLogger - 
*************** response log start ***************
request method: DELETE
request originalUrl:  /user/e9d46303-83c1-4e27-bc84-75dd637e895a
request client ip:  ::ffff:127.0.0.1
request body: 
{}
response time: 2
response status: 404
response body: 
undefined
*************** response log end ***************

[2019-05-18T13:18:40.865] [INFO] resLogger - 
*************** response log start ***************
request method: POST
request originalUrl:  /user/login
request client ip:  ::ffff:127.0.0.1
request body: 
{"username":"abc@163.com","password":"123456"}
response time: 2
response status: 200
response body: 
{"token":"eyJhbGciOiJIUzI1NiIsInR5cCI6IkpXVCJ9.eyJmb28iOiJiYXIiLCJpYXQiOjE1NTgxNTY3MjB9.Zqz6wPqg7uWY4FV6vlTDTlBbJISyUvi0fJHZRP6MFwc"}
*************** response log end ***************

[2019-05-18T13:19:04.535] [INFO] resLogger - 
*************** response log start ***************
request method: GET
request originalUrl:  /user/e9d46303-83c1-4e27-bc84-75dd637e895a
request client ip:  ::ffff:127.0.0.1
request query:  {}
response time: 40
response status: 200
response body: 
{"code":200,"data":{"id":"e9d46303-83c1-4e27-bc84-75dd637e895a","name":"刘威","username":"hotblin","password":"aad831c34407654fe","email":"hotblin@162.com","phone":"18047669071","company_id":"9d260249-2fdc-43cc-917f-03ffc2a40a3b","role_id":"56c5527c-a8b0-47d4-af39-71332a5a6aa9","created_at":"2018-12-12T02:27:08.000Z","updated_at":"2018-12-12T02:27:08.000Z","url":null,"job":null,"platform":null,"area_id":null,"rname":"ROLE_USER","rdescription":"企业账号","area_name":null,"company_name":"胜顶内部测试阶段内"}}
*************** response log end ***************

[2019-05-18T13:22:00.000] [INFO] resLogger - 
*************** response log start ***************
request method: GET
request originalUrl:  /register
request client ip:  ::ffff:127.0.0.1
request query:  {}
response time: 4
response status: 200
response body: 
{"code":200,"message":"register"}
*************** response log end ***************

[2019-05-18T13:22:17.300] [INFO] resLogger - 
*************** response log start ***************
request method: POST
request originalUrl:  /user/login
request client ip:  ::ffff:127.0.0.1
request body: 
{"username":"abc@163.com","password":"123456"}
response time: 3
response status: 200
response body: 
{"token":"eyJhbGciOiJIUzI1NiIsInR5cCI6IkpXVCJ9.eyJmb28iOiJiYXIiLCJpYXQiOjE1NTgxNTY5Mzd9.dmWTnbgDIhomHOmnDdwwEJivMeBukWbMRoAfHm1T5v8"}
*************** response log end ***************

[2019-05-18T13:22:32.546] [INFO] resLogger - 
*************** response log start ***************
request method: DELETE
request originalUrl:  /user/e9d46303-83c1-4e27-bc84-75dd637e895a
request client ip:  ::ffff:127.0.0.1
request body: 
{}
response time: 0
response status: 404
response body: 
undefined
*************** response log end ***************

[2019-05-18T13:24:25.867] [INFO] resLogger - 
*************** response log start ***************
request method: DELETE
request originalUrl:  /user/e9d46303-83c1-4e27-bc84-75dd637e895a
request client ip:  ::ffff:127.0.0.1
request body: 
{}
response time: 54
response status: 404
response body: 
undefined
*************** response log end ***************

[2019-05-18T13:26:18.024] [INFO] resLogger - 
*************** response log start ***************
request method: DELETE
request originalUrl:  /user/e9d46303-83c1-4e27-bc84-75dd637e895a
request client ip:  ::ffff:127.0.0.1
request body: 
{}
response time: 6
response status: 404
response body: 
undefined
*************** response log end ***************

[2019-05-18T13:32:27.346] [INFO] resLogger - 
*************** response log start ***************
request method: DELETE
request originalUrl:  /user/01d01920-ecf6-4de3-a316-7aa378fd2d80
request client ip:  ::ffff:127.0.0.1
request body: 
{}
response time: 40
response status: 200
response body: 
{"code":200}
*************** response log end ***************

[2019-05-18T13:33:24.686] [INFO] resLogger - 
*************** response log start ***************
request method: DELETE
request originalUrl:  /user/01d01920-ecf6-4de3-a316-7aa378fd2d80
request client ip:  ::ffff:127.0.0.1
request body: 
{}
response time: 33
response status: 200
response body: 
{"code":200}
*************** response log end ***************

[2019-05-18T13:34:46.732] [INFO] resLogger - 
*************** response log start ***************
request method: DELETE
request originalUrl:  /user/01d01920-ecf6-4de3-a316-7aa378fd2d80
request client ip:  ::ffff:127.0.0.1
request body: 
{}
response time: 34
response status: 200
response body: 
{"code":200}
*************** response log end ***************

[2019-05-18T13:35:10.570] [INFO] resLogger - 
*************** response log start ***************
request method: DELETE
request originalUrl:  /user/01d01920-ecf6-4de3-a316-7aa378fd242342434
request client ip:  ::ffff:127.0.0.1
request body: 
{}
response time: 22
response status: 200
response body: 
{"code":200,"message":"删除失败"}
*************** response log end ***************

[2019-05-18T13:35:25.398] [INFO] resLogger - 
*************** response log start ***************
request method: DELETE
request originalUrl:  /user/01d01920-ecf6-4de3-a316-7aa378fd242342434
request client ip:  ::ffff:127.0.0.1
request body: 
{}
response time: 22
response status: 200
response body: 
{"code":200,"message":"删除失败"}
*************** response log end ***************

[2019-05-18T13:35:54.257] [INFO] resLogger - 
*************** response log start ***************
request method: GET
request originalUrl:  /user/
request client ip:  ::ffff:127.0.0.1
request query:  {}
response time: 52
response status: 200
response body: 
{"code":200,"msg":"查询成功","data":{"count":110,"rows":[{"id":"05dc53e6-5b36-4c8c-bbd5-cab70e1d607c","name":null,"username":"kkjjjjj","password":"73afe927adb5d95cd","email":null,"phone":null,"company_id":"","role_id":"f18b6d85-b848-478e-843d-60157e8e09ae","created_at":"2019-01-18T06:42:29.000Z","updated_at":"2019-01-18T06:42:29.000Z","url":null,"job":null,"platform":1,"area_id":"3166b087-5dc4-497c-9cb6-437dea31e3a0","rname":"ROLE_PROVINCE","rdescription":"省级账号","area_name":null,"company_name":null},{"id":"0c3af58f-f571-46b7-873b-36ef62c0aefd","name":"俞乾","username":"yuqian","password":"4cc8bedefed937d3b","email":"qian.yu@bjsdzk.com","phone":"19919883264","company_id":null,"role_id":"e39b0d3d-79b0-11e8-8c8a-6c92bf234dc0","created_at":"2018-10-17T02:41:50.000Z","updated_at":"2018-11-13T06:42:27.000Z","url":null,"job":null,"platform":null,"area_id":null,"rname":"ROLE_OPERATION","rdescription":"运营账号","area_name":null,"company_name":null},{"id":"0f5a900a-5ae2-45d9-988c-881bd9e5c611","name":"","username":"province","password":"73afe927adb5d95cd","email":"","phone":"","company_id":"","role_id":"f18b6d85-b848-478e-843d-60157e8e09ae","created_at":"2019-01-21T02:01:23.000Z","updated_at":"2019-01-21T02:19:44.000Z","url":null,"job":null,"platform":1,"area_id":"d3fdd460-8802-4ae3-ac6b-debc9de63547","rname":"ROLE_PROVINCE","rdescription":"省级账号","area_name":null,"company_name":null},{"id":"0f6a8de7-ae52-4512-b65a-7d6f6da9afe3","name":"株洲优科","username":"zhuzhou","password":"1851d55b66945b9ed","email":"714693676@qq.com","phone":"13755155223","company_id":null,"role_id":"9b645f94-d31b-4845-b9bb-83c96bf06085","created_at":"2018-08-07T06:44:49.000Z","updated_at":"2018-08-29T07:07:58.000Z","url":null,"job":null,"platform":null,"area_id":null,"rname":"ROLE_DEMO","rdescription":"演示账号","area_name":null,"company_name":null},{"id":"101c3534-26c6-4992-9f6f-9729d78744bb","name":null,"username":"qewqeqeqweqweq","password":"2d68852e51a5392e0","email":null,"phone":null,"company_id":null,"role_id":"f18b6d85-b848-478e-843d-60157e8e09ae","created_at":"2019-01-17T09:05:10.000Z","updated_at":"2019-01-18T03:24:49.000Z","url":null,"job":null,"platform":1,"area_id":"0876d91b-3ecd-41c5-8d93-a58e9f3cc1c8","rname":"ROLE_PROVINCE","rdescription":"省级账号","area_name":null,"company_name":null},{"id":"12a89e60-cc74-4a6d-85d9-2baddf6d02c1","name":null,"username":"pinghetang_hunan","password":"b0559d6459206bebd","email":null,"phone":null,"company_id":null,"role_id":"9360fe5e-1c0c-4bfd-9af0-bcdadccc8edb","created_at":"2019-01-30T02:46:11.000Z","updated_at":"2019-01-30T02:46:11.000Z","url":null,"job":null,"platform":1,"area_id":null,"rname":"ROLE_PLATFORM","rdescription":"代理商账号","area_name":null,"company_name":null},{"id":"191f81f9-b06a-4c10-b72d-0b520f76e723","name":"刘艳艳","username":"liuyy","password":"f13b73215b198f5cb","email":null,"phone":"15101057641","company_id":null,"role_id":"56c5527c-a8b0-47d4-af39-71332a5a6aa8","created_at":"2018-10-31T02:12:06.000Z","updated_at":"2018-11-01T10:22:44.000Z","url":null,"job":"工作人员","platform":3,"area_id":null,"rname":"ROLE_PHT","rdescription":"平和堂企业用户","area_name":null,"company_name":null},{"id":"19ad1f13-735b-4c67-abb8-505496f25f83","name":"白工","username":"baigong","password":"ec586b4fbef8d9253","email":"fiona12_01@163.com","phone":"18273192098","company_id":"143999fb-2164-422b-92d8-e222427b1231","role_id":"56c5527c-a8b0-47d4-af39-71332a5a6aa9","created_at":"2018-11-07T02:14:12.000Z","updated_at":"2018-11-07T02:14:12.000Z","url":null,"job":null,"platform":null,"area_id":null,"rname":"ROLE_USER","rdescription":"企业账号","area_name":null,"company_name":"通辽博物馆"},{"id":"1d2432bb-ea45-42c8-a77a-75f25bef0e0a","name":"张强强","username":"zhangq","password":"","email":"zhangqq@163.com","phone":"15101057641","company_id":"daf1ac7c-44b2-4756-b490-1a9d73d82a6e","role_id":"","created_at":"2018-08-20T02:16:05.000Z","updated_at":"2018-08-20T02:18:33.000Z","url":null,"job":null,"platform":null,"area_id":null,"rname":null,"rdescription":null,"area_name":null,"company_name":"测试企业"},{"id":"1d556a98-b477-40c6-b782-14ee547f169b","name":"小李","username":"yylin1234","password":"eb9c34cb18dc6dd0a","email":"xiaoli@qq.com","phone":"15202036547","company_id":"2b2745f0-5865-46db-8a5f-f33ad1ae7121","role_id":"56c5527c-a8b0-47d4-af39-71332a5a6aa9","created_at":"2019-02-28T07:44:09.000Z","updated_at":"2019-02-28T07:44:09.000Z","url":null,"job":null,"platform":1,"area_id":"","rname":"ROLE_USER","rdescription":"企业账号","area_name":null,"company_name":"湖南中移通信技术工程有限公司"}]}}
*************** response log end ***************

[2019-05-18T13:45:08.261] [INFO] resLogger - 
*************** response log start ***************
request method: GET
request originalUrl:  /user/
request client ip:  ::ffff:127.0.0.1
request query:  {}
response time: 51
response status: 200
response body: 
{"code":200,"msg":"查询成功","data":{"count":110,"rows":[{"id":"05dc53e6-5b36-4c8c-bbd5-cab70e1d607c","name":null,"username":"kkjjjjj","password":"73afe927adb5d95cd","email":null,"phone":null,"company_id":"","role_id":"f18b6d85-b848-478e-843d-60157e8e09ae","created_at":"2019-01-18T06:42:29.000Z","updated_at":"2019-01-18T06:42:29.000Z","url":null,"job":null,"platform":1,"area_id":"3166b087-5dc4-497c-9cb6-437dea31e3a0","rname":"ROLE_PROVINCE","rdescription":"省级账号","area_name":null,"company_name":null},{"id":"0c3af58f-f571-46b7-873b-36ef62c0aefd","name":"俞乾","username":"yuqian","password":"4cc8bedefed937d3b","email":"qian.yu@bjsdzk.com","phone":"19919883264","company_id":null,"role_id":"e39b0d3d-79b0-11e8-8c8a-6c92bf234dc0","created_at":"2018-10-17T02:41:50.000Z","updated_at":"2018-11-13T06:42:27.000Z","url":null,"job":null,"platform":null,"area_id":null,"rname":"ROLE_OPERATION","rdescription":"运营账号","area_name":null,"company_name":null},{"id":"0f5a900a-5ae2-45d9-988c-881bd9e5c611","name":"","username":"province","password":"73afe927adb5d95cd","email":"","phone":"","company_id":"","role_id":"f18b6d85-b848-478e-843d-60157e8e09ae","created_at":"2019-01-21T02:01:23.000Z","updated_at":"2019-01-21T02:19:44.000Z","url":null,"job":null,"platform":1,"area_id":"d3fdd460-8802-4ae3-ac6b-debc9de63547","rname":"ROLE_PROVINCE","rdescription":"省级账号","area_name":null,"company_name":null},{"id":"0f6a8de7-ae52-4512-b65a-7d6f6da9afe3","name":"株洲优科","username":"zhuzhou","password":"1851d55b66945b9ed","email":"714693676@qq.com","phone":"13755155223","company_id":null,"role_id":"9b645f94-d31b-4845-b9bb-83c96bf06085","created_at":"2018-08-07T06:44:49.000Z","updated_at":"2018-08-29T07:07:58.000Z","url":null,"job":null,"platform":null,"area_id":null,"rname":"ROLE_DEMO","rdescription":"演示账号","area_name":null,"company_name":null},{"id":"101c3534-26c6-4992-9f6f-9729d78744bb","name":null,"username":"qewqeqeqweqweq","password":"2d68852e51a5392e0","email":null,"phone":null,"company_id":null,"role_id":"f18b6d85-b848-478e-843d-60157e8e09ae","created_at":"2019-01-17T09:05:10.000Z","updated_at":"2019-01-18T03:24:49.000Z","url":null,"job":null,"platform":1,"area_id":"0876d91b-3ecd-41c5-8d93-a58e9f3cc1c8","rname":"ROLE_PROVINCE","rdescription":"省级账号","area_name":null,"company_name":null},{"id":"12a89e60-cc74-4a6d-85d9-2baddf6d02c1","name":null,"username":"pinghetang_hunan","password":"b0559d6459206bebd","email":null,"phone":null,"company_id":null,"role_id":"9360fe5e-1c0c-4bfd-9af0-bcdadccc8edb","created_at":"2019-01-30T02:46:11.000Z","updated_at":"2019-01-30T02:46:11.000Z","url":null,"job":null,"platform":1,"area_id":null,"rname":"ROLE_PLATFORM","rdescription":"代理商账号","area_name":null,"company_name":null},{"id":"191f81f9-b06a-4c10-b72d-0b520f76e723","name":"刘艳艳","username":"liuyy","password":"f13b73215b198f5cb","email":null,"phone":"15101057641","company_id":null,"role_id":"56c5527c-a8b0-47d4-af39-71332a5a6aa8","created_at":"2018-10-31T02:12:06.000Z","updated_at":"2018-11-01T10:22:44.000Z","url":null,"job":"工作人员","platform":3,"area_id":null,"rname":"ROLE_PHT","rdescription":"平和堂企业用户","area_name":null,"company_name":null},{"id":"19ad1f13-735b-4c67-abb8-505496f25f83","name":"白工","username":"baigong","password":"ec586b4fbef8d9253","email":"fiona12_01@163.com","phone":"18273192098","company_id":"143999fb-2164-422b-92d8-e222427b1231","role_id":"56c5527c-a8b0-47d4-af39-71332a5a6aa9","created_at":"2018-11-07T02:14:12.000Z","updated_at":"2018-11-07T02:14:12.000Z","url":null,"job":null,"platform":null,"area_id":null,"rname":"ROLE_USER","rdescription":"企业账号","area_name":null,"company_name":"通辽博物馆"},{"id":"1d2432bb-ea45-42c8-a77a-75f25bef0e0a","name":"张强强","username":"zhangq","password":"","email":"zhangqq@163.com","phone":"15101057641","company_id":"daf1ac7c-44b2-4756-b490-1a9d73d82a6e","role_id":"","created_at":"2018-08-20T02:16:05.000Z","updated_at":"2018-08-20T02:18:33.000Z","url":null,"job":null,"platform":null,"area_id":null,"rname":null,"rdescription":null,"area_name":null,"company_name":"测试企业"},{"id":"1d556a98-b477-40c6-b782-14ee547f169b","name":"小李","username":"yylin1234","password":"eb9c34cb18dc6dd0a","email":"xiaoli@qq.com","phone":"15202036547","company_id":"2b2745f0-5865-46db-8a5f-f33ad1ae7121","role_id":"56c5527c-a8b0-47d4-af39-71332a5a6aa9","created_at":"2019-02-28T07:44:09.000Z","updated_at":"2019-02-28T07:44:09.000Z","url":null,"job":null,"platform":1,"area_id":"","rname":"ROLE_USER","rdescription":"企业账号","area_name":null,"company_name":"湖南中移通信技术工程有限公司"}]}}
*************** response log end ***************

[2019-05-18T13:51:05.435] [INFO] resLogger - 
*************** response log start ***************
request method: PUT
request originalUrl:  /user/
request client ip:  ::ffff:127.0.0.1
request body: 
{"a":1,"b":2}
response time: 3
response status: 404
response body: 
undefined
*************** response log end ***************

[2019-05-18T13:51:47.588] [INFO] resLogger - 
*************** response log start ***************
request method: PUT
request originalUrl:  /user/
request client ip:  ::ffff:127.0.0.1
request body: 
{"a":1,"b":2}
response time: 5
response status: 200
response body: 
{"code":200,"message":"修改参数"}
*************** response log end ***************

