[2019-05-17T20:33:47.415] [INFO] resLogger - 
*************** response log start ***************
request method: POST
request originalUrl:  /user/login
request client ip:  ::ffff:127.0.0.1
request body: 
{"username":"abc@163.com","password":"123456"}
response time: 7
response status: 200
response body: 
{"token":"eyJhbGciOiJIUzI1NiIsInR5cCI6IkpXVCJ9.eyJmb28iOiJiYXIiLCJpYXQiOjE1NTgwOTY0Mjd9.zd1WHH6zvbW18a7_OFoKtMhbIETVISMmEbXQz13Zl9U"}
*************** response log end ***************

[2019-05-17T20:34:45.425] [INFO] resLogger - 
*************** response log start ***************
request method: POST
request originalUrl:  /user/login
request client ip:  ::ffff:127.0.0.1
request body: 
{"username":"abc@163.com","password":"123456"}
response time: 0
response status: 200
response body: 
{"token":"eyJhbGciOiJIUzI1NiIsInR5cCI6IkpXVCJ9.eyJmb28iOiJiYXIiLCJpYXQiOjE1NTgwOTY0ODV9.D5SkFxsLLyPl1bTtmEpXtLIm9_eHDVTzx5oros3-oj4"}
*************** response log end ***************

[2019-05-17T20:35:24.330] [INFO] resLogger - 
*************** response log start ***************
request method: POST
request originalUrl:  /user/login/
request client ip:  ::ffff:127.0.0.1
request body: 
{"username":"abc@163.com","password":"123456"}
response time: 0
response status: 200
response body: 
{"token":"eyJhbGciOiJIUzI1NiIsInR5cCI6IkpXVCJ9.eyJmb28iOiJiYXIiLCJpYXQiOjE1NTgwOTY1MjR9.yQ5Hw0viTZTbYMAS200VQiPC_bvbfQCgclMdRf3zidQ"}
*************** response log end ***************

[2019-05-17T20:35:34.294] [INFO] resLogger - 
*************** response log start ***************
request method: POST
request originalUrl:  /user/login
request client ip:  ::ffff:127.0.0.1
request body: 
{"username":"abc@163.com","password":"123456"}
response time: 0
response status: 200
response body: 
{"token":"eyJhbGciOiJIUzI1NiIsInR5cCI6IkpXVCJ9.eyJmb28iOiJiYXIiLCJpYXQiOjE1NTgwOTY1MzR9.XVovCbnXDRFHSbZzqxhKFU-5M6K8cY4wprhq0s4KFrg"}
*************** response log end ***************

[2019-05-17T20:36:50.563] [INFO] resLogger - 
*************** response log start ***************
request method: POST
request originalUrl:  /user/login
request client ip:  ::ffff:127.0.0.1
request body: 
{"username":"abc@163.com","password":"123456"}
response time: 1
response status: 200
response body: 
{"token":"eyJhbGciOiJIUzI1NiIsInR5cCI6IkpXVCJ9.eyJmb28iOiJiYXIiLCJpYXQiOjE1NTgwOTY2MTB9.E37tOJ1tJIF1hRWRnxNfp4oC7W5eZNZ7dohChMuyrdw"}
*************** response log end ***************

[2019-05-17T20:36:58.147] [INFO] resLogger - 
*************** response log start ***************
request method: POST
request originalUrl:  /user/login
request client ip:  ::ffff:127.0.0.1
request body: 
{"username":"abc@163.com","password":"123456"}
response time: 0
response status: 200
response body: 
{"token":"eyJhbGciOiJIUzI1NiIsInR5cCI6IkpXVCJ9.eyJmb28iOiJiYXIiLCJpYXQiOjE1NTgwOTY2MTh9.MUBrnin6DWlJcMZwfb69OSKC1o8Zm9EFuVua2YyEVDc"}
*************** response log end ***************

[2019-05-17T20:37:46.670] [INFO] resLogger - 
*************** response log start ***************
request method: POST
request originalUrl:  /user/login
request client ip:  ::ffff:127.0.0.1
request body: 
{"username":"abc@163.com","password":"123456"}
response time: 0
response status: 200
response body: 
{"token":"eyJhbGciOiJIUzI1NiIsInR5cCI6IkpXVCJ9.eyJmb28iOiJiYXIiLCJpYXQiOjE1NTgwOTY2NjZ9.XtSZgLBupBTqFF_YWi9paLfL8QmL-pMMNjKuPxr_zyY"}
*************** response log end ***************

[2019-05-17T20:37:51.027] [INFO] resLogger - 
*************** response log start ***************
request method: GET
request originalUrl:  /user/login
request client ip:  ::ffff:127.0.0.1
request query:  {}
response time: 0
response status: 200
response body: 
"请求api/user/:id"
*************** response log end ***************

[2019-05-17T20:37:53.880] [INFO] resLogger - 
*************** response log start ***************
request method: POST
request originalUrl:  /user/login
request client ip:  ::ffff:127.0.0.1
request body: 
{"username":"abc@163.com","password":"123456"}
response time: 0
response status: 200
response body: 
{"token":"eyJhbGciOiJIUzI1NiIsInR5cCI6IkpXVCJ9.eyJmb28iOiJiYXIiLCJpYXQiOjE1NTgwOTY2NzN9.Kh2SqKVoiN4LWKsGVJHstKGqaSM0gQ_2um3xmf8Wom4"}
*************** response log end ***************

[2019-05-17T20:40:04.737] [INFO] resLogger - 
*************** response log start ***************
request method: POST
request originalUrl:  /user/login
request client ip:  ::ffff:127.0.0.1
request body: 
{"username":"abc@163.com","password":"123456"}
response time: 0
response status: 200
response body: 
{"token":"eyJhbGciOiJIUzI1NiIsInR5cCI6IkpXVCJ9.eyJmb28iOiJiYXIiLCJpYXQiOjE1NTgwOTY4MDR9.YhMPo3s8NjobcI3dZlEp58pesz4uoEYNFRXOxOCRLY0"}
*************** response log end ***************

[2019-05-17T20:41:52.516] [INFO] resLogger - 
*************** response log start ***************
request method: POST
request originalUrl:  /user/login
request client ip:  ::ffff:127.0.0.1
request body: 
{"username":"abc@163.com","password":"123456"}
response time: 5
response status: 200
response body: 
{"token":"eyJhbGciOiJIUzI1NiIsInR5cCI6IkpXVCJ9.eyJmb28iOiJiYXIiLCJpYXQiOjE1NTgwOTY5MTJ9.FbY1ah4ZwJzTHuhBV7NbVRKkR9-pqitcUtRATRyd450"}
*************** response log end ***************

