[2019-05-15T16:12:41.656] [INFO] resLogger - 
*************** response log start ***************
request method: GET
request originalUrl:  /open/company-list
request client ip:  ::ffff:127.0.0.1
request query:  {}
response time: 2
response status: 200
response body: 
{"code":200,"message":"请求企业列表"}
*************** response log end ***************

[2019-05-15T16:13:01.661] [INFO] resLogger - 
*************** response log start ***************
request method: GET
request originalUrl:  /open/company-list
request client ip:  ::ffff:127.0.0.1
request query:  {}
response time: 0
response status: 200
response body: 
{"code":200,"message":"请求企业列表"}
*************** response log end ***************

[2019-05-15T16:16:05.662] [INFO] resLogger - 
*************** response log start ***************
request method: GET
request originalUrl:  /open/company-list
request client ip:  ::ffff:127.0.0.1
request query:  {}
response time: 1
response status: 200
response body: 
{"code":200,"message":"请求企业列表"}
*************** response log end ***************

[2019-05-15T16:26:47.184] [INFO] resLogger - 
*************** response log start ***************
request method: GET
request originalUrl:  /open/company-list
request client ip:  ::ffff:127.0.0.1
request query:  {}
response time: 2
response status: 200
response body: 
{"code":200,"message":"请求企业列表"}
*************** response log end ***************

[2019-05-15T16:26:54.849] [INFO] resLogger - 
*************** response log start ***************
request method: GET
request originalUrl:  /login
request client ip:  ::ffff:127.0.0.1
request query:  {}
response time: 0
response status: 404
response body: 
undefined
*************** response log end ***************

[2019-05-15T16:38:24.460] [INFO] resLogger - 
*************** response log start ***************
request method: GET
request originalUrl:  /open/company-list
request client ip:  ::ffff:127.0.0.1
request query:  {}
response time: 1
response status: 200
response body: 
{"code":200,"message":"请求企业列表"}
*************** response log end ***************

[2019-05-15T16:46:36.934] [INFO] resLogger - 
*************** response log start ***************
request method: GET
request originalUrl:  /open/company-list
request client ip:  ::ffff:127.0.0.1
request query:  {}
response time: 2
response status: 200
response body: 
{"code":200,"message":"请求企业列表"}
*************** response log end ***************

[2019-05-15T16:48:25.600] [INFO] resLogger - 
*************** response log start ***************
request method: GET
request originalUrl:  /open/company-list
request client ip:  ::ffff:127.0.0.1
request query:  {}
response time: 0
response status: 200
response body: 
{"code":200,"message":"请求企业列表"}
*************** response log end ***************

[2019-05-15T16:52:49.041] [INFO] resLogger - 
*************** response log start ***************
request method: GET
request originalUrl:  /open/company-list
request client ip:  ::ffff:127.0.0.1
request query:  {}
response time: 1
response status: 200
response body: 
{"code":200,"message":"请求企业列表"}
*************** response log end ***************

[2019-05-15T16:54:07.748] [INFO] resLogger - 
*************** response log start ***************
request method: GET
request originalUrl:  /open/company-list
request client ip:  ::ffff:127.0.0.1
request query:  {}
response time: 2
response status: 200
response body: 
{"code":200,"message":"请求企业列表"}
*************** response log end ***************

[2019-05-15T16:54:16.564] [INFO] resLogger - 
*************** response log start ***************
request method: GET
request originalUrl:  /open/company-list
request client ip:  ::ffff:127.0.0.1
request query:  {}
response time: 2
response status: 200
response body: 
{"code":200,"message":"请求企业列表"}
*************** response log end ***************

[2019-05-15T16:54:28.107] [INFO] resLogger - 
*************** response log start ***************
request method: GET
request originalUrl:  /open/company-list
request client ip:  ::ffff:127.0.0.1
request query:  {}
response time: 0
response status: 200
response body: 
{"code":200,"message":"请求企业列表"}
*************** response log end ***************

[2019-05-15T16:54:51.143] [INFO] resLogger - 
*************** response log start ***************
request method: GET
request originalUrl:  /open/company-list
request client ip:  ::ffff:127.0.0.1
request query:  {}
response time: 2
response status: 200
response body: 
{"code":200,"message":"请求企业列表"}
*************** response log end ***************

[2019-05-15T16:54:58.269] [INFO] resLogger - 
*************** response log start ***************
request method: GET
request originalUrl:  /open/company-list
request client ip:  ::ffff:127.0.0.1
request query:  {}
response time: 0
response status: 200
response body: 
{"code":200,"message":"请求企业列表"}
*************** response log end ***************

[2019-05-15T16:55:22.778] [INFO] resLogger - 
*************** response log start ***************
request method: GET
request originalUrl:  /open/company-list
request client ip:  ::ffff:127.0.0.1
request query:  {}
response time: 2
response status: 200
response body: 
{"code":200,"message":"请求企业列表"}
*************** response log end ***************

[2019-05-15T16:56:04.872] [INFO] resLogger - 
*************** response log start ***************
request method: GET
request originalUrl:  /open/company-list
request client ip:  ::ffff:127.0.0.1
request query:  {}
response time: 1
response status: 200
response body: 
{"code":200,"message":"请求企业列表"}
*************** response log end ***************

[2019-05-15T16:56:16.119] [INFO] resLogger - 
*************** response log start ***************
request method: GET
request originalUrl:  /open/company-list
request client ip:  ::ffff:127.0.0.1
request query:  {}
response time: 1
response status: 200
response body: 
{"code":200,"message":"请求企业列表"}
*************** response log end ***************

[2019-05-15T16:56:54.839] [INFO] resLogger - 
*************** response log start ***************
request method: GET
request originalUrl:  /open/company-list
request client ip:  ::ffff:127.0.0.1
request query:  {}
response time: 1
response status: 200
response body: 
{"code":200,"message":"请求企业列表"}
*************** response log end ***************

[2019-05-15T16:57:21.813] [INFO] resLogger - 
*************** response log start ***************
request method: GET
request originalUrl:  /open/company-list
request client ip:  ::ffff:127.0.0.1
request query:  {}
response time: 2
response status: 200
response body: 
{"code":200,"message":"请求企业列表"}
*************** response log end ***************

[2019-05-15T16:57:39.989] [INFO] resLogger - 
*************** response log start ***************
request method: GET
request originalUrl:  /open/company-list
request client ip:  ::ffff:127.0.0.1
request query:  {}
response time: 2
response status: 200
response body: 
{"code":200,"message":"请求企业列表"}
*************** response log end ***************

[2019-05-15T16:59:03.440] [INFO] resLogger - 
*************** response log start ***************
request method: GET
request originalUrl:  /open/company/123
request client ip:  ::ffff:127.0.0.1
request query:  {}
response time: 0
response status: 404
response body: 
undefined
*************** response log end ***************

