[2019-05-15T17:51:48.258] [INFO] resLogger - 
*************** response log start ***************
request method: GET
request originalUrl:  /open/company/42343242432
request client ip:  ::ffff:127.0.0.1
request query:  {}
response time: 9
response status: 404
response body: 
undefined
*************** response log end ***************

[2019-05-15T17:51:55.499] [INFO] resLogger - 
*************** response log start ***************
request method: GET
request originalUrl:  /open/company-list
request client ip:  ::ffff:127.0.0.1
request query:  {}
response time: 0
response status: 200
response body: 
{"code":200,"message":"请求企业列表"}
*************** response log end ***************

[2019-05-15T17:58:44.899] [INFO] resLogger - 
*************** response log start ***************
request method: GET
request originalUrl:  /open/company/data/1
request client ip:  ::ffff:127.0.0.1
request query:  {}
response time: 0
response status: 404
response body: 
undefined
*************** response log end ***************

[2019-05-15T17:59:38.604] [INFO] resLogger - 
*************** response log start ***************
request method: GET
request originalUrl:  /open/company/data/1
request client ip:  ::ffff:127.0.0.1
request query:  {}
response time: 0
response status: 404
response body: 
undefined
*************** response log end ***************

[2019-05-15T17:59:47.788] [INFO] resLogger - 
*************** response log start ***************
request method: GET
request originalUrl:  /open/company/data/1
request client ip:  ::ffff:127.0.0.1
request query:  {}
response time: 0
response status: 404
response body: 
undefined
*************** response log end ***************

