[2019-05-25T08:43:34.922] [INFO] resLogger - 
*************** response log start ***************
request method: POST
request originalUrl:  /business
request client ip:  ::ffff:127.0.0.1
request body: 
{"name":"无限战争"}
response time: 27
response status: 200
response body: 
{"code":400,"message":"当前项已存在"}
*************** response log end ***************

[2019-05-25T08:59:21.135] [INFO] resLogger - 
*************** response log start ***************
request method: POST
request originalUrl:  /business
request client ip:  ::ffff:127.0.0.1
request body: 
{"name":"无限战争"}
response time: 25
response status: 200
response body: 
{"code":400,"message":"当前项已存在"}
*************** response log end ***************

