[2019-05-18T12:02:40.750] [INFO] resLogger - 
*************** response log start ***************
request method: GET
request originalUrl:  /user
request client ip:  ::ffff:127.0.0.1
request query:  {}
response time: 6
response status: 200
response body: 
{"code":200,"msg":"查询成功"}
*************** response log end ***************

[2019-05-18T12:04:02.181] [INFO] resLogger - 
*************** response log start ***************
request method: GET
request originalUrl:  /user
request client ip:  ::ffff:127.0.0.1
request query:  {}
response time: 45
response status: 200
response body: 
{"code":200,"msg":"查询成功","data":{"count":132,"rows":[{"id":"01d01920-ecf6-4de3-a316-7aa378fd2d80","name":"王在兴","username":"changshayidong","password":"7245c46dceb170ab2","email":"zaixing.wang@bjsdzk.com","phone":"15973124679","company_id":"b484a587-2340-4397-bc8d-9520d74d6f4e","role_id":"56c5527c-a8b0-47d4-af39-71332a5a6aa9","created_at":"2019-01-17T02:30:46.000Z","updated_at":"2019-01-17T02:30:46.000Z","url":null,"job":null,"platform":null,"area_id":null,"rname":"ROLE_USER","rdescription":"企业账号","area_name":null,"company_name":"中国移动通信公司长沙分公司"},{"id":"05dc53e6-5b36-4c8c-bbd5-cab70e1d607c","name":null,"username":"kkjjjjj","password":"73afe927adb5d95cd","email":null,"phone":null,"company_id":"","role_id":"f18b6d85-b848-478e-843d-60157e8e09ae","created_at":"2019-01-18T06:42:29.000Z","updated_at":"2019-01-18T06:42:29.000Z","url":null,"job":null,"platform":1,"area_id":"3166b087-5dc4-497c-9cb6-437dea31e3a0","rname":"ROLE_PROVINCE","rdescription":"省级账号","area_name":null,"company_name":null},{"id":"0c3af58f-f571-46b7-873b-36ef62c0aefd","name":"俞乾","username":"yuqian","password":"4cc8bedefed937d3b","email":"qian.yu@bjsdzk.com","phone":"19919883264","company_id":null,"role_id":"e39b0d3d-79b0-11e8-8c8a-6c92bf234dc0","created_at":"2018-10-17T02:41:50.000Z","updated_at":"2018-11-13T06:42:27.000Z","url":null,"job":null,"platform":null,"area_id":null,"rname":"ROLE_OPERATION","rdescription":"运营账号","area_name":null,"company_name":null},{"id":"0f5a900a-5ae2-45d9-988c-881bd9e5c611","name":"","username":"province","password":"73afe927adb5d95cd","email":"","phone":"","company_id":"","role_id":"f18b6d85-b848-478e-843d-60157e8e09ae","created_at":"2019-01-21T02:01:23.000Z","updated_at":"2019-01-21T02:19:44.000Z","url":null,"job":null,"platform":1,"area_id":"d3fdd460-8802-4ae3-ac6b-debc9de63547","rname":"ROLE_PROVINCE","rdescription":"省级账号","area_name":null,"company_name":null},{"id":"0f6a8de7-ae52-4512-b65a-7d6f6da9afe3","name":"株洲优科","username":"zhuzhou","password":"1851d55b66945b9ed","email":"714693676@qq.com","phone":"13755155223","company_id":null,"role_id":"9b645f94-d31b-4845-b9bb-83c96bf06085","created_at":"2018-08-07T06:44:49.000Z","updated_at":"2018-08-29T07:07:58.000Z","url":null,"job":null,"platform":null,"area_id":null,"rname":"ROLE_DEMO","rdescription":"演示账号","area_name":null,"company_name":null},{"id":"101c3534-26c6-4992-9f6f-9729d78744bb","name":null,"username":"qewqeqeqweqweq","password":"2d68852e51a5392e0","email":null,"phone":null,"company_id":null,"role_id":"f18b6d85-b848-478e-843d-60157e8e09ae","created_at":"2019-01-17T09:05:10.000Z","updated_at":"2019-01-18T03:24:49.000Z","url":null,"job":null,"platform":1,"area_id":"0876d91b-3ecd-41c5-8d93-a58e9f3cc1c8","rname":"ROLE_PROVINCE","rdescription":"省级账号","area_name":null,"company_name":null},{"id":"12a89e60-cc74-4a6d-85d9-2baddf6d02c1","name":null,"username":"pinghetang_hunan","password":"b0559d6459206bebd","email":null,"phone":null,"company_id":null,"role_id":"9360fe5e-1c0c-4bfd-9af0-bcdadccc8edb","created_at":"2019-01-30T02:46:11.000Z","updated_at":"2019-01-30T02:46:11.000Z","url":null,"job":null,"platform":1,"area_id":null,"rname":"ROLE_PLATFORM","rdescription":"代理商账号","area_name":null,"company_name":null},{"id":"1417ffdd-9015-45ff-a921-b737f3e833d8","name":"企业账户1","username":"qiyezhanghu","password":"5fb7a2be79aa0f0a0","email":"qiye@qq.com","phone":"15101057641","company_id":"a1860b16-537c-43ca-9d2e-688426173d7f","role_id":"56c5527c-a8b0-47d4-af39-71332a5a6aa9","created_at":"2019-01-21T03:07:53.000Z","updated_at":"2019-01-22T09:43:41.000Z","url":null,"job":null,"platform":1,"area_id":"","rname":"ROLE_USER","rdescription":"企业账号","area_name":null,"company_name":"长沙平和堂五一广场店"},{"id":"191f81f9-b06a-4c10-b72d-0b520f76e723","name":"刘艳艳","username":"liuyy","password":"f13b73215b198f5cb","email":null,"phone":"15101057641","company_id":null,"role_id":"56c5527c-a8b0-47d4-af39-71332a5a6aa8","created_at":"2018-10-31T02:12:06.000Z","updated_at":"2018-11-01T10:22:44.000Z","url":null,"job":"工作人员","platform":3,"area_id":null,"rname":"ROLE_PHT","rdescription":"平和堂企业用户","area_name":null,"company_name":null},{"id":"19ad1f13-735b-4c67-abb8-505496f25f83","name":"白工","username":"baigong","password":"ec586b4fbef8d9253","email":"fiona12_01@163.com","phone":"18273192098","company_id":"143999fb-2164-422b-92d8-e222427b1231","role_id":"56c5527c-a8b0-47d4-af39-71332a5a6aa9","created_at":"2018-11-07T02:14:12.000Z","updated_at":"2018-11-07T02:14:12.000Z","url":null,"job":null,"platform":null,"area_id":null,"rname":"ROLE_USER","rdescription":"企业账号","area_name":null,"company_name":"通辽博物馆"}]}}
*************** response log end ***************

[2019-05-18T12:11:12.241] [INFO] resLogger - 
*************** response log start ***************
request method: GET
request originalUrl:  /user
request client ip:  ::ffff:127.0.0.1
request query:  {}
response time: 46
response status: 200
response body: 
{"code":200,"msg":"查询成功","data":{"count":112,"rows":[{"id":"01d01920-ecf6-4de3-a316-7aa378fd2d80","name":"王在兴","username":"changshayidong","password":"7245c46dceb170ab2","email":"zaixing.wang@bjsdzk.com","phone":"15973124679","company_id":"b484a587-2340-4397-bc8d-9520d74d6f4e","role_id":"56c5527c-a8b0-47d4-af39-71332a5a6aa9","created_at":"2019-01-17T02:30:46.000Z","updated_at":"2019-01-17T02:30:46.000Z","url":null,"job":null,"platform":null,"area_id":null,"rname":"ROLE_USER","rdescription":"企业账号","area_name":null,"company_name":"中国移动通信公司长沙分公司"},{"id":"05dc53e6-5b36-4c8c-bbd5-cab70e1d607c","name":null,"username":"kkjjjjj","password":"73afe927adb5d95cd","email":null,"phone":null,"company_id":"","role_id":"f18b6d85-b848-478e-843d-60157e8e09ae","created_at":"2019-01-18T06:42:29.000Z","updated_at":"2019-01-18T06:42:29.000Z","url":null,"job":null,"platform":1,"area_id":"3166b087-5dc4-497c-9cb6-437dea31e3a0","rname":"ROLE_PROVINCE","rdescription":"省级账号","area_name":null,"company_name":null},{"id":"0c3af58f-f571-46b7-873b-36ef62c0aefd","name":"俞乾","username":"yuqian","password":"4cc8bedefed937d3b","email":"qian.yu@bjsdzk.com","phone":"19919883264","company_id":null,"role_id":"e39b0d3d-79b0-11e8-8c8a-6c92bf234dc0","created_at":"2018-10-17T02:41:50.000Z","updated_at":"2018-11-13T06:42:27.000Z","url":null,"job":null,"platform":null,"area_id":null,"rname":"ROLE_OPERATION","rdescription":"运营账号","area_name":null,"company_name":null},{"id":"0f5a900a-5ae2-45d9-988c-881bd9e5c611","name":"","username":"province","password":"73afe927adb5d95cd","email":"","phone":"","company_id":"","role_id":"f18b6d85-b848-478e-843d-60157e8e09ae","created_at":"2019-01-21T02:01:23.000Z","updated_at":"2019-01-21T02:19:44.000Z","url":null,"job":null,"platform":1,"area_id":"d3fdd460-8802-4ae3-ac6b-debc9de63547","rname":"ROLE_PROVINCE","rdescription":"省级账号","area_name":null,"company_name":null},{"id":"0f6a8de7-ae52-4512-b65a-7d6f6da9afe3","name":"株洲优科","username":"zhuzhou","password":"1851d55b66945b9ed","email":"714693676@qq.com","phone":"13755155223","company_id":null,"role_id":"9b645f94-d31b-4845-b9bb-83c96bf06085","created_at":"2018-08-07T06:44:49.000Z","updated_at":"2018-08-29T07:07:58.000Z","url":null,"job":null,"platform":null,"area_id":null,"rname":"ROLE_DEMO","rdescription":"演示账号","area_name":null,"company_name":null},{"id":"101c3534-26c6-4992-9f6f-9729d78744bb","name":null,"username":"qewqeqeqweqweq","password":"2d68852e51a5392e0","email":null,"phone":null,"company_id":null,"role_id":"f18b6d85-b848-478e-843d-60157e8e09ae","created_at":"2019-01-17T09:05:10.000Z","updated_at":"2019-01-18T03:24:49.000Z","url":null,"job":null,"platform":1,"area_id":"0876d91b-3ecd-41c5-8d93-a58e9f3cc1c8","rname":"ROLE_PROVINCE","rdescription":"省级账号","area_name":null,"company_name":null},{"id":"12a89e60-cc74-4a6d-85d9-2baddf6d02c1","name":null,"username":"pinghetang_hunan","password":"b0559d6459206bebd","email":null,"phone":null,"company_id":null,"role_id":"9360fe5e-1c0c-4bfd-9af0-bcdadccc8edb","created_at":"2019-01-30T02:46:11.000Z","updated_at":"2019-01-30T02:46:11.000Z","url":null,"job":null,"platform":1,"area_id":null,"rname":"ROLE_PLATFORM","rdescription":"代理商账号","area_name":null,"company_name":null},{"id":"191f81f9-b06a-4c10-b72d-0b520f76e723","name":"刘艳艳","username":"liuyy","password":"f13b73215b198f5cb","email":null,"phone":"15101057641","company_id":null,"role_id":"56c5527c-a8b0-47d4-af39-71332a5a6aa8","created_at":"2018-10-31T02:12:06.000Z","updated_at":"2018-11-01T10:22:44.000Z","url":null,"job":"工作人员","platform":3,"area_id":null,"rname":"ROLE_PHT","rdescription":"平和堂企业用户","area_name":null,"company_name":null},{"id":"19ad1f13-735b-4c67-abb8-505496f25f83","name":"白工","username":"baigong","password":"ec586b4fbef8d9253","email":"fiona12_01@163.com","phone":"18273192098","company_id":"143999fb-2164-422b-92d8-e222427b1231","role_id":"56c5527c-a8b0-47d4-af39-71332a5a6aa9","created_at":"2018-11-07T02:14:12.000Z","updated_at":"2018-11-07T02:14:12.000Z","url":null,"job":null,"platform":null,"area_id":null,"rname":"ROLE_USER","rdescription":"企业账号","area_name":null,"company_name":"通辽博物馆"},{"id":"1d2432bb-ea45-42c8-a77a-75f25bef0e0a","name":"张强强","username":"zhangq","password":"","email":"zhangqq@163.com","phone":"15101057641","company_id":"daf1ac7c-44b2-4756-b490-1a9d73d82a6e","role_id":"","created_at":"2018-08-20T02:16:05.000Z","updated_at":"2018-08-20T02:18:33.000Z","url":null,"job":null,"platform":null,"area_id":null,"rname":null,"rdescription":null,"area_name":null,"company_name":"测试企业"}]}}
*************** response log end ***************

[2019-05-18T12:11:29.496] [INFO] resLogger - 
*************** response log start ***************
request method: GET
request originalUrl:  /user
request client ip:  ::ffff:127.0.0.1
request query:  {}
response time: 45
response status: 200
response body: 
{"code":200,"msg":"查询成功","data":{"count":20,"rows":[{"id":"1417ffdd-9015-45ff-a921-b737f3e833d8","name":"企业账户1","username":"qiyezhanghu","password":"5fb7a2be79aa0f0a0","email":"qiye@qq.com","phone":"15101057641","company_id":"a1860b16-537c-43ca-9d2e-688426173d7f","role_id":"56c5527c-a8b0-47d4-af39-71332a5a6aa9","created_at":"2019-01-21T03:07:53.000Z","updated_at":"2019-01-22T09:43:41.000Z","url":null,"job":null,"platform":1,"area_id":"","rname":"ROLE_USER","rdescription":"企业账号","area_name":null,"company_name":"长沙平和堂五一广场店"},{"id":"234e2de5-121a-4aba-a386-0563fcbf502b","name":"ffdsfsfdsfs","username":"111fsfsdfsfd","password":"73afe927adb5d95cd","email":"fdsfsd@fdsfdfd.com","phone":"18788787711","company_id":null,"role_id":"e39b0d3d-79b0-11e8-8c8a-6c92bf234dc0","created_at":"2019-01-17T08:56:42.000Z","updated_at":"2019-01-17T08:56:42.000Z","url":null,"job":null,"platform":1,"area_id":null,"rname":"ROLE_OPERATION","rdescription":"运营账号","area_name":null,"company_name":null},{"id":"3d49fcf2-3c08-4066-8992-16f833811f78","name":"linxiaolin1","username":"yylin-4","password":"5fb7a2be79aa0f0a0","email":"linxiaolin1@qq.com","phone":"15101057641","company_id":"9d260249-2fdc-43cc-917f-03ffc2a40a3b","role_id":"56c5527c-a8b0-47d4-af39-71332a5a6aa9","created_at":"2019-01-18T08:33:37.000Z","updated_at":"2019-01-18T09:47:27.000Z","url":null,"job":null,"platform":1,"area_id":"","rname":"ROLE_USER","rdescription":"企业账号","area_name":null,"company_name":"胜顶内部测试阶段内"},{"id":"3de23f83-1c3f-4a90-855c-4febf33ef1b6","name":null,"username":"fdsfsfffsdfds","password":"73afe927adb5d95cd","email":null,"phone":null,"company_id":null,"role_id":"9360fe5e-1c0c-4bfd-9af0-bcdadccc8edb","created_at":"2019-01-18T06:42:05.000Z","updated_at":"2019-01-18T06:42:05.000Z","url":null,"job":null,"platform":1,"area_id":null,"rname":"ROLE_PLATFORM","rdescription":"代理商账号","area_name":null,"company_name":null},{"id":"3f42260d-2f5d-4f36-b1da-dc4b99d844c7","name":null,"username":"hunan","password":"067ae80c4ad41aab7","email":null,"phone":null,"company_id":"","role_id":"f18b6d85-b848-478e-843d-60157e8e09ae","created_at":"2019-01-30T03:06:12.000Z","updated_at":"2019-01-30T03:06:12.000Z","url":null,"job":null,"platform":1,"area_id":"c4a80871-3bb2-4634-a938-a731b1b4a69b","rname":"ROLE_PROVINCE","rdescription":"省级账号","area_name":null,"company_name":null},{"id":"41055ee3-1cef-420e-935d-d89cca7f991b","name":null,"username":"fdsffdfsdfd","password":"f2052d74510f55309","email":null,"phone":null,"company_id":null,"role_id":"9360fe5e-1c0c-4bfd-9af0-bcdadccc8edb","created_at":"2019-01-15T08:25:07.000Z","updated_at":"2019-01-15T08:25:07.000Z","url":null,"job":null,"platform":1,"area_id":null,"rname":"ROLE_PLATFORM","rdescription":"代理商账号","area_name":null,"company_name":null},{"id":"420a637f-4d24-41f4-9234-8b1c9e95ba95","name":"林大林1","username":"yylin-1","password":"5fb7a2be79aa0f0a0","email":"lindalin1@qq.com","phone":"15101057641","company_id":"","role_id":"e39b0d3d-79b0-11e8-8c8a-6c92bf234dc0","created_at":"2019-01-18T08:17:44.000Z","updated_at":"2019-01-18T08:18:22.000Z","url":null,"job":null,"platform":1,"area_id":"","rname":"ROLE_OPERATION","rdescription":"运营账号","area_name":null,"company_name":null},{"id":"8a781efd-d463-4343-809a-fdd17e52932b","name":"运营12","username":"yunying1","password":"eb9c34cb18dc6dd0a","email":"yunying12@qq.com","phone":"15101057641","company_id":"","role_id":"e39b0d3d-79b0-11e8-8c8a-6c92bf234dc0","created_at":"2019-01-21T03:06:10.000Z","updated_at":"2019-01-21T03:21:26.000Z","url":null,"job":null,"platform":1,"area_id":"","rname":"ROLE_OPERATION","rdescription":"运营账号","area_name":null,"company_name":null},{"id":"8fe5c080-b094-4f32-a419-a8de4de281f6","name":"疯狂250fdsffs","username":"demo250fdfdsf","password":"894fff3fb7294c071","email":"iui@ui.com","phone":"18777988771","company_id":null,"role_id":"9b645f94-d31b-4845-b9bb-83c96bf06085","created_at":"2019-01-15T07:43:01.000Z","updated_at":"2019-01-15T07:43:24.000Z","url":null,"job":null,"platform":1,"area_id":"","rname":"ROLE_DEMO","rdescription":"演示账号","area_name":null,"company_name":null},{"id":"90b5709c-1e20-4209-879b-4672c8f392a6","name":null,"username":"hebeizongdai","password":"5fb7a2be79aa0f0a0","email":null,"phone":null,"company_id":null,"role_id":"9360fe5e-1c0c-4bfd-9af0-bcdadccc8edb","created_at":"2019-01-21T02:39:04.000Z","updated_at":"2019-01-21T02:39:04.000Z","url":null,"job":null,"platform":1,"area_id":null,"rname":"ROLE_PLATFORM","rdescription":"代理商账号","area_name":null,"company_name":null}]}}
*************** response log end ***************

[2019-05-18T12:14:00.007] [INFO] resLogger - 
*************** response log start ***************
request method: GET
request originalUrl:  /user
request client ip:  ::ffff:127.0.0.1
request query:  {}
response time: 50
response status: 200
response body: 
{"code":200,"msg":"查询成功","data":{"count":112,"rows":[{"id":"01d01920-ecf6-4de3-a316-7aa378fd2d80","name":"王在兴","username":"changshayidong","password":"7245c46dceb170ab2","email":"zaixing.wang@bjsdzk.com","phone":"15973124679","company_id":"b484a587-2340-4397-bc8d-9520d74d6f4e","role_id":"56c5527c-a8b0-47d4-af39-71332a5a6aa9","created_at":"2019-01-17T02:30:46.000Z","updated_at":"2019-01-17T02:30:46.000Z","url":null,"job":null,"platform":null,"area_id":null,"rname":"ROLE_USER","rdescription":"企业账号","area_name":null,"company_name":"中国移动通信公司长沙分公司"},{"id":"05dc53e6-5b36-4c8c-bbd5-cab70e1d607c","name":null,"username":"kkjjjjj","password":"73afe927adb5d95cd","email":null,"phone":null,"company_id":"","role_id":"f18b6d85-b848-478e-843d-60157e8e09ae","created_at":"2019-01-18T06:42:29.000Z","updated_at":"2019-01-18T06:42:29.000Z","url":null,"job":null,"platform":1,"area_id":"3166b087-5dc4-497c-9cb6-437dea31e3a0","rname":"ROLE_PROVINCE","rdescription":"省级账号","area_name":null,"company_name":null},{"id":"0c3af58f-f571-46b7-873b-36ef62c0aefd","name":"俞乾","username":"yuqian","password":"4cc8bedefed937d3b","email":"qian.yu@bjsdzk.com","phone":"19919883264","company_id":null,"role_id":"e39b0d3d-79b0-11e8-8c8a-6c92bf234dc0","created_at":"2018-10-17T02:41:50.000Z","updated_at":"2018-11-13T06:42:27.000Z","url":null,"job":null,"platform":null,"area_id":null,"rname":"ROLE_OPERATION","rdescription":"运营账号","area_name":null,"company_name":null},{"id":"0f5a900a-5ae2-45d9-988c-881bd9e5c611","name":"","username":"province","password":"73afe927adb5d95cd","email":"","phone":"","company_id":"","role_id":"f18b6d85-b848-478e-843d-60157e8e09ae","created_at":"2019-01-21T02:01:23.000Z","updated_at":"2019-01-21T02:19:44.000Z","url":null,"job":null,"platform":1,"area_id":"d3fdd460-8802-4ae3-ac6b-debc9de63547","rname":"ROLE_PROVINCE","rdescription":"省级账号","area_name":null,"company_name":null},{"id":"0f6a8de7-ae52-4512-b65a-7d6f6da9afe3","name":"株洲优科","username":"zhuzhou","password":"1851d55b66945b9ed","email":"714693676@qq.com","phone":"13755155223","company_id":null,"role_id":"9b645f94-d31b-4845-b9bb-83c96bf06085","created_at":"2018-08-07T06:44:49.000Z","updated_at":"2018-08-29T07:07:58.000Z","url":null,"job":null,"platform":null,"area_id":null,"rname":"ROLE_DEMO","rdescription":"演示账号","area_name":null,"company_name":null},{"id":"101c3534-26c6-4992-9f6f-9729d78744bb","name":null,"username":"qewqeqeqweqweq","password":"2d68852e51a5392e0","email":null,"phone":null,"company_id":null,"role_id":"f18b6d85-b848-478e-843d-60157e8e09ae","created_at":"2019-01-17T09:05:10.000Z","updated_at":"2019-01-18T03:24:49.000Z","url":null,"job":null,"platform":1,"area_id":"0876d91b-3ecd-41c5-8d93-a58e9f3cc1c8","rname":"ROLE_PROVINCE","rdescription":"省级账号","area_name":null,"company_name":null},{"id":"12a89e60-cc74-4a6d-85d9-2baddf6d02c1","name":null,"username":"pinghetang_hunan","password":"b0559d6459206bebd","email":null,"phone":null,"company_id":null,"role_id":"9360fe5e-1c0c-4bfd-9af0-bcdadccc8edb","created_at":"2019-01-30T02:46:11.000Z","updated_at":"2019-01-30T02:46:11.000Z","url":null,"job":null,"platform":1,"area_id":null,"rname":"ROLE_PLATFORM","rdescription":"代理商账号","area_name":null,"company_name":null},{"id":"191f81f9-b06a-4c10-b72d-0b520f76e723","name":"刘艳艳","username":"liuyy","password":"f13b73215b198f5cb","email":null,"phone":"15101057641","company_id":null,"role_id":"56c5527c-a8b0-47d4-af39-71332a5a6aa8","created_at":"2018-10-31T02:12:06.000Z","updated_at":"2018-11-01T10:22:44.000Z","url":null,"job":"工作人员","platform":3,"area_id":null,"rname":"ROLE_PHT","rdescription":"平和堂企业用户","area_name":null,"company_name":null},{"id":"19ad1f13-735b-4c67-abb8-505496f25f83","name":"白工","username":"baigong","password":"ec586b4fbef8d9253","email":"fiona12_01@163.com","phone":"18273192098","company_id":"143999fb-2164-422b-92d8-e222427b1231","role_id":"56c5527c-a8b0-47d4-af39-71332a5a6aa9","created_at":"2018-11-07T02:14:12.000Z","updated_at":"2018-11-07T02:14:12.000Z","url":null,"job":null,"platform":null,"area_id":null,"rname":"ROLE_USER","rdescription":"企业账号","area_name":null,"company_name":"通辽博物馆"},{"id":"1d2432bb-ea45-42c8-a77a-75f25bef0e0a","name":"张强强","username":"zhangq","password":"","email":"zhangqq@163.com","phone":"15101057641","company_id":"daf1ac7c-44b2-4756-b490-1a9d73d82a6e","role_id":"","created_at":"2018-08-20T02:16:05.000Z","updated_at":"2018-08-20T02:18:33.000Z","url":null,"job":null,"platform":null,"area_id":null,"rname":null,"rdescription":null,"area_name":null,"company_name":"测试企业"}]}}
*************** response log end ***************

[2019-05-18T12:46:34.889] [INFO] resLogger - 
*************** response log start ***************
request method: GET
request originalUrl:  /user/e9d46303-83c1-4e27-bc84-75dd637e895a
request client ip:  ::ffff:127.0.0.1
request query:  {}
response time: 4
response status: 200
response body: 
"请求api/user/:id"
*************** response log end ***************

[2019-05-18T12:47:10.189] [INFO] resLogger - 
*************** response log start ***************
request method: GET
request originalUrl:  /user/e9d46303-83c1-4e27-bc84-75dd637e895a
request client ip:  ::ffff:127.0.0.1
request query:  {}
response time: 4
response status: 404
response body: 
undefined
*************** response log end ***************

[2019-05-18T12:47:13.269] [INFO] resLogger - 
*************** response log start ***************
request method: GET
request originalUrl:  /user/e9d46303-83c1-4e27-bc84-75dd637e895a
request client ip:  ::ffff:127.0.0.1
request query:  {}
response time: 0
response status: 404
response body: 
undefined
*************** response log end ***************

[2019-05-18T12:47:34.705] [INFO] resLogger - 
*************** response log start ***************
request method: GET
request originalUrl:  /user/e9d46303-83c1-4e27-bc84-75dd637e895a
request client ip:  ::ffff:127.0.0.1
request query:  {}
response time: 4
response status: 404
response body: 
undefined
*************** response log end ***************

[2019-05-18T12:48:03.982] [INFO] resLogger - 
*************** response log start ***************
request method: GET
request originalUrl:  /user/e9d46303-83c1-4e27-bc84-75dd637e895a
request client ip:  ::ffff:127.0.0.1
request query:  {}
response time: 3
response status: 404
response body: 
undefined
*************** response log end ***************

[2019-05-18T12:50:16.569] [INFO] resLogger - 
*************** response log start ***************
request method: GET
request originalUrl:  /user/e9d46303-83c1-4e27-bc84-75dd637e895a
request client ip:  ::ffff:127.0.0.1
request query:  {}
response time: 5
response status: 200
response body: 
{"code":200}
*************** response log end ***************

[2019-05-18T12:52:25.371] [INFO] resLogger - 
*************** response log start ***************
request method: GET
request originalUrl:  /user/e9d46303-83c1-4e27-bc84-75dd637e895a
request client ip:  ::ffff:127.0.0.1
request query:  {}
response time: 37
response status: 200
response body: 
{"code":200,"data":{"id":"e9d46303-83c1-4e27-bc84-75dd637e895a","name":"刘威","username":"hotblin","password":"aad831c34407654fe","email":"hotblin@162.com","phone":"18047669071","company_id":"9d260249-2fdc-43cc-917f-03ffc2a40a3b","role_id":"56c5527c-a8b0-47d4-af39-71332a5a6aa9","created_at":"2018-12-12T02:27:08.000Z","updated_at":"2018-12-12T02:27:08.000Z","url":null,"job":null,"platform":null,"area_id":null,"rname":"ROLE_USER","rdescription":"企业账号","area_name":null,"company_name":"胜顶内部测试阶段内"}}
*************** response log end ***************

