[2019-05-25T10:31:24.300] [ERROR] errorLogger - 
*************** error log start ***************
request method: POST
request originalUrl:  /business
request client ip:  ::ffff:127.0.0.1
request body: 
{"keyword":"更规范广告"}
response time: 5
err name: Error
err message: WHERE parameter "name" has invalid "undefined" value
err stack: Error: WHERE parameter "name" has invalid "undefined" value
    at MySQLQueryGenerator.whereItemQuery (/home/snowman/桌面/koa-demo/node_modules/sequelize/lib/dialects/abstract/query-generator.js:2059:13)
    at Utils.getComplexKeys.forEach.prop (/home/snowman/桌面/koa-demo/node_modules/sequelize/lib/dialects/abstract/query-generator.js:2048:25)
    at Array.forEach (<anonymous>)
    at MySQLQueryGenerator.whereItemsQuery (/home/snowman/桌面/koa-demo/node_modules/sequelize/lib/dialects/abstract/query-generator.js:2046:35)
    at MySQLQueryGenerator.getWhereConditions (/home/snowman/桌面/koa-demo/node_modules/sequelize/lib/dialects/abstract/query-generator.js:2458:19)
    at MySQLQueryGenerator.selectQuery (/home/snowman/桌面/koa-demo/node_modules/sequelize/lib/dialects/abstract/query-generator.js:1279:28)
    at QueryInterface.select (/home/snowman/桌面/koa-demo/node_modules/sequelize/lib/query-interface.js:1120:27)
    at Promise.try.then.then.then (/home/snowman/桌面/koa-demo/node_modules/sequelize/lib/model.js:1748:34)
    at tryCatcher (/home/snowman/桌面/koa-demo/node_modules/bluebird/js/release/util.js:16:23)
    at Promise._settlePromiseFromHandler (/home/snowman/桌面/koa-demo/node_modules/bluebird/js/release/promise.js:512:31)
    at Promise._settlePromise (/home/snowman/桌面/koa-demo/node_modules/bluebird/js/release/promise.js:569:18)
    at Promise._settlePromise0 (/home/snowman/桌面/koa-demo/node_modules/bluebird/js/release/promise.js:614:10)
    at Promise._settlePromises (/home/snowman/桌面/koa-demo/node_modules/bluebird/js/release/promise.js:694:18)
    at _drainQueueStep (/home/snowman/桌面/koa-demo/node_modules/bluebird/js/release/async.js:138:12)
    at _drainQueue (/home/snowman/桌面/koa-demo/node_modules/bluebird/js/release/async.js:131:9)
    at Async._drainQueues (/home/snowman/桌面/koa-demo/node_modules/bluebird/js/release/async.js:147:5)
    at Immediate.Async.drainQueues [as _onImmediate] (/home/snowman/桌面/koa-demo/node_modules/bluebird/js/release/async.js:17:14)
    at runCallback (timers.js:694:18)
    at tryOnImmediate (timers.js:665:5)
    at processImmediate (timers.js:647:5)
*************** error log end ***************

[2019-05-25T10:38:34.858] [ERROR] errorLogger - 
*************** error log start ***************
request method: GET
request originalUrl:  /business?id=032b2ca0-7e2d-11e9-8fd8-4dca6c463b1b
request client ip:  ::ffff:127.0.0.1
request query:  {"id":"032b2ca0-7e2d-11e9-8fd8-4dca6c463b1b"}
response time: 2
err name: SyntaxError
err message: Identifier 'where' has already been declared
err stack: SyntaxError: Identifier 'where' has already been declared
    at get (/home/snowman/桌面/koa-demo/controllers/businessController.js:40:38)
    at dispatch (/home/snowman/桌面/koa-demo/node_modules/koa-router/node_modules/koa-compose/index.js:44:32)
    at next (/home/snowman/桌面/koa-demo/node_modules/koa-router/node_modules/koa-compose/index.js:45:18)
    at /home/snowman/桌面/koa-demo/node_modules/koa-router/lib/router.js:346:16
    at dispatch (/home/snowman/桌面/koa-demo/node_modules/koa-router/node_modules/koa-compose/index.js:44:32)
    at next (/home/snowman/桌面/koa-demo/node_modules/koa-router/node_modules/koa-compose/index.js:45:18)
    at allowedMethods (/home/snowman/桌面/koa-demo/node_modules/koa-router/lib/router.js:407:12)
    at dispatch (/home/snowman/桌面/koa-demo/node_modules/koa-router/node_modules/koa-compose/index.js:44:32)
    at next (/home/snowman/桌面/koa-demo/node_modules/koa-router/node_modules/koa-compose/index.js:45:18)
    at /home/snowman/桌面/koa-demo/node_modules/koa-router/lib/router.js:346:16
    at dispatch (/home/snowman/桌面/koa-demo/node_modules/koa-router/node_modules/koa-compose/index.js:44:32)
    at next (/home/snowman/桌面/koa-demo/node_modules/koa-router/node_modules/koa-compose/index.js:45:18)
    at allowedMethods (/home/snowman/桌面/koa-demo/node_modules/koa-router/lib/router.js:407:12)
    at dispatch (/home/snowman/桌面/koa-demo/node_modules/koa-router/node_modules/koa-compose/index.js:44:32)
    at next (/home/snowman/桌面/koa-demo/node_modules/koa-router/node_modules/koa-compose/index.js:45:18)
    at /home/snowman/桌面/koa-demo/node_modules/koa-router/lib/router.js:346:16
    at dispatch (/home/snowman/桌面/koa-demo/node_modules/koa-router/node_modules/koa-compose/index.js:44:32)
    at /home/snowman/桌面/koa-demo/node_modules/koa-router/node_modules/koa-compose/index.js:36:12
    at dispatch (/home/snowman/桌面/koa-demo/node_modules/koa-router/lib/router.js:351:31)
    at dispatch (/home/snowman/桌面/koa-demo/node_modules/koa-compose/index.js:42:32)
    at app.use (/home/snowman/桌面/koa-demo/app.js:62:11)
    at dispatch (/home/snowman/桌面/koa-demo/node_modules/koa-compose/index.js:42:32)
*************** error log end ***************

[2019-05-25T10:40:12.730] [ERROR] errorLogger - 
*************** error log start ***************
request method: GET
request originalUrl:  /business?id=032b2ca0-7e2d-11e9-8fd8-4dca6c463b1b
request client ip:  ::ffff:127.0.0.1
request query:  {"id":"032b2ca0-7e2d-11e9-8fd8-4dca6c463b1b"}
response time: 2
err name: ReferenceError
err message: params is not defined
err stack: ReferenceError: params is not defined
    at get (/home/snowman/桌面/koa-demo/controllers/businessController.js:42:45)
    at dispatch (/home/snowman/桌面/koa-demo/node_modules/koa-router/node_modules/koa-compose/index.js:44:32)
    at next (/home/snowman/桌面/koa-demo/node_modules/koa-router/node_modules/koa-compose/index.js:45:18)
    at /home/snowman/桌面/koa-demo/node_modules/koa-router/lib/router.js:346:16
    at dispatch (/home/snowman/桌面/koa-demo/node_modules/koa-router/node_modules/koa-compose/index.js:44:32)
    at next (/home/snowman/桌面/koa-demo/node_modules/koa-router/node_modules/koa-compose/index.js:45:18)
    at allowedMethods (/home/snowman/桌面/koa-demo/node_modules/koa-router/lib/router.js:407:12)
    at dispatch (/home/snowman/桌面/koa-demo/node_modules/koa-router/node_modules/koa-compose/index.js:44:32)
    at next (/home/snowman/桌面/koa-demo/node_modules/koa-router/node_modules/koa-compose/index.js:45:18)
    at /home/snowman/桌面/koa-demo/node_modules/koa-router/lib/router.js:346:16
    at dispatch (/home/snowman/桌面/koa-demo/node_modules/koa-router/node_modules/koa-compose/index.js:44:32)
    at next (/home/snowman/桌面/koa-demo/node_modules/koa-router/node_modules/koa-compose/index.js:45:18)
    at allowedMethods (/home/snowman/桌面/koa-demo/node_modules/koa-router/lib/router.js:407:12)
    at dispatch (/home/snowman/桌面/koa-demo/node_modules/koa-router/node_modules/koa-compose/index.js:44:32)
    at next (/home/snowman/桌面/koa-demo/node_modules/koa-router/node_modules/koa-compose/index.js:45:18)
    at /home/snowman/桌面/koa-demo/node_modules/koa-router/lib/router.js:346:16
    at dispatch (/home/snowman/桌面/koa-demo/node_modules/koa-router/node_modules/koa-compose/index.js:44:32)
    at /home/snowman/桌面/koa-demo/node_modules/koa-router/node_modules/koa-compose/index.js:36:12
    at dispatch (/home/snowman/桌面/koa-demo/node_modules/koa-router/lib/router.js:351:31)
    at dispatch (/home/snowman/桌面/koa-demo/node_modules/koa-compose/index.js:42:32)
    at app.use (/home/snowman/桌面/koa-demo/app.js:62:11)
    at dispatch (/home/snowman/桌面/koa-demo/node_modules/koa-compose/index.js:42:32)
*************** error log end ***************

[2019-05-25T10:44:23.919] [ERROR] errorLogger - 
*************** error log start ***************
request method: GET
request originalUrl:  /business?id=032b2ca0-7e2d-11e9-8fd8-4dca6c463b1b
request client ip:  ::ffff:127.0.0.1
request query:  {"id":"032b2ca0-7e2d-11e9-8fd8-4dca6c463b1b"}
response time: 3
err name: ReferenceError
err message: debug is not defined
err stack: ReferenceError: debug is not defined
    at get (/home/snowman/桌面/koa-demo/controllers/businessController.js:39:5)
    at dispatch (/home/snowman/桌面/koa-demo/node_modules/koa-router/node_modules/koa-compose/index.js:44:32)
    at next (/home/snowman/桌面/koa-demo/node_modules/koa-router/node_modules/koa-compose/index.js:45:18)
    at /home/snowman/桌面/koa-demo/node_modules/koa-router/lib/router.js:346:16
    at dispatch (/home/snowman/桌面/koa-demo/node_modules/koa-router/node_modules/koa-compose/index.js:44:32)
    at next (/home/snowman/桌面/koa-demo/node_modules/koa-router/node_modules/koa-compose/index.js:45:18)
    at allowedMethods (/home/snowman/桌面/koa-demo/node_modules/koa-router/lib/router.js:407:12)
    at dispatch (/home/snowman/桌面/koa-demo/node_modules/koa-router/node_modules/koa-compose/index.js:44:32)
    at next (/home/snowman/桌面/koa-demo/node_modules/koa-router/node_modules/koa-compose/index.js:45:18)
    at /home/snowman/桌面/koa-demo/node_modules/koa-router/lib/router.js:346:16
    at dispatch (/home/snowman/桌面/koa-demo/node_modules/koa-router/node_modules/koa-compose/index.js:44:32)
    at next (/home/snowman/桌面/koa-demo/node_modules/koa-router/node_modules/koa-compose/index.js:45:18)
    at allowedMethods (/home/snowman/桌面/koa-demo/node_modules/koa-router/lib/router.js:407:12)
    at dispatch (/home/snowman/桌面/koa-demo/node_modules/koa-router/node_modules/koa-compose/index.js:44:32)
    at next (/home/snowman/桌面/koa-demo/node_modules/koa-router/node_modules/koa-compose/index.js:45:18)
    at /home/snowman/桌面/koa-demo/node_modules/koa-router/lib/router.js:346:16
    at dispatch (/home/snowman/桌面/koa-demo/node_modules/koa-router/node_modules/koa-compose/index.js:44:32)
    at /home/snowman/桌面/koa-demo/node_modules/koa-router/node_modules/koa-compose/index.js:36:12
    at dispatch (/home/snowman/桌面/koa-demo/node_modules/koa-router/lib/router.js:351:31)
    at dispatch (/home/snowman/桌面/koa-demo/node_modules/koa-compose/index.js:42:32)
    at app.use (/home/snowman/桌面/koa-demo/app.js:62:11)
    at dispatch (/home/snowman/桌面/koa-demo/node_modules/koa-compose/index.js:42:32)
*************** error log end ***************

