[2019-05-25T11:24:46.459] [ERROR] errorLogger - 
*************** error log start ***************
request method: GET
request originalUrl:  /business
request client ip:  ::ffff:127.0.0.1
request query:  {}
response time: 13
err name: Error
err message: WHERE parameter "name" has invalid "undefined" value
err stack: Error: WHERE parameter "name" has invalid "undefined" value
    at MySQLQueryGenerator.whereItemQuery (/home/snowman/桌面/koa-demo/node_modules/sequelize/lib/dialects/abstract/query-generator.js:2059:13)
    at Utils.getComplexKeys.forEach.prop (/home/snowman/桌面/koa-demo/node_modules/sequelize/lib/dialects/abstract/query-generator.js:2048:25)
    at Array.forEach (<anonymous>)
    at MySQLQueryGenerator.whereItemsQuery (/home/snowman/桌面/koa-demo/node_modules/sequelize/lib/dialects/abstract/query-generator.js:2046:35)
    at MySQLQueryGenerator.getWhereConditions (/home/snowman/桌面/koa-demo/node_modules/sequelize/lib/dialects/abstract/query-generator.js:2458:19)
    at MySQLQueryGenerator.selectQuery (/home/snowman/桌面/koa-demo/node_modules/sequelize/lib/dialects/abstract/query-generator.js:1279:28)
    at QueryInterface.select (/home/snowman/桌面/koa-demo/node_modules/sequelize/lib/query-interface.js:1120:27)
    at Promise.try.then.then.then (/home/snowman/桌面/koa-demo/node_modules/sequelize/lib/model.js:1748:34)
    at tryCatcher (/home/snowman/桌面/koa-demo/node_modules/bluebird/js/release/util.js:16:23)
    at Promise._settlePromiseFromHandler (/home/snowman/桌面/koa-demo/node_modules/bluebird/js/release/promise.js:512:31)
    at Promise._settlePromise (/home/snowman/桌面/koa-demo/node_modules/bluebird/js/release/promise.js:569:18)
    at Promise._settlePromise0 (/home/snowman/桌面/koa-demo/node_modules/bluebird/js/release/promise.js:614:10)
    at Promise._settlePromises (/home/snowman/桌面/koa-demo/node_modules/bluebird/js/release/promise.js:694:18)
    at _drainQueueStep (/home/snowman/桌面/koa-demo/node_modules/bluebird/js/release/async.js:138:12)
    at _drainQueue (/home/snowman/桌面/koa-demo/node_modules/bluebird/js/release/async.js:131:9)
    at Async._drainQueues (/home/snowman/桌面/koa-demo/node_modules/bluebird/js/release/async.js:147:5)
    at Immediate.Async.drainQueues [as _onImmediate] (/home/snowman/桌面/koa-demo/node_modules/bluebird/js/release/async.js:17:14)
    at runCallback (timers.js:694:18)
    at tryOnImmediate (timers.js:665:5)
    at processImmediate (timers.js:647:5)
*************** error log end ***************

[2019-05-25T11:25:17.001] [ERROR] errorLogger - 
*************** error log start ***************
request method: GET
request originalUrl:  /business
request client ip:  ::ffff:127.0.0.1
request query:  {}
response time: 8
err name: Error
err message: WHERE parameter "name" has invalid "undefined" value
err stack: Error: WHERE parameter "name" has invalid "undefined" value
    at MySQLQueryGenerator.whereItemQuery (/home/snowman/桌面/koa-demo/node_modules/sequelize/lib/dialects/abstract/query-generator.js:2059:13)
    at Utils.getComplexKeys.forEach.prop (/home/snowman/桌面/koa-demo/node_modules/sequelize/lib/dialects/abstract/query-generator.js:2048:25)
    at Array.forEach (<anonymous>)
    at MySQLQueryGenerator.whereItemsQuery (/home/snowman/桌面/koa-demo/node_modules/sequelize/lib/dialects/abstract/query-generator.js:2046:35)
    at MySQLQueryGenerator.getWhereConditions (/home/snowman/桌面/koa-demo/node_modules/sequelize/lib/dialects/abstract/query-generator.js:2458:19)
    at MySQLQueryGenerator.selectQuery (/home/snowman/桌面/koa-demo/node_modules/sequelize/lib/dialects/abstract/query-generator.js:1279:28)
    at QueryInterface.select (/home/snowman/桌面/koa-demo/node_modules/sequelize/lib/query-interface.js:1120:27)
    at Promise.try.then.then.then (/home/snowman/桌面/koa-demo/node_modules/sequelize/lib/model.js:1748:34)
    at tryCatcher (/home/snowman/桌面/koa-demo/node_modules/bluebird/js/release/util.js:16:23)
    at Promise._settlePromiseFromHandler (/home/snowman/桌面/koa-demo/node_modules/bluebird/js/release/promise.js:512:31)
    at Promise._settlePromise (/home/snowman/桌面/koa-demo/node_modules/bluebird/js/release/promise.js:569:18)
    at Promise._settlePromise0 (/home/snowman/桌面/koa-demo/node_modules/bluebird/js/release/promise.js:614:10)
    at Promise._settlePromises (/home/snowman/桌面/koa-demo/node_modules/bluebird/js/release/promise.js:694:18)
    at _drainQueueStep (/home/snowman/桌面/koa-demo/node_modules/bluebird/js/release/async.js:138:12)
    at _drainQueue (/home/snowman/桌面/koa-demo/node_modules/bluebird/js/release/async.js:131:9)
    at Async._drainQueues (/home/snowman/桌面/koa-demo/node_modules/bluebird/js/release/async.js:147:5)
    at Immediate.Async.drainQueues [as _onImmediate] (/home/snowman/桌面/koa-demo/node_modules/bluebird/js/release/async.js:17:14)
    at runCallback (timers.js:694:18)
    at tryOnImmediate (timers.js:665:5)
    at processImmediate (timers.js:647:5)
*************** error log end ***************

[2019-05-25T11:27:18.327] [ERROR] errorLogger - 
*************** error log start ***************
request method: GET
request originalUrl:  /business
request client ip:  ::ffff:127.0.0.1
request query:  {}
response time: 11
err name: Error
err message: WHERE parameter "name" has invalid "undefined" value
err stack: Error: WHERE parameter "name" has invalid "undefined" value
    at MySQLQueryGenerator.whereItemQuery (/home/snowman/桌面/koa-demo/node_modules/sequelize/lib/dialects/abstract/query-generator.js:2059:13)
    at Utils.getComplexKeys.forEach.prop (/home/snowman/桌面/koa-demo/node_modules/sequelize/lib/dialects/abstract/query-generator.js:2048:25)
    at Array.forEach (<anonymous>)
    at MySQLQueryGenerator.whereItemsQuery (/home/snowman/桌面/koa-demo/node_modules/sequelize/lib/dialects/abstract/query-generator.js:2046:35)
    at MySQLQueryGenerator.getWhereConditions (/home/snowman/桌面/koa-demo/node_modules/sequelize/lib/dialects/abstract/query-generator.js:2458:19)
    at MySQLQueryGenerator.selectQuery (/home/snowman/桌面/koa-demo/node_modules/sequelize/lib/dialects/abstract/query-generator.js:1279:28)
    at QueryInterface.select (/home/snowman/桌面/koa-demo/node_modules/sequelize/lib/query-interface.js:1120:27)
    at Promise.try.then.then.then (/home/snowman/桌面/koa-demo/node_modules/sequelize/lib/model.js:1748:34)
    at tryCatcher (/home/snowman/桌面/koa-demo/node_modules/bluebird/js/release/util.js:16:23)
    at Promise._settlePromiseFromHandler (/home/snowman/桌面/koa-demo/node_modules/bluebird/js/release/promise.js:512:31)
    at Promise._settlePromise (/home/snowman/桌面/koa-demo/node_modules/bluebird/js/release/promise.js:569:18)
    at Promise._settlePromise0 (/home/snowman/桌面/koa-demo/node_modules/bluebird/js/release/promise.js:614:10)
    at Promise._settlePromises (/home/snowman/桌面/koa-demo/node_modules/bluebird/js/release/promise.js:694:18)
    at _drainQueueStep (/home/snowman/桌面/koa-demo/node_modules/bluebird/js/release/async.js:138:12)
    at _drainQueue (/home/snowman/桌面/koa-demo/node_modules/bluebird/js/release/async.js:131:9)
    at Async._drainQueues (/home/snowman/桌面/koa-demo/node_modules/bluebird/js/release/async.js:147:5)
    at Immediate.Async.drainQueues [as _onImmediate] (/home/snowman/桌面/koa-demo/node_modules/bluebird/js/release/async.js:17:14)
    at runCallback (timers.js:694:18)
    at tryOnImmediate (timers.js:665:5)
    at processImmediate (timers.js:647:5)
*************** error log end ***************

[2019-05-25T11:28:53.568] [ERROR] errorLogger - 
*************** error log start ***************
request method: GET
request originalUrl:  /business?id=
request client ip:  ::ffff:127.0.0.1
request query:  {"id":""}
response time: 2
err name: Error
err message: WHERE parameter "name" has invalid "undefined" value
err stack: Error: WHERE parameter "name" has invalid "undefined" value
    at MySQLQueryGenerator.whereItemQuery (/home/snowman/桌面/koa-demo/node_modules/sequelize/lib/dialects/abstract/query-generator.js:2059:13)
    at Utils.getComplexKeys.forEach.prop (/home/snowman/桌面/koa-demo/node_modules/sequelize/lib/dialects/abstract/query-generator.js:2048:25)
    at Array.forEach (<anonymous>)
    at MySQLQueryGenerator.whereItemsQuery (/home/snowman/桌面/koa-demo/node_modules/sequelize/lib/dialects/abstract/query-generator.js:2046:35)
    at MySQLQueryGenerator.getWhereConditions (/home/snowman/桌面/koa-demo/node_modules/sequelize/lib/dialects/abstract/query-generator.js:2458:19)
    at MySQLQueryGenerator.selectQuery (/home/snowman/桌面/koa-demo/node_modules/sequelize/lib/dialects/abstract/query-generator.js:1279:28)
    at QueryInterface.select (/home/snowman/桌面/koa-demo/node_modules/sequelize/lib/query-interface.js:1120:27)
    at Promise.try.then.then.then (/home/snowman/桌面/koa-demo/node_modules/sequelize/lib/model.js:1748:34)
    at tryCatcher (/home/snowman/桌面/koa-demo/node_modules/bluebird/js/release/util.js:16:23)
    at Promise._settlePromiseFromHandler (/home/snowman/桌面/koa-demo/node_modules/bluebird/js/release/promise.js:512:31)
    at Promise._settlePromise (/home/snowman/桌面/koa-demo/node_modules/bluebird/js/release/promise.js:569:18)
    at Promise._settlePromise0 (/home/snowman/桌面/koa-demo/node_modules/bluebird/js/release/promise.js:614:10)
    at Promise._settlePromises (/home/snowman/桌面/koa-demo/node_modules/bluebird/js/release/promise.js:694:18)
    at _drainQueueStep (/home/snowman/桌面/koa-demo/node_modules/bluebird/js/release/async.js:138:12)
    at _drainQueue (/home/snowman/桌面/koa-demo/node_modules/bluebird/js/release/async.js:131:9)
    at Async._drainQueues (/home/snowman/桌面/koa-demo/node_modules/bluebird/js/release/async.js:147:5)
    at Immediate.Async.drainQueues [as _onImmediate] (/home/snowman/桌面/koa-demo/node_modules/bluebird/js/release/async.js:17:14)
    at runCallback (timers.js:694:18)
    at tryOnImmediate (timers.js:665:5)
    at processImmediate (timers.js:647:5)
*************** error log end ***************

[2019-05-25T11:35:48.274] [ERROR] errorLogger - 
*************** error log start ***************
request method: GET
request originalUrl:  /business?pageInfo=%7Bsize:20%7D
request client ip:  ::ffff:127.0.0.1
request query:  {"pageInfo":"{size:20}"}
response time: 3
err name: ReferenceError
err message: ctxr is not defined
err stack: ReferenceError: ctxr is not defined
    at get (/home/snowman/桌面/koa-demo/controllers/businessController.js:45:17)
    at dispatch (/home/snowman/桌面/koa-demo/node_modules/koa-router/node_modules/koa-compose/index.js:44:32)
    at next (/home/snowman/桌面/koa-demo/node_modules/koa-router/node_modules/koa-compose/index.js:45:18)
    at /home/snowman/桌面/koa-demo/node_modules/koa-router/lib/router.js:346:16
    at dispatch (/home/snowman/桌面/koa-demo/node_modules/koa-router/node_modules/koa-compose/index.js:44:32)
    at next (/home/snowman/桌面/koa-demo/node_modules/koa-router/node_modules/koa-compose/index.js:45:18)
    at allowedMethods (/home/snowman/桌面/koa-demo/node_modules/koa-router/lib/router.js:407:12)
    at dispatch (/home/snowman/桌面/koa-demo/node_modules/koa-router/node_modules/koa-compose/index.js:44:32)
    at next (/home/snowman/桌面/koa-demo/node_modules/koa-router/node_modules/koa-compose/index.js:45:18)
    at /home/snowman/桌面/koa-demo/node_modules/koa-router/lib/router.js:346:16
    at dispatch (/home/snowman/桌面/koa-demo/node_modules/koa-router/node_modules/koa-compose/index.js:44:32)
    at next (/home/snowman/桌面/koa-demo/node_modules/koa-router/node_modules/koa-compose/index.js:45:18)
    at allowedMethods (/home/snowman/桌面/koa-demo/node_modules/koa-router/lib/router.js:407:12)
    at dispatch (/home/snowman/桌面/koa-demo/node_modules/koa-router/node_modules/koa-compose/index.js:44:32)
    at next (/home/snowman/桌面/koa-demo/node_modules/koa-router/node_modules/koa-compose/index.js:45:18)
    at /home/snowman/桌面/koa-demo/node_modules/koa-router/lib/router.js:346:16
    at dispatch (/home/snowman/桌面/koa-demo/node_modules/koa-router/node_modules/koa-compose/index.js:44:32)
    at /home/snowman/桌面/koa-demo/node_modules/koa-router/node_modules/koa-compose/index.js:36:12
    at dispatch (/home/snowman/桌面/koa-demo/node_modules/koa-router/lib/router.js:351:31)
    at dispatch (/home/snowman/桌面/koa-demo/node_modules/koa-compose/index.js:42:32)
    at app.use (/home/snowman/桌面/koa-demo/app.js:62:11)
    at dispatch (/home/snowman/桌面/koa-demo/node_modules/koa-compose/index.js:42:32)
*************** error log end ***************

[2019-05-25T11:37:04.731] [ERROR] errorLogger - 
*************** error log start ***************
request method: GET
request originalUrl:  /business?pageInfo=%7Bsize:20%7D
request client ip:  ::ffff:127.0.0.1
request query:  {"pageInfo":"{size:20}"}
response time: 4
err name: SyntaxError
err message: Unexpected token s in JSON at position 1
err stack: SyntaxError: Unexpected token s in JSON at position 1
    at JSON.parse (<anonymous>)
    at get (/home/snowman/桌面/koa-demo/controllers/businessController.js:52:21)
    at dispatch (/home/snowman/桌面/koa-demo/node_modules/koa-router/node_modules/koa-compose/index.js:44:32)
    at next (/home/snowman/桌面/koa-demo/node_modules/koa-router/node_modules/koa-compose/index.js:45:18)
    at /home/snowman/桌面/koa-demo/node_modules/koa-router/lib/router.js:346:16
    at dispatch (/home/snowman/桌面/koa-demo/node_modules/koa-router/node_modules/koa-compose/index.js:44:32)
    at next (/home/snowman/桌面/koa-demo/node_modules/koa-router/node_modules/koa-compose/index.js:45:18)
    at allowedMethods (/home/snowman/桌面/koa-demo/node_modules/koa-router/lib/router.js:407:12)
    at dispatch (/home/snowman/桌面/koa-demo/node_modules/koa-router/node_modules/koa-compose/index.js:44:32)
    at next (/home/snowman/桌面/koa-demo/node_modules/koa-router/node_modules/koa-compose/index.js:45:18)
    at /home/snowman/桌面/koa-demo/node_modules/koa-router/lib/router.js:346:16
    at dispatch (/home/snowman/桌面/koa-demo/node_modules/koa-router/node_modules/koa-compose/index.js:44:32)
    at next (/home/snowman/桌面/koa-demo/node_modules/koa-router/node_modules/koa-compose/index.js:45:18)
    at allowedMethods (/home/snowman/桌面/koa-demo/node_modules/koa-router/lib/router.js:407:12)
    at dispatch (/home/snowman/桌面/koa-demo/node_modules/koa-router/node_modules/koa-compose/index.js:44:32)
    at next (/home/snowman/桌面/koa-demo/node_modules/koa-router/node_modules/koa-compose/index.js:45:18)
    at /home/snowman/桌面/koa-demo/node_modules/koa-router/lib/router.js:346:16
    at dispatch (/home/snowman/桌面/koa-demo/node_modules/koa-router/node_modules/koa-compose/index.js:44:32)
    at /home/snowman/桌面/koa-demo/node_modules/koa-router/node_modules/koa-compose/index.js:36:12
    at dispatch (/home/snowman/桌面/koa-demo/node_modules/koa-router/lib/router.js:351:31)
    at dispatch (/home/snowman/桌面/koa-demo/node_modules/koa-compose/index.js:42:32)
    at app.use (/home/snowman/桌面/koa-demo/app.js:62:11)
*************** error log end ***************

[2019-05-25T11:38:47.818] [ERROR] errorLogger - 
*************** error log start ***************
request method: GET
request originalUrl:  /business?pageInfo=%7Bsize:20%7D
request client ip:  ::ffff:127.0.0.1
request query:  {"pageInfo":"{size:20}"}
response time: 3
err name: SyntaxError
err message: Unexpected token s in JSON at position 1
err stack: SyntaxError: Unexpected token s in JSON at position 1
    at JSON.parse (<anonymous>)
    at get (/home/snowman/桌面/koa-demo/controllers/businessController.js:53:22)
    at dispatch (/home/snowman/桌面/koa-demo/node_modules/koa-router/node_modules/koa-compose/index.js:44:32)
    at next (/home/snowman/桌面/koa-demo/node_modules/koa-router/node_modules/koa-compose/index.js:45:18)
    at /home/snowman/桌面/koa-demo/node_modules/koa-router/lib/router.js:346:16
    at dispatch (/home/snowman/桌面/koa-demo/node_modules/koa-router/node_modules/koa-compose/index.js:44:32)
    at next (/home/snowman/桌面/koa-demo/node_modules/koa-router/node_modules/koa-compose/index.js:45:18)
    at allowedMethods (/home/snowman/桌面/koa-demo/node_modules/koa-router/lib/router.js:407:12)
    at dispatch (/home/snowman/桌面/koa-demo/node_modules/koa-router/node_modules/koa-compose/index.js:44:32)
    at next (/home/snowman/桌面/koa-demo/node_modules/koa-router/node_modules/koa-compose/index.js:45:18)
    at /home/snowman/桌面/koa-demo/node_modules/koa-router/lib/router.js:346:16
    at dispatch (/home/snowman/桌面/koa-demo/node_modules/koa-router/node_modules/koa-compose/index.js:44:32)
    at next (/home/snowman/桌面/koa-demo/node_modules/koa-router/node_modules/koa-compose/index.js:45:18)
    at allowedMethods (/home/snowman/桌面/koa-demo/node_modules/koa-router/lib/router.js:407:12)
    at dispatch (/home/snowman/桌面/koa-demo/node_modules/koa-router/node_modules/koa-compose/index.js:44:32)
    at next (/home/snowman/桌面/koa-demo/node_modules/koa-router/node_modules/koa-compose/index.js:45:18)
    at /home/snowman/桌面/koa-demo/node_modules/koa-router/lib/router.js:346:16
    at dispatch (/home/snowman/桌面/koa-demo/node_modules/koa-router/node_modules/koa-compose/index.js:44:32)
    at /home/snowman/桌面/koa-demo/node_modules/koa-router/node_modules/koa-compose/index.js:36:12
    at dispatch (/home/snowman/桌面/koa-demo/node_modules/koa-router/lib/router.js:351:31)
    at dispatch (/home/snowman/桌面/koa-demo/node_modules/koa-compose/index.js:42:32)
    at app.use (/home/snowman/桌面/koa-demo/app.js:62:11)
*************** error log end ***************

