[2019-05-18T13:23:12.032] [ERROR] errorLogger - 
*************** error log start ***************
request method: DELETE
request originalUrl:  /user/e9d46303-83c1-4e27-bc84-75dd637e895a
request client ip:  ::ffff:127.0.0.1
request body: 
{}
response time: 3
err name: ReferenceError
err message: deleteUser is not defined
err stack: ReferenceError: deleteUser is not defined
    at destory (/home/snowman/桌面/koa-demo/controllers/userController.js:59:18)
    at dispatch (/home/snowman/桌面/koa-demo/node_modules/koa-router/node_modules/koa-compose/index.js:44:32)
    at next (/home/snowman/桌面/koa-demo/node_modules/koa-router/node_modules/koa-compose/index.js:45:18)
    at /home/snowman/桌面/koa-demo/node_modules/koa-router/lib/router.js:346:16
    at dispatch (/home/snowman/桌面/koa-demo/node_modules/koa-router/node_modules/koa-compose/index.js:44:32)
    at next (/home/snowman/桌面/koa-demo/node_modules/koa-router/node_modules/koa-compose/index.js:45:18)
    at allowedMethods (/home/snowman/桌面/koa-demo/node_modules/koa-router/lib/router.js:407:12)
    at dispatch (/home/snowman/桌面/koa-demo/node_modules/koa-router/node_modules/koa-compose/index.js:44:32)
    at next (/home/snowman/桌面/koa-demo/node_modules/koa-router/node_modules/koa-compose/index.js:45:18)
    at /home/snowman/桌面/koa-demo/node_modules/koa-router/lib/router.js:346:16
    at dispatch (/home/snowman/桌面/koa-demo/node_modules/koa-router/node_modules/koa-compose/index.js:44:32)
    at /home/snowman/桌面/koa-demo/node_modules/koa-router/node_modules/koa-compose/index.js:36:12
    at dispatch (/home/snowman/桌面/koa-demo/node_modules/koa-router/lib/router.js:351:31)
    at dispatch (/home/snowman/桌面/koa-demo/node_modules/koa-compose/index.js:42:32)
    at app.use (/home/snowman/桌面/koa-demo/app.js:62:11)
    at dispatch (/home/snowman/桌面/koa-demo/node_modules/koa-compose/index.js:42:32)
    at logger (/home/snowman/桌面/koa-demo/node_modules/koa-logger/index.js:50:12)
    at dispatch (/home/snowman/桌面/koa-demo/node_modules/koa-compose/index.js:42:32)
    at filter (/home/snowman/桌面/koa-demo/node_modules/koa-json/index.js:25:12)
    at dispatch (/home/snowman/桌面/koa-demo/node_modules/koa-compose/index.js:42:32)
    at /home/snowman/桌面/koa-demo/node_modules/koa-body/index.js:141:14
    at process._tickCallback (internal/process/next_tick.js:68:7)
*************** error log end ***************

