[2019-05-15T16:59:25.729] [ERROR] errorLogger - 
*************** error log start ***************
request method: GET
request originalUrl:  /open/company/123
request client ip:  ::ffff:127.0.0.1
request query:  {}
response time: 1
err name: Error
err message: 123
err stack: Error: 123
    at router.get (C:\Users\snowman\Desktop\Learn\koa-demo\routes\open\company.js:11:9)
    at dispatch (C:\Users\snowman\Desktop\Learn\koa-demo\node_modules\koa-router\node_modules\koa-compose\index.js:44:32)
    at next (C:\Users\snowman\Desktop\Learn\koa-demo\node_modules\koa-router\node_modules\koa-compose\index.js:45:18)
    at C:\Users\snowman\Desktop\Learn\koa-demo\node_modules\koa-router\lib\router.js:346:16
    at dispatch (C:\Users\snowman\Desktop\Learn\koa-demo\node_modules\koa-router\node_modules\koa-compose\index.js:44:32)
    at C:\Users\snowman\Desktop\Learn\koa-demo\node_modules\koa-router\node_modules\koa-compose\index.js:36:12
    at dispatch (C:\Users\snowman\Desktop\Learn\koa-demo\node_modules\koa-router\lib\router.js:351:31)
    at dispatch (C:\Users\snowman\Desktop\Learn\koa-demo\node_modules\koa-compose\index.js:42:32)
    at app.use (C:\Users\snowman\Desktop\Learn\koa-demo\app.js:59:11)
    at dispatch (C:\Users\snowman\Desktop\Learn\koa-demo\node_modules\koa-compose\index.js:42:32)
*************** error log end ***************

[2019-05-15T16:59:32.937] [ERROR] errorLogger - 
*************** error log start ***************
request method: GET
request originalUrl:  /open/company/123
request client ip:  ::ffff:127.0.0.1
request query:  {}
response time: 1
err name: Error
err message: 123
err stack: Error: 123
    at router.get (C:\Users\snowman\Desktop\Learn\koa-demo\routes\open\company.js:11:9)
    at dispatch (C:\Users\snowman\Desktop\Learn\koa-demo\node_modules\koa-router\node_modules\koa-compose\index.js:44:32)
    at next (C:\Users\snowman\Desktop\Learn\koa-demo\node_modules\koa-router\node_modules\koa-compose\index.js:45:18)
    at C:\Users\snowman\Desktop\Learn\koa-demo\node_modules\koa-router\lib\router.js:346:16
    at dispatch (C:\Users\snowman\Desktop\Learn\koa-demo\node_modules\koa-router\node_modules\koa-compose\index.js:44:32)
    at C:\Users\snowman\Desktop\Learn\koa-demo\node_modules\koa-router\node_modules\koa-compose\index.js:36:12
    at dispatch (C:\Users\snowman\Desktop\Learn\koa-demo\node_modules\koa-router\lib\router.js:351:31)
    at dispatch (C:\Users\snowman\Desktop\Learn\koa-demo\node_modules\koa-compose\index.js:42:32)
    at app.use (C:\Users\snowman\Desktop\Learn\koa-demo\app.js:59:11)
    at dispatch (C:\Users\snowman\Desktop\Learn\koa-demo\node_modules\koa-compose\index.js:42:32)
*************** error log end ***************

