[2019-05-25T12:07:20.162] [ERROR] errorLogger - 
*************** error log start ***************
request method: GET
request originalUrl:  /business?pageInfo=%7Bsize:20%7D
request client ip:  ::ffff:127.0.0.1
request query:  {"pageInfo":"{size:20}"}
response time: 3
err name: SyntaxError
err message: Unexpected token s in JSON at position 1
err stack: SyntaxError: Unexpected token s in JSON at position 1
    at JSON.parse (<anonymous>)
    at get (/home/snowman/桌面/koa-demo/controllers/businessController.js:51:22)
    at dispatch (/home/snowman/桌面/koa-demo/node_modules/koa-router/node_modules/koa-compose/index.js:44:32)
    at next (/home/snowman/桌面/koa-demo/node_modules/koa-router/node_modules/koa-compose/index.js:45:18)
    at /home/snowman/桌面/koa-demo/node_modules/koa-router/lib/router.js:346:16
    at dispatch (/home/snowman/桌面/koa-demo/node_modules/koa-router/node_modules/koa-compose/index.js:44:32)
    at next (/home/snowman/桌面/koa-demo/node_modules/koa-router/node_modules/koa-compose/index.js:45:18)
    at allowedMethods (/home/snowman/桌面/koa-demo/node_modules/koa-router/lib/router.js:407:12)
    at dispatch (/home/snowman/桌面/koa-demo/node_modules/koa-router/node_modules/koa-compose/index.js:44:32)
    at next (/home/snowman/桌面/koa-demo/node_modules/koa-router/node_modules/koa-compose/index.js:45:18)
    at /home/snowman/桌面/koa-demo/node_modules/koa-router/lib/router.js:346:16
    at dispatch (/home/snowman/桌面/koa-demo/node_modules/koa-router/node_modules/koa-compose/index.js:44:32)
    at next (/home/snowman/桌面/koa-demo/node_modules/koa-router/node_modules/koa-compose/index.js:45:18)
    at allowedMethods (/home/snowman/桌面/koa-demo/node_modules/koa-router/lib/router.js:407:12)
    at dispatch (/home/snowman/桌面/koa-demo/node_modules/koa-router/node_modules/koa-compose/index.js:44:32)
    at next (/home/snowman/桌面/koa-demo/node_modules/koa-router/node_modules/koa-compose/index.js:45:18)
    at /home/snowman/桌面/koa-demo/node_modules/koa-router/lib/router.js:346:16
    at dispatch (/home/snowman/桌面/koa-demo/node_modules/koa-router/node_modules/koa-compose/index.js:44:32)
    at /home/snowman/桌面/koa-demo/node_modules/koa-router/node_modules/koa-compose/index.js:36:12
    at dispatch (/home/snowman/桌面/koa-demo/node_modules/koa-router/lib/router.js:351:31)
    at dispatch (/home/snowman/桌面/koa-demo/node_modules/koa-compose/index.js:42:32)
    at app.use (/home/snowman/桌面/koa-demo/app.js:62:11)
*************** error log end ***************

