[2019-05-17T16:13:13.558] [ERROR] errorLogger - 
*************** error log start ***************
request method: GET
request originalUrl:  /user
request client ip:  ::ffff:127.0.0.1
request query:  {}
response time: 41
err name: SequelizeDatabaseError
err message: Unknown column 'roleId' in 'field list'
err stack: SequelizeDatabaseError: Unknown column 'roleId' in 'field list'
    at Query.formatError (C:\Users\snowman\Desktop\Learn\koa-demo\node_modules\sequelize\lib\dialects\mysql\query.js:239:16)
    at Query.handler [as onResult] (C:\Users\snowman\Desktop\Learn\koa-demo\node_modules\sequelize\lib\dialects\mysql\query.js:46:23)
    at Query.execute (C:\Users\snowman\Desktop\Learn\koa-demo\node_modules\mysql2\lib\commands\command.js:30:14)
    at Connection.handlePacket (C:\Users\snowman\Desktop\Learn\koa-demo\node_modules\mysql2\lib\connection.js:449:32)
    at PacketParser.Connection.packetParser.p [as onPacket] (C:\Users\snowman\Desktop\Learn\koa-demo\node_modules\mysql2\lib\connection.js:72:12)
    at PacketParser.executeStart (C:\Users\snowman\Desktop\Learn\koa-demo\node_modules\mysql2\lib\packet_parser.js:75:16)
    at Socket.Connection.stream.on.data (C:\Users\snowman\Desktop\Learn\koa-demo\node_modules\mysql2\lib\connection.js:79:25)
    at emitOne (events.js:116:13)
    at Socket.emit (events.js:211:7)
    at addChunk (_stream_readable.js:263:12)
    at readableAddChunk (_stream_readable.js:250:11)
    at Socket.Readable.push (_stream_readable.js:208:10)
    at TCP.onread (net.js:601:20)
*************** error log end ***************

[2019-05-17T16:18:45.927] [ERROR] errorLogger - 
*************** error log start ***************
request method: GET
request originalUrl:  /user
request client ip:  ::ffff:127.0.0.1
request query:  {}
response time: 57
err name: TypeError
err message: users.getCars is not a function
err stack: TypeError: users.getCars is not a function
    at router.get (C:\Users\snowman\Desktop\Learn\koa-demo\routes\api\router_user.js:64:27)
    at <anonymous>
*************** error log end ***************

[2019-05-17T16:20:09.496] [ERROR] errorLogger - 
*************** error log start ***************
request method: GET
request originalUrl:  /user
request client ip:  ::ffff:127.0.0.1
request query:  {}
response time: 60
err name: TypeError
err message: users.getRole is not a function
err stack: TypeError: users.getRole is not a function
    at router.get (C:\Users\snowman\Desktop\Learn\koa-demo\routes\api\router_user.js:64:27)
    at <anonymous>
*************** error log end ***************

