[2019-05-17T17:02:31.118] [ERROR] errorLogger - 
*************** error log start ***************
request method: GET
request originalUrl:  /user
request client ip:  ::ffff:127.0.0.1
request query:  {}
response time: 61
err name: ReferenceError
err message: t is not defined
err stack: ReferenceError: t is not defined
    at router.get (C:\Users\snowman\Desktop\Learn\koa-demo\routes\api\router_user.js:64:18)
    at <anonymous>
*************** error log end ***************

[2019-05-17T17:02:57.419] [ERROR] errorLogger - 
*************** error log start ***************
request method: GET
request originalUrl:  /user
request client ip:  ::ffff:127.0.0.1
request query:  {}
response time: 19
err name: ReferenceError
err message: t is not defined
err stack: ReferenceError: t is not defined
    at router.get (C:\Users\snowman\Desktop\Learn\koa-demo\routes\api\router_user.js:64:18)
    at <anonymous>
*************** error log end ***************

[2019-05-17T17:13:45.019] [ERROR] errorLogger - 
*************** error log start ***************
request method: GET
request originalUrl:  /user
request client ip:  ::ffff:127.0.0.1
request query:  {}
response time: 8
err name: SequelizeEagerLoadingError
err message: role is associated to user using an alias. You must use the 'as' keyword to specify the alias within your include statement.
err stack: SequelizeEagerLoadingError: role is associated to user using an alias. You must use the 'as' keyword to specify the alias within your include statement.
    at Function._getIncludedAssociation (C:\Users\snowman\Desktop\Learn\koa-demo\node_modules\sequelize\lib\model.js:727:13)
    at Function._validateIncludedElement (C:\Users\snowman\Desktop\Learn\koa-demo\node_modules\sequelize\lib\model.js:619:53)
    at options.include.options.include.map.include (C:\Users\snowman\Desktop\Learn\koa-demo\node_modules\sequelize\lib\model.js:516:37)
    at Array.map (<anonymous>)
    at Function._validateIncludedElements (C:\Users\snowman\Desktop\Learn\koa-demo\node_modules\sequelize\lib\model.js:511:39)
    at Promise.try.then.then (C:\Users\snowman\Desktop\Learn\koa-demo\node_modules\sequelize\lib\model.js:1716:14)
    at tryCatcher (C:\Users\snowman\Desktop\Learn\koa-demo\node_modules\bluebird\js\release\util.js:16:23)
    at Promise._settlePromiseFromHandler (C:\Users\snowman\Desktop\Learn\koa-demo\node_modules\bluebird\js\release\promise.js:512:31)
    at Promise._settlePromise (C:\Users\snowman\Desktop\Learn\koa-demo\node_modules\bluebird\js\release\promise.js:569:18)
    at Promise._settlePromise0 (C:\Users\snowman\Desktop\Learn\koa-demo\node_modules\bluebird\js\release\promise.js:614:10)
    at Promise._settlePromises (C:\Users\snowman\Desktop\Learn\koa-demo\node_modules\bluebird\js\release\promise.js:694:18)
    at _drainQueueStep (C:\Users\snowman\Desktop\Learn\koa-demo\node_modules\bluebird\js\release\async.js:138:12)
    at _drainQueue (C:\Users\snowman\Desktop\Learn\koa-demo\node_modules\bluebird\js\release\async.js:131:9)
    at Async._drainQueues (C:\Users\snowman\Desktop\Learn\koa-demo\node_modules\bluebird\js\release\async.js:147:5)
    at Immediate.Async.drainQueues (C:\Users\snowman\Desktop\Learn\koa-demo\node_modules\bluebird\js\release\async.js:17:14)
    at runCallback (timers.js:810:20)
    at tryOnImmediate (timers.js:768:5)
    at processImmediate [as _immediateCallback] (timers.js:745:5)
*************** error log end ***************

[2019-05-17T17:16:44.443] [ERROR] errorLogger - 
*************** error log start ***************
request method: GET
request originalUrl:  /user
request client ip:  ::ffff:127.0.0.1
request query:  {}
response time: 8
err name: SequelizeEagerLoadingError
err message: role is associated to user using an alias. You must use the 'as' keyword to specify the alias within your include statement.
err stack: SequelizeEagerLoadingError: role is associated to user using an alias. You must use the 'as' keyword to specify the alias within your include statement.
    at Function._getIncludedAssociation (C:\Users\snowman\Desktop\Learn\koa-demo\node_modules\sequelize\lib\model.js:727:13)
    at Function._validateIncludedElement (C:\Users\snowman\Desktop\Learn\koa-demo\node_modules\sequelize\lib\model.js:619:53)
    at options.include.options.include.map.include (C:\Users\snowman\Desktop\Learn\koa-demo\node_modules\sequelize\lib\model.js:516:37)
    at Array.map (<anonymous>)
    at Function._validateIncludedElements (C:\Users\snowman\Desktop\Learn\koa-demo\node_modules\sequelize\lib\model.js:511:39)
    at Promise.try.then.then (C:\Users\snowman\Desktop\Learn\koa-demo\node_modules\sequelize\lib\model.js:1716:14)
    at tryCatcher (C:\Users\snowman\Desktop\Learn\koa-demo\node_modules\bluebird\js\release\util.js:16:23)
    at Promise._settlePromiseFromHandler (C:\Users\snowman\Desktop\Learn\koa-demo\node_modules\bluebird\js\release\promise.js:512:31)
    at Promise._settlePromise (C:\Users\snowman\Desktop\Learn\koa-demo\node_modules\bluebird\js\release\promise.js:569:18)
    at Promise._settlePromise0 (C:\Users\snowman\Desktop\Learn\koa-demo\node_modules\bluebird\js\release\promise.js:614:10)
    at Promise._settlePromises (C:\Users\snowman\Desktop\Learn\koa-demo\node_modules\bluebird\js\release\promise.js:694:18)
    at _drainQueueStep (C:\Users\snowman\Desktop\Learn\koa-demo\node_modules\bluebird\js\release\async.js:138:12)
    at _drainQueue (C:\Users\snowman\Desktop\Learn\koa-demo\node_modules\bluebird\js\release\async.js:131:9)
    at Async._drainQueues (C:\Users\snowman\Desktop\Learn\koa-demo\node_modules\bluebird\js\release\async.js:147:5)
    at Immediate.Async.drainQueues (C:\Users\snowman\Desktop\Learn\koa-demo\node_modules\bluebird\js\release\async.js:17:14)
    at runCallback (timers.js:810:20)
    at tryOnImmediate (timers.js:768:5)
    at processImmediate [as _immediateCallback] (timers.js:745:5)
*************** error log end ***************

[2019-05-17T17:22:09.038] [ERROR] errorLogger - 
*************** error log start ***************
request method: GET
request originalUrl:  /user
request client ip:  ::ffff:127.0.0.1
request query:  {}
response time: 8
err name: SequelizeEagerLoadingError
err message: role is associated to user using an alias. You've included an alias (rname), but it does not match the alias(es) defined in your association (Role).
err stack: SequelizeEagerLoadingError: role is associated to user using an alias. You've included an alias (rname), but it does not match the alias(es) defined in your association (Role).
    at Function._getIncludedAssociation (C:\Users\snowman\Desktop\Learn\koa-demo\node_modules\sequelize\lib\model.js:724:15)
    at Function._validateIncludedElement (C:\Users\snowman\Desktop\Learn\koa-demo\node_modules\sequelize\lib\model.js:619:53)
    at options.include.options.include.map.include (C:\Users\snowman\Desktop\Learn\koa-demo\node_modules\sequelize\lib\model.js:516:37)
    at Array.map (<anonymous>)
    at Function._validateIncludedElements (C:\Users\snowman\Desktop\Learn\koa-demo\node_modules\sequelize\lib\model.js:511:39)
    at Promise.try.then.then (C:\Users\snowman\Desktop\Learn\koa-demo\node_modules\sequelize\lib\model.js:1716:14)
    at tryCatcher (C:\Users\snowman\Desktop\Learn\koa-demo\node_modules\bluebird\js\release\util.js:16:23)
    at Promise._settlePromiseFromHandler (C:\Users\snowman\Desktop\Learn\koa-demo\node_modules\bluebird\js\release\promise.js:512:31)
    at Promise._settlePromise (C:\Users\snowman\Desktop\Learn\koa-demo\node_modules\bluebird\js\release\promise.js:569:18)
    at Promise._settlePromise0 (C:\Users\snowman\Desktop\Learn\koa-demo\node_modules\bluebird\js\release\promise.js:614:10)
    at Promise._settlePromises (C:\Users\snowman\Desktop\Learn\koa-demo\node_modules\bluebird\js\release\promise.js:694:18)
    at _drainQueueStep (C:\Users\snowman\Desktop\Learn\koa-demo\node_modules\bluebird\js\release\async.js:138:12)
    at _drainQueue (C:\Users\snowman\Desktop\Learn\koa-demo\node_modules\bluebird\js\release\async.js:131:9)
    at Async._drainQueues (C:\Users\snowman\Desktop\Learn\koa-demo\node_modules\bluebird\js\release\async.js:147:5)
    at Immediate.Async.drainQueues (C:\Users\snowman\Desktop\Learn\koa-demo\node_modules\bluebird\js\release\async.js:17:14)
    at runCallback (timers.js:810:20)
    at tryOnImmediate (timers.js:768:5)
    at processImmediate [as _immediateCallback] (timers.js:745:5)
*************** error log end ***************

[2019-05-17T17:36:07.047] [ERROR] errorLogger - 
*************** error log start ***************
request method: GET
request originalUrl:  /user
request client ip:  ::ffff:127.0.0.1
request query:  {}
response time: 69
err name: TypeError
err message: t.toJSON is not a function
err stack: TypeError: t.toJSON is not a function
    at ctx.body.data.users.map.t (C:\Users\snowman\Desktop\Learn\koa-demo\routes\api\router_user.js:84:28)
    at Array.map (<anonymous>)
    at router.get (C:\Users\snowman\Desktop\Learn\koa-demo\routes\api\router_user.js:84:17)
    at <anonymous>
*************** error log end ***************

[2019-05-17T17:43:15.289] [ERROR] errorLogger - 
*************** error log start ***************
request method: GET
request originalUrl:  /user
request client ip:  ::ffff:127.0.0.1
request query:  {}
response time: 7
err name: SequelizeEagerLoadingError
err message: role is not associated to user!
err stack: SequelizeEagerLoadingError: role is not associated to user!
    at Function._getIncludedAssociation (C:\Users\snowman\Desktop\Learn\koa-demo\node_modules\sequelize\lib\model.js:715:13)
    at Function._validateIncludedElement (C:\Users\snowman\Desktop\Learn\koa-demo\node_modules\sequelize\lib\model.js:619:53)
    at options.include.options.include.map.include (C:\Users\snowman\Desktop\Learn\koa-demo\node_modules\sequelize\lib\model.js:516:37)
    at Array.map (<anonymous>)
    at Function._validateIncludedElements (C:\Users\snowman\Desktop\Learn\koa-demo\node_modules\sequelize\lib\model.js:511:39)
    at Promise.try.then.then (C:\Users\snowman\Desktop\Learn\koa-demo\node_modules\sequelize\lib\model.js:1716:14)
    at tryCatcher (C:\Users\snowman\Desktop\Learn\koa-demo\node_modules\bluebird\js\release\util.js:16:23)
    at Promise._settlePromiseFromHandler (C:\Users\snowman\Desktop\Learn\koa-demo\node_modules\bluebird\js\release\promise.js:512:31)
    at Promise._settlePromise (C:\Users\snowman\Desktop\Learn\koa-demo\node_modules\bluebird\js\release\promise.js:569:18)
    at Promise._settlePromise0 (C:\Users\snowman\Desktop\Learn\koa-demo\node_modules\bluebird\js\release\promise.js:614:10)
    at Promise._settlePromises (C:\Users\snowman\Desktop\Learn\koa-demo\node_modules\bluebird\js\release\promise.js:694:18)
    at _drainQueueStep (C:\Users\snowman\Desktop\Learn\koa-demo\node_modules\bluebird\js\release\async.js:138:12)
    at _drainQueue (C:\Users\snowman\Desktop\Learn\koa-demo\node_modules\bluebird\js\release\async.js:131:9)
    at Async._drainQueues (C:\Users\snowman\Desktop\Learn\koa-demo\node_modules\bluebird\js\release\async.js:147:5)
    at Immediate.Async.drainQueues (C:\Users\snowman\Desktop\Learn\koa-demo\node_modules\bluebird\js\release\async.js:17:14)
    at runCallback (timers.js:810:20)
    at tryOnImmediate (timers.js:768:5)
    at processImmediate [as _immediateCallback] (timers.js:745:5)
*************** error log end ***************

[2019-05-17T17:44:18.237] [ERROR] errorLogger - 
*************** error log start ***************
request method: GET
request originalUrl:  /user
request client ip:  ::ffff:127.0.0.1
request query:  {}
response time: 8
err name: SequelizeEagerLoadingError
err message: role is not associated to user!
err stack: SequelizeEagerLoadingError: role is not associated to user!
    at Function._getIncludedAssociation (C:\Users\snowman\Desktop\Learn\koa-demo\node_modules\sequelize\lib\model.js:715:13)
    at Function._validateIncludedElement (C:\Users\snowman\Desktop\Learn\koa-demo\node_modules\sequelize\lib\model.js:619:53)
    at options.include.options.include.map.include (C:\Users\snowman\Desktop\Learn\koa-demo\node_modules\sequelize\lib\model.js:516:37)
    at Array.map (<anonymous>)
    at Function._validateIncludedElements (C:\Users\snowman\Desktop\Learn\koa-demo\node_modules\sequelize\lib\model.js:511:39)
    at Promise.try.then.then (C:\Users\snowman\Desktop\Learn\koa-demo\node_modules\sequelize\lib\model.js:1716:14)
    at tryCatcher (C:\Users\snowman\Desktop\Learn\koa-demo\node_modules\bluebird\js\release\util.js:16:23)
    at Promise._settlePromiseFromHandler (C:\Users\snowman\Desktop\Learn\koa-demo\node_modules\bluebird\js\release\promise.js:512:31)
    at Promise._settlePromise (C:\Users\snowman\Desktop\Learn\koa-demo\node_modules\bluebird\js\release\promise.js:569:18)
    at Promise._settlePromise0 (C:\Users\snowman\Desktop\Learn\koa-demo\node_modules\bluebird\js\release\promise.js:614:10)
    at Promise._settlePromises (C:\Users\snowman\Desktop\Learn\koa-demo\node_modules\bluebird\js\release\promise.js:694:18)
    at _drainQueueStep (C:\Users\snowman\Desktop\Learn\koa-demo\node_modules\bluebird\js\release\async.js:138:12)
    at _drainQueue (C:\Users\snowman\Desktop\Learn\koa-demo\node_modules\bluebird\js\release\async.js:131:9)
    at Async._drainQueues (C:\Users\snowman\Desktop\Learn\koa-demo\node_modules\bluebird\js\release\async.js:147:5)
    at Immediate.Async.drainQueues (C:\Users\snowman\Desktop\Learn\koa-demo\node_modules\bluebird\js\release\async.js:17:14)
    at runCallback (timers.js:810:20)
    at tryOnImmediate (timers.js:768:5)
    at processImmediate [as _immediateCallback] (timers.js:745:5)
*************** error log end ***************

[2019-05-17T17:46:24.105] [ERROR] errorLogger - 
*************** error log start ***************
request method: GET
request originalUrl:  /user
request client ip:  ::ffff:127.0.0.1
request query:  {}
response time: 8
err name: SequelizeEagerLoadingError
err message: role is not associated to user!
err stack: SequelizeEagerLoadingError: role is not associated to user!
    at Function._getIncludedAssociation (C:\Users\snowman\Desktop\Learn\koa-demo\node_modules\sequelize\lib\model.js:715:13)
    at Function._validateIncludedElement (C:\Users\snowman\Desktop\Learn\koa-demo\node_modules\sequelize\lib\model.js:619:53)
    at options.include.options.include.map.include (C:\Users\snowman\Desktop\Learn\koa-demo\node_modules\sequelize\lib\model.js:516:37)
    at Array.map (<anonymous>)
    at Function._validateIncludedElements (C:\Users\snowman\Desktop\Learn\koa-demo\node_modules\sequelize\lib\model.js:511:39)
    at Promise.try.then.then (C:\Users\snowman\Desktop\Learn\koa-demo\node_modules\sequelize\lib\model.js:1716:14)
    at tryCatcher (C:\Users\snowman\Desktop\Learn\koa-demo\node_modules\bluebird\js\release\util.js:16:23)
    at Promise._settlePromiseFromHandler (C:\Users\snowman\Desktop\Learn\koa-demo\node_modules\bluebird\js\release\promise.js:512:31)
    at Promise._settlePromise (C:\Users\snowman\Desktop\Learn\koa-demo\node_modules\bluebird\js\release\promise.js:569:18)
    at Promise._settlePromise0 (C:\Users\snowman\Desktop\Learn\koa-demo\node_modules\bluebird\js\release\promise.js:614:10)
    at Promise._settlePromises (C:\Users\snowman\Desktop\Learn\koa-demo\node_modules\bluebird\js\release\promise.js:694:18)
    at _drainQueueStep (C:\Users\snowman\Desktop\Learn\koa-demo\node_modules\bluebird\js\release\async.js:138:12)
    at _drainQueue (C:\Users\snowman\Desktop\Learn\koa-demo\node_modules\bluebird\js\release\async.js:131:9)
    at Async._drainQueues (C:\Users\snowman\Desktop\Learn\koa-demo\node_modules\bluebird\js\release\async.js:147:5)
    at Immediate.Async.drainQueues (C:\Users\snowman\Desktop\Learn\koa-demo\node_modules\bluebird\js\release\async.js:17:14)
    at runCallback (timers.js:810:20)
    at tryOnImmediate (timers.js:768:5)
    at processImmediate [as _immediateCallback] (timers.js:745:5)
*************** error log end ***************

[2019-05-17T17:46:38.258] [ERROR] errorLogger - 
*************** error log start ***************
request method: GET
request originalUrl:  /user
request client ip:  ::ffff:127.0.0.1
request query:  {}
response time: 8
err name: SequelizeEagerLoadingError
err message: role is not associated to user!
err stack: SequelizeEagerLoadingError: role is not associated to user!
    at Function._getIncludedAssociation (C:\Users\snowman\Desktop\Learn\koa-demo\node_modules\sequelize\lib\model.js:715:13)
    at Function._validateIncludedElement (C:\Users\snowman\Desktop\Learn\koa-demo\node_modules\sequelize\lib\model.js:619:53)
    at options.include.options.include.map.include (C:\Users\snowman\Desktop\Learn\koa-demo\node_modules\sequelize\lib\model.js:516:37)
    at Array.map (<anonymous>)
    at Function._validateIncludedElements (C:\Users\snowman\Desktop\Learn\koa-demo\node_modules\sequelize\lib\model.js:511:39)
    at Promise.try.then.then (C:\Users\snowman\Desktop\Learn\koa-demo\node_modules\sequelize\lib\model.js:1716:14)
    at tryCatcher (C:\Users\snowman\Desktop\Learn\koa-demo\node_modules\bluebird\js\release\util.js:16:23)
    at Promise._settlePromiseFromHandler (C:\Users\snowman\Desktop\Learn\koa-demo\node_modules\bluebird\js\release\promise.js:512:31)
    at Promise._settlePromise (C:\Users\snowman\Desktop\Learn\koa-demo\node_modules\bluebird\js\release\promise.js:569:18)
    at Promise._settlePromise0 (C:\Users\snowman\Desktop\Learn\koa-demo\node_modules\bluebird\js\release\promise.js:614:10)
    at Promise._settlePromises (C:\Users\snowman\Desktop\Learn\koa-demo\node_modules\bluebird\js\release\promise.js:694:18)
    at _drainQueueStep (C:\Users\snowman\Desktop\Learn\koa-demo\node_modules\bluebird\js\release\async.js:138:12)
    at _drainQueue (C:\Users\snowman\Desktop\Learn\koa-demo\node_modules\bluebird\js\release\async.js:131:9)
    at Async._drainQueues (C:\Users\snowman\Desktop\Learn\koa-demo\node_modules\bluebird\js\release\async.js:147:5)
    at Immediate.Async.drainQueues (C:\Users\snowman\Desktop\Learn\koa-demo\node_modules\bluebird\js\release\async.js:17:14)
    at runCallback (timers.js:810:20)
    at tryOnImmediate (timers.js:768:5)
    at processImmediate [as _immediateCallback] (timers.js:745:5)
*************** error log end ***************

[2019-05-17T17:51:37.152] [ERROR] errorLogger - 
*************** error log start ***************
request method: GET
request originalUrl:  /user
request client ip:  ::ffff:127.0.0.1
request query:  {}
response time: 2
err name: SequelizeEagerLoadingError
err message: role is not associated to user!
err stack: SequelizeEagerLoadingError: role is not associated to user!
    at Function._getIncludedAssociation (C:\Users\snowman\Desktop\Learn\koa-demo\node_modules\sequelize\lib\model.js:715:13)
    at Function._validateIncludedElement (C:\Users\snowman\Desktop\Learn\koa-demo\node_modules\sequelize\lib\model.js:619:53)
    at options.include.options.include.map.include (C:\Users\snowman\Desktop\Learn\koa-demo\node_modules\sequelize\lib\model.js:516:37)
    at Array.map (<anonymous>)
    at Function._validateIncludedElements (C:\Users\snowman\Desktop\Learn\koa-demo\node_modules\sequelize\lib\model.js:511:39)
    at Promise.try.then.then (C:\Users\snowman\Desktop\Learn\koa-demo\node_modules\sequelize\lib\model.js:1716:14)
    at tryCatcher (C:\Users\snowman\Desktop\Learn\koa-demo\node_modules\bluebird\js\release\util.js:16:23)
    at Promise._settlePromiseFromHandler (C:\Users\snowman\Desktop\Learn\koa-demo\node_modules\bluebird\js\release\promise.js:512:31)
    at Promise._settlePromise (C:\Users\snowman\Desktop\Learn\koa-demo\node_modules\bluebird\js\release\promise.js:569:18)
    at Promise._settlePromise0 (C:\Users\snowman\Desktop\Learn\koa-demo\node_modules\bluebird\js\release\promise.js:614:10)
    at Promise._settlePromises (C:\Users\snowman\Desktop\Learn\koa-demo\node_modules\bluebird\js\release\promise.js:694:18)
    at _drainQueueStep (C:\Users\snowman\Desktop\Learn\koa-demo\node_modules\bluebird\js\release\async.js:138:12)
    at _drainQueue (C:\Users\snowman\Desktop\Learn\koa-demo\node_modules\bluebird\js\release\async.js:131:9)
    at Async._drainQueues (C:\Users\snowman\Desktop\Learn\koa-demo\node_modules\bluebird\js\release\async.js:147:5)
    at Immediate.Async.drainQueues (C:\Users\snowman\Desktop\Learn\koa-demo\node_modules\bluebird\js\release\async.js:17:14)
    at runCallback (timers.js:810:20)
    at tryOnImmediate (timers.js:768:5)
    at processImmediate [as _immediateCallback] (timers.js:745:5)
*************** error log end ***************

[2019-05-17T17:51:40.184] [ERROR] errorLogger - 
*************** error log start ***************
request method: GET
request originalUrl:  /user
request client ip:  ::ffff:127.0.0.1
request query:  {}
response time: 7
err name: SequelizeEagerLoadingError
err message: role is associated to user using an alias. You've included an alias (rname), but it does not match the alias(es) defined in your association (role).
err stack: SequelizeEagerLoadingError: role is associated to user using an alias. You've included an alias (rname), but it does not match the alias(es) defined in your association (role).
    at Function._getIncludedAssociation (C:\Users\snowman\Desktop\Learn\koa-demo\node_modules\sequelize\lib\model.js:724:15)
    at Function._validateIncludedElement (C:\Users\snowman\Desktop\Learn\koa-demo\node_modules\sequelize\lib\model.js:619:53)
    at options.include.options.include.map.include (C:\Users\snowman\Desktop\Learn\koa-demo\node_modules\sequelize\lib\model.js:516:37)
    at Array.map (<anonymous>)
    at Function._validateIncludedElements (C:\Users\snowman\Desktop\Learn\koa-demo\node_modules\sequelize\lib\model.js:511:39)
    at Promise.try.then.then (C:\Users\snowman\Desktop\Learn\koa-demo\node_modules\sequelize\lib\model.js:1716:14)
    at tryCatcher (C:\Users\snowman\Desktop\Learn\koa-demo\node_modules\bluebird\js\release\util.js:16:23)
    at Promise._settlePromiseFromHandler (C:\Users\snowman\Desktop\Learn\koa-demo\node_modules\bluebird\js\release\promise.js:512:31)
    at Promise._settlePromise (C:\Users\snowman\Desktop\Learn\koa-demo\node_modules\bluebird\js\release\promise.js:569:18)
    at Promise._settlePromise0 (C:\Users\snowman\Desktop\Learn\koa-demo\node_modules\bluebird\js\release\promise.js:614:10)
    at Promise._settlePromises (C:\Users\snowman\Desktop\Learn\koa-demo\node_modules\bluebird\js\release\promise.js:694:18)
    at _drainQueueStep (C:\Users\snowman\Desktop\Learn\koa-demo\node_modules\bluebird\js\release\async.js:138:12)
    at _drainQueue (C:\Users\snowman\Desktop\Learn\koa-demo\node_modules\bluebird\js\release\async.js:131:9)
    at Async._drainQueues (C:\Users\snowman\Desktop\Learn\koa-demo\node_modules\bluebird\js\release\async.js:147:5)
    at Immediate.Async.drainQueues (C:\Users\snowman\Desktop\Learn\koa-demo\node_modules\bluebird\js\release\async.js:17:14)
    at runCallback (timers.js:810:20)
    at tryOnImmediate (timers.js:768:5)
    at processImmediate [as _immediateCallback] (timers.js:745:5)
*************** error log end ***************

