[2019-05-17T15:00:22.520] [ERROR] errorLogger - 
*************** error log start ***************
request method: GET
request originalUrl:  /user
request client ip:  ::ffff:127.0.0.1
request query:  {}
response time: 10
err name: Error
err message: Invalid value { '$like': '%admin' }
err stack: Error: Invalid value { '$like': '%admin' }
    at Object.escape (C:\Users\snowman\Desktop\Learn\koa-demo\node_modules\sequelize\lib\sql-string.js:65:11)
    at MySQLQueryGenerator.escape (C:\Users\snowman\Desktop\Learn\koa-demo\node_modules\sequelize\lib\dialects\abstract\query-generator.js:964:22)
    at MySQLQueryGenerator._whereParseSingleValueObject (C:\Users\snowman\Desktop\Learn\koa-demo\node_modules\sequelize\lib\dialects\abstract\query-generator.js:2431:41)
    at MySQLQueryGenerator.whereItemQuery (C:\Users\snowman\Desktop\Learn\koa-demo\node_modules\sequelize\lib\dialects\abstract\query-generator.js:2149:19)
    at Utils.getComplexKeys.forEach.prop (C:\Users\snowman\Desktop\Learn\koa-demo\node_modules\sequelize\lib\dialects\abstract\query-generator.js:2048:25)
    at Array.forEach (<anonymous>)
    at MySQLQueryGenerator.whereItemsQuery (C:\Users\snowman\Desktop\Learn\koa-demo\node_modules\sequelize\lib\dialects\abstract\query-generator.js:2046:35)
    at MySQLQueryGenerator.getWhereConditions (C:\Users\snowman\Desktop\Learn\koa-demo\node_modules\sequelize\lib\dialects\abstract\query-generator.js:2458:19)
    at MySQLQueryGenerator.selectQuery (C:\Users\snowman\Desktop\Learn\koa-demo\node_modules\sequelize\lib\dialects\abstract\query-generator.js:1279:28)
    at QueryInterface.select (C:\Users\snowman\Desktop\Learn\koa-demo\node_modules\sequelize\lib\query-interface.js:1120:27)
    at Promise.try.then.then.then (C:\Users\snowman\Desktop\Learn\koa-demo\node_modules\sequelize\lib\model.js:1748:34)
    at tryCatcher (C:\Users\snowman\Desktop\Learn\koa-demo\node_modules\bluebird\js\release\util.js:16:23)
    at Promise._settlePromiseFromHandler (C:\Users\snowman\Desktop\Learn\koa-demo\node_modules\bluebird\js\release\promise.js:512:31)
    at Promise._settlePromise (C:\Users\snowman\Desktop\Learn\koa-demo\node_modules\bluebird\js\release\promise.js:569:18)
    at Promise._settlePromise0 (C:\Users\snowman\Desktop\Learn\koa-demo\node_modules\bluebird\js\release\promise.js:614:10)
    at Promise._settlePromises (C:\Users\snowman\Desktop\Learn\koa-demo\node_modules\bluebird\js\release\promise.js:694:18)
    at _drainQueueStep (C:\Users\snowman\Desktop\Learn\koa-demo\node_modules\bluebird\js\release\async.js:138:12)
    at _drainQueue (C:\Users\snowman\Desktop\Learn\koa-demo\node_modules\bluebird\js\release\async.js:131:9)
    at Async._drainQueues (C:\Users\snowman\Desktop\Learn\koa-demo\node_modules\bluebird\js\release\async.js:147:5)
    at Immediate.Async.drainQueues (C:\Users\snowman\Desktop\Learn\koa-demo\node_modules\bluebird\js\release\async.js:17:14)
    at runCallback (timers.js:810:20)
    at tryOnImmediate (timers.js:768:5)
*************** error log end ***************

[2019-05-17T15:01:27.317] [ERROR] errorLogger - 
*************** error log start ***************
request method: GET
request originalUrl:  /user
request client ip:  ::ffff:127.0.0.1
request query:  {}
response time: 11
err name: Error
err message: Invalid value { '$like': 'admin%' }
err stack: Error: Invalid value { '$like': 'admin%' }
    at Object.escape (C:\Users\snowman\Desktop\Learn\koa-demo\node_modules\sequelize\lib\sql-string.js:65:11)
    at MySQLQueryGenerator.escape (C:\Users\snowman\Desktop\Learn\koa-demo\node_modules\sequelize\lib\dialects\abstract\query-generator.js:964:22)
    at MySQLQueryGenerator._whereParseSingleValueObject (C:\Users\snowman\Desktop\Learn\koa-demo\node_modules\sequelize\lib\dialects\abstract\query-generator.js:2431:41)
    at MySQLQueryGenerator.whereItemQuery (C:\Users\snowman\Desktop\Learn\koa-demo\node_modules\sequelize\lib\dialects\abstract\query-generator.js:2149:19)
    at Utils.getComplexKeys.forEach.prop (C:\Users\snowman\Desktop\Learn\koa-demo\node_modules\sequelize\lib\dialects\abstract\query-generator.js:2048:25)
    at Array.forEach (<anonymous>)
    at MySQLQueryGenerator.whereItemsQuery (C:\Users\snowman\Desktop\Learn\koa-demo\node_modules\sequelize\lib\dialects\abstract\query-generator.js:2046:35)
    at MySQLQueryGenerator.getWhereConditions (C:\Users\snowman\Desktop\Learn\koa-demo\node_modules\sequelize\lib\dialects\abstract\query-generator.js:2458:19)
    at MySQLQueryGenerator.selectQuery (C:\Users\snowman\Desktop\Learn\koa-demo\node_modules\sequelize\lib\dialects\abstract\query-generator.js:1279:28)
    at QueryInterface.select (C:\Users\snowman\Desktop\Learn\koa-demo\node_modules\sequelize\lib\query-interface.js:1120:27)
    at Promise.try.then.then.then (C:\Users\snowman\Desktop\Learn\koa-demo\node_modules\sequelize\lib\model.js:1748:34)
    at tryCatcher (C:\Users\snowman\Desktop\Learn\koa-demo\node_modules\bluebird\js\release\util.js:16:23)
    at Promise._settlePromiseFromHandler (C:\Users\snowman\Desktop\Learn\koa-demo\node_modules\bluebird\js\release\promise.js:512:31)
    at Promise._settlePromise (C:\Users\snowman\Desktop\Learn\koa-demo\node_modules\bluebird\js\release\promise.js:569:18)
    at Promise._settlePromise0 (C:\Users\snowman\Desktop\Learn\koa-demo\node_modules\bluebird\js\release\promise.js:614:10)
    at Promise._settlePromises (C:\Users\snowman\Desktop\Learn\koa-demo\node_modules\bluebird\js\release\promise.js:694:18)
    at _drainQueueStep (C:\Users\snowman\Desktop\Learn\koa-demo\node_modules\bluebird\js\release\async.js:138:12)
    at _drainQueue (C:\Users\snowman\Desktop\Learn\koa-demo\node_modules\bluebird\js\release\async.js:131:9)
    at Async._drainQueues (C:\Users\snowman\Desktop\Learn\koa-demo\node_modules\bluebird\js\release\async.js:147:5)
    at Immediate.Async.drainQueues (C:\Users\snowman\Desktop\Learn\koa-demo\node_modules\bluebird\js\release\async.js:17:14)
    at runCallback (timers.js:810:20)
    at tryOnImmediate (timers.js:768:5)
*************** error log end ***************

[2019-05-17T15:02:38.951] [ERROR] errorLogger - 
*************** error log start ***************
request method: GET
request originalUrl:  /user
request client ip:  ::ffff:127.0.0.1
request query:  {}
response time: 9
err name: Error
err message: Invalid value { '$like': null }
err stack: Error: Invalid value { '$like': null }
    at Object.escape (C:\Users\snowman\Desktop\Learn\koa-demo\node_modules\sequelize\lib\sql-string.js:65:11)
    at MySQLQueryGenerator.escape (C:\Users\snowman\Desktop\Learn\koa-demo\node_modules\sequelize\lib\dialects\abstract\query-generator.js:964:22)
    at MySQLQueryGenerator._whereParseSingleValueObject (C:\Users\snowman\Desktop\Learn\koa-demo\node_modules\sequelize\lib\dialects\abstract\query-generator.js:2431:41)
    at MySQLQueryGenerator.whereItemQuery (C:\Users\snowman\Desktop\Learn\koa-demo\node_modules\sequelize\lib\dialects\abstract\query-generator.js:2149:19)
    at Utils.getComplexKeys.forEach.prop (C:\Users\snowman\Desktop\Learn\koa-demo\node_modules\sequelize\lib\dialects\abstract\query-generator.js:2048:25)
    at Array.forEach (<anonymous>)
    at MySQLQueryGenerator.whereItemsQuery (C:\Users\snowman\Desktop\Learn\koa-demo\node_modules\sequelize\lib\dialects\abstract\query-generator.js:2046:35)
    at MySQLQueryGenerator.getWhereConditions (C:\Users\snowman\Desktop\Learn\koa-demo\node_modules\sequelize\lib\dialects\abstract\query-generator.js:2458:19)
    at MySQLQueryGenerator.selectQuery (C:\Users\snowman\Desktop\Learn\koa-demo\node_modules\sequelize\lib\dialects\abstract\query-generator.js:1279:28)
    at QueryInterface.select (C:\Users\snowman\Desktop\Learn\koa-demo\node_modules\sequelize\lib\query-interface.js:1120:27)
    at Promise.try.then.then.then (C:\Users\snowman\Desktop\Learn\koa-demo\node_modules\sequelize\lib\model.js:1748:34)
    at tryCatcher (C:\Users\snowman\Desktop\Learn\koa-demo\node_modules\bluebird\js\release\util.js:16:23)
    at Promise._settlePromiseFromHandler (C:\Users\snowman\Desktop\Learn\koa-demo\node_modules\bluebird\js\release\promise.js:512:31)
    at Promise._settlePromise (C:\Users\snowman\Desktop\Learn\koa-demo\node_modules\bluebird\js\release\promise.js:569:18)
    at Promise._settlePromise0 (C:\Users\snowman\Desktop\Learn\koa-demo\node_modules\bluebird\js\release\promise.js:614:10)
    at Promise._settlePromises (C:\Users\snowman\Desktop\Learn\koa-demo\node_modules\bluebird\js\release\promise.js:694:18)
    at _drainQueueStep (C:\Users\snowman\Desktop\Learn\koa-demo\node_modules\bluebird\js\release\async.js:138:12)
    at _drainQueue (C:\Users\snowman\Desktop\Learn\koa-demo\node_modules\bluebird\js\release\async.js:131:9)
    at Async._drainQueues (C:\Users\snowman\Desktop\Learn\koa-demo\node_modules\bluebird\js\release\async.js:147:5)
    at Immediate.Async.drainQueues (C:\Users\snowman\Desktop\Learn\koa-demo\node_modules\bluebird\js\release\async.js:17:14)
    at runCallback (timers.js:810:20)
    at tryOnImmediate (timers.js:768:5)
*************** error log end ***************

[2019-05-17T15:18:52.761] [ERROR] errorLogger - 
*************** error log start ***************
request method: GET
request originalUrl:  /user
request client ip:  ::ffff:127.0.0.1
request query:  {}
response time: 11
err name: Error
err message: Invalid value { exclude: [ 'del' ] }
err stack: Error: Invalid value { exclude: [ 'del' ] }
    at Object.escape (C:\Users\snowman\Desktop\Learn\koa-demo\node_modules\sequelize\lib\sql-string.js:65:11)
    at MySQLQueryGenerator.escape (C:\Users\snowman\Desktop\Learn\koa-demo\node_modules\sequelize\lib\dialects\abstract\query-generator.js:964:22)
    at MySQLQueryGenerator._whereParseSingleValueObject (C:\Users\snowman\Desktop\Learn\koa-demo\node_modules\sequelize\lib\dialects\abstract\query-generator.js:2431:41)
    at MySQLQueryGenerator.whereItemQuery (C:\Users\snowman\Desktop\Learn\koa-demo\node_modules\sequelize\lib\dialects\abstract\query-generator.js:2149:19)
    at Utils.getComplexKeys.forEach.prop (C:\Users\snowman\Desktop\Learn\koa-demo\node_modules\sequelize\lib\dialects\abstract\query-generator.js:2048:25)
    at Array.forEach (<anonymous>)
    at MySQLQueryGenerator.whereItemsQuery (C:\Users\snowman\Desktop\Learn\koa-demo\node_modules\sequelize\lib\dialects\abstract\query-generator.js:2046:35)
    at MySQLQueryGenerator.getWhereConditions (C:\Users\snowman\Desktop\Learn\koa-demo\node_modules\sequelize\lib\dialects\abstract\query-generator.js:2458:19)
    at MySQLQueryGenerator.selectQuery (C:\Users\snowman\Desktop\Learn\koa-demo\node_modules\sequelize\lib\dialects\abstract\query-generator.js:1279:28)
    at QueryInterface.select (C:\Users\snowman\Desktop\Learn\koa-demo\node_modules\sequelize\lib\query-interface.js:1120:27)
    at Promise.try.then.then.then (C:\Users\snowman\Desktop\Learn\koa-demo\node_modules\sequelize\lib\model.js:1748:34)
    at tryCatcher (C:\Users\snowman\Desktop\Learn\koa-demo\node_modules\bluebird\js\release\util.js:16:23)
    at Promise._settlePromiseFromHandler (C:\Users\snowman\Desktop\Learn\koa-demo\node_modules\bluebird\js\release\promise.js:512:31)
    at Promise._settlePromise (C:\Users\snowman\Desktop\Learn\koa-demo\node_modules\bluebird\js\release\promise.js:569:18)
    at Promise._settlePromise0 (C:\Users\snowman\Desktop\Learn\koa-demo\node_modules\bluebird\js\release\promise.js:614:10)
    at Promise._settlePromises (C:\Users\snowman\Desktop\Learn\koa-demo\node_modules\bluebird\js\release\promise.js:694:18)
    at _drainQueueStep (C:\Users\snowman\Desktop\Learn\koa-demo\node_modules\bluebird\js\release\async.js:138:12)
    at _drainQueue (C:\Users\snowman\Desktop\Learn\koa-demo\node_modules\bluebird\js\release\async.js:131:9)
    at Async._drainQueues (C:\Users\snowman\Desktop\Learn\koa-demo\node_modules\bluebird\js\release\async.js:147:5)
    at Immediate.Async.drainQueues (C:\Users\snowman\Desktop\Learn\koa-demo\node_modules\bluebird\js\release\async.js:17:14)
    at runCallback (timers.js:810:20)
    at tryOnImmediate (timers.js:768:5)
*************** error log end ***************

[2019-05-17T15:20:58.662] [ERROR] errorLogger - 
*************** error log start ***************
request method: GET
request originalUrl:  /user
request client ip:  ::ffff:127.0.0.1
request query:  {}
response time: 3
err name: Error
err message: Invalid value { exclude: [ 'del' ] }
err stack: Error: Invalid value { exclude: [ 'del' ] }
    at Object.escape (C:\Users\snowman\Desktop\Learn\koa-demo\node_modules\sequelize\lib\sql-string.js:65:11)
    at MySQLQueryGenerator.escape (C:\Users\snowman\Desktop\Learn\koa-demo\node_modules\sequelize\lib\dialects\abstract\query-generator.js:964:22)
    at MySQLQueryGenerator._whereParseSingleValueObject (C:\Users\snowman\Desktop\Learn\koa-demo\node_modules\sequelize\lib\dialects\abstract\query-generator.js:2431:41)
    at MySQLQueryGenerator.whereItemQuery (C:\Users\snowman\Desktop\Learn\koa-demo\node_modules\sequelize\lib\dialects\abstract\query-generator.js:2149:19)
    at Utils.getComplexKeys.forEach.prop (C:\Users\snowman\Desktop\Learn\koa-demo\node_modules\sequelize\lib\dialects\abstract\query-generator.js:2048:25)
    at Array.forEach (<anonymous>)
    at MySQLQueryGenerator.whereItemsQuery (C:\Users\snowman\Desktop\Learn\koa-demo\node_modules\sequelize\lib\dialects\abstract\query-generator.js:2046:35)
    at MySQLQueryGenerator.getWhereConditions (C:\Users\snowman\Desktop\Learn\koa-demo\node_modules\sequelize\lib\dialects\abstract\query-generator.js:2458:19)
    at MySQLQueryGenerator.selectQuery (C:\Users\snowman\Desktop\Learn\koa-demo\node_modules\sequelize\lib\dialects\abstract\query-generator.js:1279:28)
    at QueryInterface.select (C:\Users\snowman\Desktop\Learn\koa-demo\node_modules\sequelize\lib\query-interface.js:1120:27)
    at Promise.try.then.then.then (C:\Users\snowman\Desktop\Learn\koa-demo\node_modules\sequelize\lib\model.js:1748:34)
    at tryCatcher (C:\Users\snowman\Desktop\Learn\koa-demo\node_modules\bluebird\js\release\util.js:16:23)
    at Promise._settlePromiseFromHandler (C:\Users\snowman\Desktop\Learn\koa-demo\node_modules\bluebird\js\release\promise.js:512:31)
    at Promise._settlePromise (C:\Users\snowman\Desktop\Learn\koa-demo\node_modules\bluebird\js\release\promise.js:569:18)
    at Promise._settlePromise0 (C:\Users\snowman\Desktop\Learn\koa-demo\node_modules\bluebird\js\release\promise.js:614:10)
    at Promise._settlePromises (C:\Users\snowman\Desktop\Learn\koa-demo\node_modules\bluebird\js\release\promise.js:694:18)
    at _drainQueueStep (C:\Users\snowman\Desktop\Learn\koa-demo\node_modules\bluebird\js\release\async.js:138:12)
    at _drainQueue (C:\Users\snowman\Desktop\Learn\koa-demo\node_modules\bluebird\js\release\async.js:131:9)
    at Async._drainQueues (C:\Users\snowman\Desktop\Learn\koa-demo\node_modules\bluebird\js\release\async.js:147:5)
    at Immediate.Async.drainQueues (C:\Users\snowman\Desktop\Learn\koa-demo\node_modules\bluebird\js\release\async.js:17:14)
    at runCallback (timers.js:810:20)
    at tryOnImmediate (timers.js:768:5)
*************** error log end ***************

[2019-05-17T15:21:07.253] [ERROR] errorLogger - 
*************** error log start ***************
request method: GET
request originalUrl:  /user
request client ip:  ::ffff:127.0.0.1
request query:  {}
response time: 9
err name: Error
err message: Invalid value { exclude: [ 'del' ] }
err stack: Error: Invalid value { exclude: [ 'del' ] }
    at Object.escape (C:\Users\snowman\Desktop\Learn\koa-demo\node_modules\sequelize\lib\sql-string.js:65:11)
    at MySQLQueryGenerator.escape (C:\Users\snowman\Desktop\Learn\koa-demo\node_modules\sequelize\lib\dialects\abstract\query-generator.js:964:22)
    at MySQLQueryGenerator._whereParseSingleValueObject (C:\Users\snowman\Desktop\Learn\koa-demo\node_modules\sequelize\lib\dialects\abstract\query-generator.js:2431:41)
    at MySQLQueryGenerator.whereItemQuery (C:\Users\snowman\Desktop\Learn\koa-demo\node_modules\sequelize\lib\dialects\abstract\query-generator.js:2149:19)
    at Utils.getComplexKeys.forEach.prop (C:\Users\snowman\Desktop\Learn\koa-demo\node_modules\sequelize\lib\dialects\abstract\query-generator.js:2048:25)
    at Array.forEach (<anonymous>)
    at MySQLQueryGenerator.whereItemsQuery (C:\Users\snowman\Desktop\Learn\koa-demo\node_modules\sequelize\lib\dialects\abstract\query-generator.js:2046:35)
    at MySQLQueryGenerator.getWhereConditions (C:\Users\snowman\Desktop\Learn\koa-demo\node_modules\sequelize\lib\dialects\abstract\query-generator.js:2458:19)
    at MySQLQueryGenerator.selectQuery (C:\Users\snowman\Desktop\Learn\koa-demo\node_modules\sequelize\lib\dialects\abstract\query-generator.js:1279:28)
    at QueryInterface.select (C:\Users\snowman\Desktop\Learn\koa-demo\node_modules\sequelize\lib\query-interface.js:1120:27)
    at Promise.try.then.then.then (C:\Users\snowman\Desktop\Learn\koa-demo\node_modules\sequelize\lib\model.js:1748:34)
    at tryCatcher (C:\Users\snowman\Desktop\Learn\koa-demo\node_modules\bluebird\js\release\util.js:16:23)
    at Promise._settlePromiseFromHandler (C:\Users\snowman\Desktop\Learn\koa-demo\node_modules\bluebird\js\release\promise.js:512:31)
    at Promise._settlePromise (C:\Users\snowman\Desktop\Learn\koa-demo\node_modules\bluebird\js\release\promise.js:569:18)
    at Promise._settlePromise0 (C:\Users\snowman\Desktop\Learn\koa-demo\node_modules\bluebird\js\release\promise.js:614:10)
    at Promise._settlePromises (C:\Users\snowman\Desktop\Learn\koa-demo\node_modules\bluebird\js\release\promise.js:694:18)
    at _drainQueueStep (C:\Users\snowman\Desktop\Learn\koa-demo\node_modules\bluebird\js\release\async.js:138:12)
    at _drainQueue (C:\Users\snowman\Desktop\Learn\koa-demo\node_modules\bluebird\js\release\async.js:131:9)
    at Async._drainQueues (C:\Users\snowman\Desktop\Learn\koa-demo\node_modules\bluebird\js\release\async.js:147:5)
    at Immediate.Async.drainQueues (C:\Users\snowman\Desktop\Learn\koa-demo\node_modules\bluebird\js\release\async.js:17:14)
    at runCallback (timers.js:810:20)
    at tryOnImmediate (timers.js:768:5)
*************** error log end ***************

[2019-05-17T15:21:33.796] [ERROR] errorLogger - 
*************** error log start ***************
request method: GET
request originalUrl:  /user
request client ip:  ::ffff:127.0.0.1
request query:  {}
response time: 67
err name: SequelizeDatabaseError
err message: Unknown column 'user.attributes' in 'where clause'
err stack: SequelizeDatabaseError: Unknown column 'user.attributes' in 'where clause'
    at Query.formatError (C:\Users\snowman\Desktop\Learn\koa-demo\node_modules\sequelize\lib\dialects\mysql\query.js:239:16)
    at Query.handler [as onResult] (C:\Users\snowman\Desktop\Learn\koa-demo\node_modules\sequelize\lib\dialects\mysql\query.js:46:23)
    at Query.execute (C:\Users\snowman\Desktop\Learn\koa-demo\node_modules\mysql2\lib\commands\command.js:30:14)
    at Connection.handlePacket (C:\Users\snowman\Desktop\Learn\koa-demo\node_modules\mysql2\lib\connection.js:449:32)
    at PacketParser.Connection.packetParser.p [as onPacket] (C:\Users\snowman\Desktop\Learn\koa-demo\node_modules\mysql2\lib\connection.js:72:12)
    at PacketParser.executeStart (C:\Users\snowman\Desktop\Learn\koa-demo\node_modules\mysql2\lib\packet_parser.js:75:16)
    at Socket.Connection.stream.on.data (C:\Users\snowman\Desktop\Learn\koa-demo\node_modules\mysql2\lib\connection.js:79:25)
    at emitOne (events.js:116:13)
    at Socket.emit (events.js:211:7)
    at addChunk (_stream_readable.js:263:12)
    at readableAddChunk (_stream_readable.js:250:11)
    at Socket.Readable.push (_stream_readable.js:208:10)
    at TCP.onread (net.js:601:20)
*************** error log end ***************

