[2019-05-24T21:27:08.600] [ERROR] errorLogger - 
*************** error log start ***************
request method: POST
request originalUrl:  /business
request client ip:  ::ffff:127.0.0.1
request body: 
{"name":"你在逗我"}
response time: 31
err name: SequelizeDatabaseError
err message: Unknown column 'createdAt' in 'field list'
err stack: SequelizeDatabaseError: Unknown column 'createdAt' in 'field list'
    at Query.formatError (/home/snowman/桌面/koa-demo/node_modules/sequelize/lib/dialects/mysql/query.js:239:16)
    at handler (/home/snowman/桌面/koa-demo/node_modules/sequelize/lib/dialects/mysql/query.js:46:23)
    at Prepare.Commands.Prepare [as onResult] (/home/snowman/桌面/koa-demo/node_modules/mysql2/lib/connection.js:636:11)
    at Prepare.execute (/home/snowman/桌面/koa-demo/node_modules/mysql2/lib/commands/command.js:30:14)
    at Connection.handlePacket (/home/snowman/桌面/koa-demo/node_modules/mysql2/lib/connection.js:449:32)
    at PacketParser.Connection.packetParser.p [as onPacket] (/home/snowman/桌面/koa-demo/node_modules/mysql2/lib/connection.js:72:12)
    at PacketParser.executeStart (/home/snowman/桌面/koa-demo/node_modules/mysql2/lib/packet_parser.js:75:16)
    at Socket.Connection.stream.on.data (/home/snowman/桌面/koa-demo/node_modules/mysql2/lib/connection.js:79:25)
    at Socket.emit (events.js:182:13)
    at addChunk (_stream_readable.js:283:12)
    at readableAddChunk (_stream_readable.js:264:11)
    at Socket.Readable.push (_stream_readable.js:219:10)
    at TCP.onStreamRead [as onread] (internal/stream_base_commons.js:94:17)
*************** error log end ***************

[2019-05-24T21:36:24.899] [ERROR] errorLogger - 
*************** error log start ***************
request method: POST
request originalUrl:  /business
request client ip:  ::ffff:127.0.0.1
request body: 
{"name":"你在逗我"}
response time: 39
err name: SequelizeDatabaseError
err message: Unknown column 'createdAt' in 'field list'
err stack: SequelizeDatabaseError: Unknown column 'createdAt' in 'field list'
    at Query.formatError (/home/snowman/桌面/koa-demo/node_modules/sequelize/lib/dialects/mysql/query.js:239:16)
    at handler (/home/snowman/桌面/koa-demo/node_modules/sequelize/lib/dialects/mysql/query.js:46:23)
    at Prepare.Commands.Prepare [as onResult] (/home/snowman/桌面/koa-demo/node_modules/mysql2/lib/connection.js:636:11)
    at Prepare.execute (/home/snowman/桌面/koa-demo/node_modules/mysql2/lib/commands/command.js:30:14)
    at Connection.handlePacket (/home/snowman/桌面/koa-demo/node_modules/mysql2/lib/connection.js:449:32)
    at PacketParser.Connection.packetParser.p [as onPacket] (/home/snowman/桌面/koa-demo/node_modules/mysql2/lib/connection.js:72:12)
    at PacketParser.executeStart (/home/snowman/桌面/koa-demo/node_modules/mysql2/lib/packet_parser.js:75:16)
    at Socket.Connection.stream.on.data (/home/snowman/桌面/koa-demo/node_modules/mysql2/lib/connection.js:79:25)
    at Socket.emit (events.js:182:13)
    at addChunk (_stream_readable.js:283:12)
    at readableAddChunk (_stream_readable.js:264:11)
    at Socket.Readable.push (_stream_readable.js:219:10)
    at TCP.onStreamRead [as onread] (internal/stream_base_commons.js:94:17)
*************** error log end ***************

[2019-05-24T21:37:07.217] [ERROR] errorLogger - 
*************** error log start ***************
request method: POST
request originalUrl:  /business
request client ip:  ::ffff:127.0.0.1
request body: 
{"name":"你在逗我"}
response time: 22
err name: SequelizeDatabaseError
err message: Unknown column 'createdAt' in 'field list'
err stack: SequelizeDatabaseError: Unknown column 'createdAt' in 'field list'
    at Query.formatError (/home/snowman/桌面/koa-demo/node_modules/sequelize/lib/dialects/mysql/query.js:239:16)
    at handler (/home/snowman/桌面/koa-demo/node_modules/sequelize/lib/dialects/mysql/query.js:46:23)
    at Prepare.Commands.Prepare [as onResult] (/home/snowman/桌面/koa-demo/node_modules/mysql2/lib/connection.js:636:11)
    at Prepare.execute (/home/snowman/桌面/koa-demo/node_modules/mysql2/lib/commands/command.js:30:14)
    at Connection.handlePacket (/home/snowman/桌面/koa-demo/node_modules/mysql2/lib/connection.js:449:32)
    at PacketParser.Connection.packetParser.p [as onPacket] (/home/snowman/桌面/koa-demo/node_modules/mysql2/lib/connection.js:72:12)
    at PacketParser.executeStart (/home/snowman/桌面/koa-demo/node_modules/mysql2/lib/packet_parser.js:75:16)
    at Socket.Connection.stream.on.data (/home/snowman/桌面/koa-demo/node_modules/mysql2/lib/connection.js:79:25)
    at Socket.emit (events.js:182:13)
    at addChunk (_stream_readable.js:283:12)
    at readableAddChunk (_stream_readable.js:264:11)
    at Socket.Readable.push (_stream_readable.js:219:10)
    at TCP.onStreamRead [as onread] (internal/stream_base_commons.js:94:17)
*************** error log end ***************

[2019-05-24T21:38:58.117] [ERROR] errorLogger - 
*************** error log start ***************
request method: POST
request originalUrl:  /business
request client ip:  ::ffff:127.0.0.1
request body: 
{"name":"你在逗我"}
response time: 28
err name: SequelizeDatabaseError
err message: Unknown column 'createdAt' in 'field list'
err stack: SequelizeDatabaseError: Unknown column 'createdAt' in 'field list'
    at Query.formatError (/home/snowman/桌面/koa-demo/node_modules/sequelize/lib/dialects/mysql/query.js:239:16)
    at handler (/home/snowman/桌面/koa-demo/node_modules/sequelize/lib/dialects/mysql/query.js:46:23)
    at Prepare.Commands.Prepare [as onResult] (/home/snowman/桌面/koa-demo/node_modules/mysql2/lib/connection.js:636:11)
    at Prepare.execute (/home/snowman/桌面/koa-demo/node_modules/mysql2/lib/commands/command.js:30:14)
    at Connection.handlePacket (/home/snowman/桌面/koa-demo/node_modules/mysql2/lib/connection.js:449:32)
    at PacketParser.Connection.packetParser.p [as onPacket] (/home/snowman/桌面/koa-demo/node_modules/mysql2/lib/connection.js:72:12)
    at PacketParser.executeStart (/home/snowman/桌面/koa-demo/node_modules/mysql2/lib/packet_parser.js:75:16)
    at Socket.Connection.stream.on.data (/home/snowman/桌面/koa-demo/node_modules/mysql2/lib/connection.js:79:25)
    at Socket.emit (events.js:182:13)
    at addChunk (_stream_readable.js:283:12)
    at readableAddChunk (_stream_readable.js:264:11)
    at Socket.Readable.push (_stream_readable.js:219:10)
    at TCP.onStreamRead [as onread] (internal/stream_base_commons.js:94:17)
*************** error log end ***************

[2019-05-24T21:40:21.232] [ERROR] errorLogger - 
*************** error log start ***************
request method: POST
request originalUrl:  /business
request client ip:  ::ffff:127.0.0.1
request body: 
{"name":"你在逗我"}
response time: 27
err name: SequelizeDatabaseError
err message: Unknown column 'createdAt' in 'field list'
err stack: SequelizeDatabaseError: Unknown column 'createdAt' in 'field list'
    at Query.formatError (/home/snowman/桌面/koa-demo/node_modules/sequelize/lib/dialects/mysql/query.js:239:16)
    at handler (/home/snowman/桌面/koa-demo/node_modules/sequelize/lib/dialects/mysql/query.js:46:23)
    at Prepare.Commands.Prepare [as onResult] (/home/snowman/桌面/koa-demo/node_modules/mysql2/lib/connection.js:636:11)
    at Prepare.execute (/home/snowman/桌面/koa-demo/node_modules/mysql2/lib/commands/command.js:30:14)
    at Connection.handlePacket (/home/snowman/桌面/koa-demo/node_modules/mysql2/lib/connection.js:449:32)
    at PacketParser.Connection.packetParser.p [as onPacket] (/home/snowman/桌面/koa-demo/node_modules/mysql2/lib/connection.js:72:12)
    at PacketParser.executeStart (/home/snowman/桌面/koa-demo/node_modules/mysql2/lib/packet_parser.js:75:16)
    at Socket.Connection.stream.on.data (/home/snowman/桌面/koa-demo/node_modules/mysql2/lib/connection.js:79:25)
    at Socket.emit (events.js:182:13)
    at addChunk (_stream_readable.js:283:12)
    at readableAddChunk (_stream_readable.js:264:11)
    at Socket.Readable.push (_stream_readable.js:219:10)
    at TCP.onStreamRead [as onread] (internal/stream_base_commons.js:94:17)
*************** error log end ***************

[2019-05-24T21:41:17.573] [ERROR] errorLogger - 
*************** error log start ***************
request method: POST
request originalUrl:  /business
request client ip:  ::ffff:127.0.0.1
request body: 
{"name":"你在逗我"}
response time: 26
err name: SequelizeDatabaseError
err message: Unknown column 'createdAt' in 'field list'
err stack: SequelizeDatabaseError: Unknown column 'createdAt' in 'field list'
    at Query.formatError (/home/snowman/桌面/koa-demo/node_modules/sequelize/lib/dialects/mysql/query.js:239:16)
    at handler (/home/snowman/桌面/koa-demo/node_modules/sequelize/lib/dialects/mysql/query.js:46:23)
    at Prepare.Commands.Prepare [as onResult] (/home/snowman/桌面/koa-demo/node_modules/mysql2/lib/connection.js:636:11)
    at Prepare.execute (/home/snowman/桌面/koa-demo/node_modules/mysql2/lib/commands/command.js:30:14)
    at Connection.handlePacket (/home/snowman/桌面/koa-demo/node_modules/mysql2/lib/connection.js:449:32)
    at PacketParser.Connection.packetParser.p [as onPacket] (/home/snowman/桌面/koa-demo/node_modules/mysql2/lib/connection.js:72:12)
    at PacketParser.executeStart (/home/snowman/桌面/koa-demo/node_modules/mysql2/lib/packet_parser.js:75:16)
    at Socket.Connection.stream.on.data (/home/snowman/桌面/koa-demo/node_modules/mysql2/lib/connection.js:79:25)
    at Socket.emit (events.js:182:13)
    at addChunk (_stream_readable.js:283:12)
    at readableAddChunk (_stream_readable.js:264:11)
    at Socket.Readable.push (_stream_readable.js:219:10)
    at TCP.onStreamRead [as onread] (internal/stream_base_commons.js:94:17)
*************** error log end ***************

[2019-05-24T21:41:33.951] [ERROR] errorLogger - 
*************** error log start ***************
request method: POST
request originalUrl:  /business
request client ip:  ::ffff:127.0.0.1
request body: 
{"name":"你在逗我"}
response time: 31
err name: SequelizeDatabaseError
err message: Unknown column 'createdAt' in 'field list'
err stack: SequelizeDatabaseError: Unknown column 'createdAt' in 'field list'
    at Query.formatError (/home/snowman/桌面/koa-demo/node_modules/sequelize/lib/dialects/mysql/query.js:239:16)
    at handler (/home/snowman/桌面/koa-demo/node_modules/sequelize/lib/dialects/mysql/query.js:46:23)
    at Prepare.Commands.Prepare [as onResult] (/home/snowman/桌面/koa-demo/node_modules/mysql2/lib/connection.js:636:11)
    at Prepare.execute (/home/snowman/桌面/koa-demo/node_modules/mysql2/lib/commands/command.js:30:14)
    at Connection.handlePacket (/home/snowman/桌面/koa-demo/node_modules/mysql2/lib/connection.js:449:32)
    at PacketParser.Connection.packetParser.p [as onPacket] (/home/snowman/桌面/koa-demo/node_modules/mysql2/lib/connection.js:72:12)
    at PacketParser.executeStart (/home/snowman/桌面/koa-demo/node_modules/mysql2/lib/packet_parser.js:75:16)
    at Socket.Connection.stream.on.data (/home/snowman/桌面/koa-demo/node_modules/mysql2/lib/connection.js:79:25)
    at Socket.emit (events.js:182:13)
    at addChunk (_stream_readable.js:283:12)
    at readableAddChunk (_stream_readable.js:264:11)
    at Socket.Readable.push (_stream_readable.js:219:10)
    at TCP.onStreamRead [as onread] (internal/stream_base_commons.js:94:17)
*************** error log end ***************

[2019-05-24T21:41:53.724] [ERROR] errorLogger - 
*************** error log start ***************
request method: POST
request originalUrl:  /business
request client ip:  ::ffff:127.0.0.1
request body: 
{"name":"你在逗我"}
response time: 28
err name: SequelizeDatabaseError
err message: Unknown column 'createdAt' in 'field list'
err stack: SequelizeDatabaseError: Unknown column 'createdAt' in 'field list'
    at Query.formatError (/home/snowman/桌面/koa-demo/node_modules/sequelize/lib/dialects/mysql/query.js:239:16)
    at handler (/home/snowman/桌面/koa-demo/node_modules/sequelize/lib/dialects/mysql/query.js:46:23)
    at Prepare.Commands.Prepare [as onResult] (/home/snowman/桌面/koa-demo/node_modules/mysql2/lib/connection.js:636:11)
    at Prepare.execute (/home/snowman/桌面/koa-demo/node_modules/mysql2/lib/commands/command.js:30:14)
    at Connection.handlePacket (/home/snowman/桌面/koa-demo/node_modules/mysql2/lib/connection.js:449:32)
    at PacketParser.Connection.packetParser.p [as onPacket] (/home/snowman/桌面/koa-demo/node_modules/mysql2/lib/connection.js:72:12)
    at PacketParser.executeStart (/home/snowman/桌面/koa-demo/node_modules/mysql2/lib/packet_parser.js:75:16)
    at Socket.Connection.stream.on.data (/home/snowman/桌面/koa-demo/node_modules/mysql2/lib/connection.js:79:25)
    at Socket.emit (events.js:182:13)
    at addChunk (_stream_readable.js:283:12)
    at readableAddChunk (_stream_readable.js:264:11)
    at Socket.Readable.push (_stream_readable.js:219:10)
    at TCP.onStreamRead [as onread] (internal/stream_base_commons.js:94:17)
*************** error log end ***************

[2019-05-24T21:45:17.425] [ERROR] errorLogger - 
*************** error log start ***************
request method: POST
request originalUrl:  /business
request client ip:  ::ffff:127.0.0.1
request body: 
{"name":"你在逗我"}
response time: 27
err name: SequelizeDatabaseError
err message: Unknown column 'createAt' in 'field list'
err stack: SequelizeDatabaseError: Unknown column 'createAt' in 'field list'
    at Query.formatError (/home/snowman/桌面/koa-demo/node_modules/sequelize/lib/dialects/mysql/query.js:239:16)
    at handler (/home/snowman/桌面/koa-demo/node_modules/sequelize/lib/dialects/mysql/query.js:46:23)
    at Prepare.Commands.Prepare [as onResult] (/home/snowman/桌面/koa-demo/node_modules/mysql2/lib/connection.js:636:11)
    at Prepare.execute (/home/snowman/桌面/koa-demo/node_modules/mysql2/lib/commands/command.js:30:14)
    at Connection.handlePacket (/home/snowman/桌面/koa-demo/node_modules/mysql2/lib/connection.js:449:32)
    at PacketParser.Connection.packetParser.p [as onPacket] (/home/snowman/桌面/koa-demo/node_modules/mysql2/lib/connection.js:72:12)
    at PacketParser.executeStart (/home/snowman/桌面/koa-demo/node_modules/mysql2/lib/packet_parser.js:75:16)
    at Socket.Connection.stream.on.data (/home/snowman/桌面/koa-demo/node_modules/mysql2/lib/connection.js:79:25)
    at Socket.emit (events.js:182:13)
    at addChunk (_stream_readable.js:283:12)
    at readableAddChunk (_stream_readable.js:264:11)
    at Socket.Readable.push (_stream_readable.js:219:10)
    at TCP.onStreamRead [as onread] (internal/stream_base_commons.js:94:17)
*************** error log end ***************

[2019-05-24T21:46:07.299] [ERROR] errorLogger - 
*************** error log start ***************
request method: POST
request originalUrl:  /business
request client ip:  ::ffff:127.0.0.1
request body: 
{"name":"你在逗我"}
response time: 37
err name: SequelizeDatabaseError
err message: Unknown column 'createdAt' in 'field list'
err stack: SequelizeDatabaseError: Unknown column 'createdAt' in 'field list'
    at Query.formatError (/home/snowman/桌面/koa-demo/node_modules/sequelize/lib/dialects/mysql/query.js:239:16)
    at handler (/home/snowman/桌面/koa-demo/node_modules/sequelize/lib/dialects/mysql/query.js:46:23)
    at Prepare.Commands.Prepare [as onResult] (/home/snowman/桌面/koa-demo/node_modules/mysql2/lib/connection.js:636:11)
    at Prepare.execute (/home/snowman/桌面/koa-demo/node_modules/mysql2/lib/commands/command.js:30:14)
    at Connection.handlePacket (/home/snowman/桌面/koa-demo/node_modules/mysql2/lib/connection.js:449:32)
    at PacketParser.Connection.packetParser.p [as onPacket] (/home/snowman/桌面/koa-demo/node_modules/mysql2/lib/connection.js:72:12)
    at PacketParser.executeStart (/home/snowman/桌面/koa-demo/node_modules/mysql2/lib/packet_parser.js:75:16)
    at Socket.Connection.stream.on.data (/home/snowman/桌面/koa-demo/node_modules/mysql2/lib/connection.js:79:25)
    at Socket.emit (events.js:182:13)
    at addChunk (_stream_readable.js:283:12)
    at readableAddChunk (_stream_readable.js:264:11)
    at Socket.Readable.push (_stream_readable.js:219:10)
    at TCP.onStreamRead [as onread] (internal/stream_base_commons.js:94:17)
*************** error log end ***************

[2019-05-24T21:48:51.094] [ERROR] errorLogger - 
*************** error log start ***************
request method: POST
request originalUrl:  /business
request client ip:  ::ffff:127.0.0.1
request body: 
{"name":"你在逗我"}
response time: 26
err name: SequelizeDatabaseError
err message: Unknown column 'createdAt' in 'field list'
err stack: SequelizeDatabaseError: Unknown column 'createdAt' in 'field list'
    at Query.formatError (/home/snowman/桌面/koa-demo/node_modules/sequelize/lib/dialects/mysql/query.js:239:16)
    at handler (/home/snowman/桌面/koa-demo/node_modules/sequelize/lib/dialects/mysql/query.js:46:23)
    at Prepare.Commands.Prepare [as onResult] (/home/snowman/桌面/koa-demo/node_modules/mysql2/lib/connection.js:636:11)
    at Prepare.execute (/home/snowman/桌面/koa-demo/node_modules/mysql2/lib/commands/command.js:30:14)
    at Connection.handlePacket (/home/snowman/桌面/koa-demo/node_modules/mysql2/lib/connection.js:449:32)
    at PacketParser.Connection.packetParser.p [as onPacket] (/home/snowman/桌面/koa-demo/node_modules/mysql2/lib/connection.js:72:12)
    at PacketParser.executeStart (/home/snowman/桌面/koa-demo/node_modules/mysql2/lib/packet_parser.js:75:16)
    at Socket.Connection.stream.on.data (/home/snowman/桌面/koa-demo/node_modules/mysql2/lib/connection.js:79:25)
    at Socket.emit (events.js:182:13)
    at addChunk (_stream_readable.js:283:12)
    at readableAddChunk (_stream_readable.js:264:11)
    at Socket.Readable.push (_stream_readable.js:219:10)
    at TCP.onStreamRead [as onread] (internal/stream_base_commons.js:94:17)
*************** error log end ***************

[2019-05-24T21:49:39.673] [ERROR] errorLogger - 
*************** error log start ***************
request method: POST
request originalUrl:  /business
request client ip:  ::ffff:127.0.0.1
request body: 
{"name":"你在逗我"}
response time: 33
err name: SequelizeDatabaseError
err message: Unknown column 'createAt' in 'field list'
err stack: SequelizeDatabaseError: Unknown column 'createAt' in 'field list'
    at Query.formatError (/home/snowman/桌面/koa-demo/node_modules/sequelize/lib/dialects/mysql/query.js:239:16)
    at handler (/home/snowman/桌面/koa-demo/node_modules/sequelize/lib/dialects/mysql/query.js:46:23)
    at Prepare.Commands.Prepare [as onResult] (/home/snowman/桌面/koa-demo/node_modules/mysql2/lib/connection.js:636:11)
    at Prepare.execute (/home/snowman/桌面/koa-demo/node_modules/mysql2/lib/commands/command.js:30:14)
    at Connection.handlePacket (/home/snowman/桌面/koa-demo/node_modules/mysql2/lib/connection.js:449:32)
    at PacketParser.Connection.packetParser.p [as onPacket] (/home/snowman/桌面/koa-demo/node_modules/mysql2/lib/connection.js:72:12)
    at PacketParser.executeStart (/home/snowman/桌面/koa-demo/node_modules/mysql2/lib/packet_parser.js:75:16)
    at Socket.Connection.stream.on.data (/home/snowman/桌面/koa-demo/node_modules/mysql2/lib/connection.js:79:25)
    at Socket.emit (events.js:182:13)
    at addChunk (_stream_readable.js:283:12)
    at readableAddChunk (_stream_readable.js:264:11)
    at Socket.Readable.push (_stream_readable.js:219:10)
    at TCP.onStreamRead [as onread] (internal/stream_base_commons.js:94:17)
*************** error log end ***************

[2019-05-24T21:50:23.131] [ERROR] errorLogger - 
*************** error log start ***************
request method: POST
request originalUrl:  /business
request client ip:  ::ffff:127.0.0.1
request body: 
{"name":"你在逗我"}
response time: 27
err name: SequelizeDatabaseError
err message: Unknown column 'createdAt' in 'field list'
err stack: SequelizeDatabaseError: Unknown column 'createdAt' in 'field list'
    at Query.formatError (/home/snowman/桌面/koa-demo/node_modules/sequelize/lib/dialects/mysql/query.js:239:16)
    at handler (/home/snowman/桌面/koa-demo/node_modules/sequelize/lib/dialects/mysql/query.js:46:23)
    at Prepare.Commands.Prepare [as onResult] (/home/snowman/桌面/koa-demo/node_modules/mysql2/lib/connection.js:636:11)
    at Prepare.execute (/home/snowman/桌面/koa-demo/node_modules/mysql2/lib/commands/command.js:30:14)
    at Connection.handlePacket (/home/snowman/桌面/koa-demo/node_modules/mysql2/lib/connection.js:449:32)
    at PacketParser.Connection.packetParser.p [as onPacket] (/home/snowman/桌面/koa-demo/node_modules/mysql2/lib/connection.js:72:12)
    at PacketParser.executeStart (/home/snowman/桌面/koa-demo/node_modules/mysql2/lib/packet_parser.js:75:16)
    at Socket.Connection.stream.on.data (/home/snowman/桌面/koa-demo/node_modules/mysql2/lib/connection.js:79:25)
    at Socket.emit (events.js:182:13)
    at addChunk (_stream_readable.js:283:12)
    at readableAddChunk (_stream_readable.js:264:11)
    at Socket.Readable.push (_stream_readable.js:219:10)
    at TCP.onStreamRead [as onread] (internal/stream_base_commons.js:94:17)
*************** error log end ***************

