[2019-05-17T21:42:00.580] [ERROR] errorLogger - 
*************** error log start ***************
request method: GET
request originalUrl:  /user
request client ip:  ::ffff:127.0.0.1
request query:  {}
response time: 70
err name: SequelizeDatabaseError
err message: Unknown column 'rname.name' in 'field list'
err stack: SequelizeDatabaseError: Unknown column 'rname.name' in 'field list'
    at Query.formatError (/home/snowman/桌面/koa-demo/node_modules/sequelize/lib/dialects/mysql/query.js:239:16)
    at Query.handler [as onResult] (/home/snowman/桌面/koa-demo/node_modules/sequelize/lib/dialects/mysql/query.js:46:23)
    at Query.execute (/home/snowman/桌面/koa-demo/node_modules/mysql2/lib/commands/command.js:30:14)
    at Connection.handlePacket (/home/snowman/桌面/koa-demo/node_modules/mysql2/lib/connection.js:449:32)
    at PacketParser.Connection.packetParser.p [as onPacket] (/home/snowman/桌面/koa-demo/node_modules/mysql2/lib/connection.js:72:12)
    at PacketParser.executeStart (/home/snowman/桌面/koa-demo/node_modules/mysql2/lib/packet_parser.js:75:16)
    at Socket.Connection.stream.on.data (/home/snowman/桌面/koa-demo/node_modules/mysql2/lib/connection.js:79:25)
    at Socket.emit (events.js:182:13)
    at addChunk (_stream_readable.js:283:12)
    at readableAddChunk (_stream_readable.js:264:11)
    at Socket.Readable.push (_stream_readable.js:219:10)
    at TCP.onStreamRead [as onread] (internal/stream_base_commons.js:94:17)
*************** error log end ***************

[2019-05-17T21:56:25.847] [ERROR] errorLogger - 
*************** error log start ***************
request method: GET
request originalUrl:  /user
request client ip:  ::ffff:127.0.0.1
request query:  {}
response time: 69
err name: SequelizeDatabaseError
err message: Unknown column 'city.createdAt' in 'field list'
err stack: SequelizeDatabaseError: Unknown column 'city.createdAt' in 'field list'
    at Query.formatError (/home/snowman/桌面/koa-demo/node_modules/sequelize/lib/dialects/mysql/query.js:239:16)
    at Query.handler [as onResult] (/home/snowman/桌面/koa-demo/node_modules/sequelize/lib/dialects/mysql/query.js:46:23)
    at Query.execute (/home/snowman/桌面/koa-demo/node_modules/mysql2/lib/commands/command.js:30:14)
    at Connection.handlePacket (/home/snowman/桌面/koa-demo/node_modules/mysql2/lib/connection.js:449:32)
    at PacketParser.Connection.packetParser.p [as onPacket] (/home/snowman/桌面/koa-demo/node_modules/mysql2/lib/connection.js:72:12)
    at PacketParser.executeStart (/home/snowman/桌面/koa-demo/node_modules/mysql2/lib/packet_parser.js:75:16)
    at Socket.Connection.stream.on.data (/home/snowman/桌面/koa-demo/node_modules/mysql2/lib/connection.js:79:25)
    at Socket.emit (events.js:182:13)
    at addChunk (_stream_readable.js:283:12)
    at readableAddChunk (_stream_readable.js:264:11)
    at Socket.Readable.push (_stream_readable.js:219:10)
    at TCP.onStreamRead [as onread] (internal/stream_base_commons.js:94:17)
*************** error log end ***************

