[2019-05-15T17:00:11.595] [ERROR] errorLogger - 
*************** error log start ***************
request method: GET
request originalUrl:  /open/company/123
request client ip:  ::ffff:127.0.0.1
request query:  {}
response time: 1
err name: Error
err message: 123
err stack: Error: 123
    at router.get (C:\Users\snowman\Desktop\Learn\koa-demo\routes\open\company.js:11:9)
    at dispatch (C:\Users\snowman\Desktop\Learn\koa-demo\node_modules\koa-router\node_modules\koa-compose\index.js:44:32)
    at next (C:\Users\snowman\Desktop\Learn\koa-demo\node_modules\koa-router\node_modules\koa-compose\index.js:45:18)
    at C:\Users\snowman\Desktop\Learn\koa-demo\node_modules\koa-router\lib\router.js:346:16
    at dispatch (C:\Users\snowman\Desktop\Learn\koa-demo\node_modules\koa-router\node_modules\koa-compose\index.js:44:32)
    at C:\Users\snowman\Desktop\Learn\koa-demo\node_modules\koa-router\node_modules\koa-compose\index.js:36:12
    at dispatch (C:\Users\snowman\Desktop\Learn\koa-demo\node_modules\koa-router\lib\router.js:351:31)
    at dispatch (C:\Users\snowman\Desktop\Learn\koa-demo\node_modules\koa-compose\index.js:42:32)
    at app.use (C:\Users\snowman\Desktop\Learn\koa-demo\app.js:59:11)
    at dispatch (C:\Users\snowman\Desktop\Learn\koa-demo\node_modules\koa-compose\index.js:42:32)
*************** error log end ***************

[2019-05-15T17:00:47.390] [ERROR] errorLogger - 
*************** error log start ***************
request method: GET
request originalUrl:  /open/company/123
request client ip:  ::ffff:127.0.0.1
request query:  {}
response time: 1
err name: Error
err message: 123
err stack: Error: 123
    at router.get (C:\Users\snowman\Desktop\Learn\koa-demo\routes\open\company.js:11:9)
    at dispatch (C:\Users\snowman\Desktop\Learn\koa-demo\node_modules\koa-router\node_modules\koa-compose\index.js:44:32)
    at next (C:\Users\snowman\Desktop\Learn\koa-demo\node_modules\koa-router\node_modules\koa-compose\index.js:45:18)
    at C:\Users\snowman\Desktop\Learn\koa-demo\node_modules\koa-router\lib\router.js:346:16
    at dispatch (C:\Users\snowman\Desktop\Learn\koa-demo\node_modules\koa-router\node_modules\koa-compose\index.js:44:32)
    at C:\Users\snowman\Desktop\Learn\koa-demo\node_modules\koa-router\node_modules\koa-compose\index.js:36:12
    at dispatch (C:\Users\snowman\Desktop\Learn\koa-demo\node_modules\koa-router\lib\router.js:351:31)
    at dispatch (C:\Users\snowman\Desktop\Learn\koa-demo\node_modules\koa-compose\index.js:42:32)
    at app.use (C:\Users\snowman\Desktop\Learn\koa-demo\app.js:59:11)
    at dispatch (C:\Users\snowman\Desktop\Learn\koa-demo\node_modules\koa-compose\index.js:42:32)
*************** error log end ***************

[2019-05-15T17:02:42.646] [ERROR] errorLogger - 
*************** error log start ***************
request method: GET
request originalUrl:  /open/company/123
request client ip:  ::ffff:127.0.0.1
request query:  {}
response time: 1
err name: Error
err message: [object Object]
err stack: Error: [object Object]
    at router.get (C:\Users\snowman\Desktop\Learn\koa-demo\routes\open\company.js:11:9)
    at dispatch (C:\Users\snowman\Desktop\Learn\koa-demo\node_modules\koa-router\node_modules\koa-compose\index.js:44:32)
    at next (C:\Users\snowman\Desktop\Learn\koa-demo\node_modules\koa-router\node_modules\koa-compose\index.js:45:18)
    at C:\Users\snowman\Desktop\Learn\koa-demo\node_modules\koa-router\lib\router.js:346:16
    at dispatch (C:\Users\snowman\Desktop\Learn\koa-demo\node_modules\koa-router\node_modules\koa-compose\index.js:44:32)
    at C:\Users\snowman\Desktop\Learn\koa-demo\node_modules\koa-router\node_modules\koa-compose\index.js:36:12
    at dispatch (C:\Users\snowman\Desktop\Learn\koa-demo\node_modules\koa-router\lib\router.js:351:31)
    at dispatch (C:\Users\snowman\Desktop\Learn\koa-demo\node_modules\koa-compose\index.js:42:32)
    at app.use (C:\Users\snowman\Desktop\Learn\koa-demo\app.js:59:11)
    at dispatch (C:\Users\snowman\Desktop\Learn\koa-demo\node_modules\koa-compose\index.js:42:32)
*************** error log end ***************

[2019-05-15T17:04:06.276] [ERROR] errorLogger - 
*************** error log start ***************
request method: GET
request originalUrl:  /open/company/123
request client ip:  ::ffff:127.0.0.1
request query:  {}
response time: 1
err name: InternalServerError
err message: Internal Server Error
err stack: InternalServerError: Internal Server Error
    at Object.throw (C:\Users\snowman\Desktop\Learn\koa-demo\node_modules\koa\lib\context.js:97:11)
    at router.get (C:\Users\snowman\Desktop\Learn\koa-demo\routes\open\company.js:11:12)
    at dispatch (C:\Users\snowman\Desktop\Learn\koa-demo\node_modules\koa-router\node_modules\koa-compose\index.js:44:32)
    at next (C:\Users\snowman\Desktop\Learn\koa-demo\node_modules\koa-router\node_modules\koa-compose\index.js:45:18)
    at C:\Users\snowman\Desktop\Learn\koa-demo\node_modules\koa-router\lib\router.js:346:16
    at dispatch (C:\Users\snowman\Desktop\Learn\koa-demo\node_modules\koa-router\node_modules\koa-compose\index.js:44:32)
    at C:\Users\snowman\Desktop\Learn\koa-demo\node_modules\koa-router\node_modules\koa-compose\index.js:36:12
    at dispatch (C:\Users\snowman\Desktop\Learn\koa-demo\node_modules\koa-router\lib\router.js:351:31)
    at dispatch (C:\Users\snowman\Desktop\Learn\koa-demo\node_modules\koa-compose\index.js:42:32)
    at app.use (C:\Users\snowman\Desktop\Learn\koa-demo\app.js:59:11)
*************** error log end ***************

[2019-05-15T17:04:39.699] [ERROR] errorLogger - 
*************** error log start ***************
request method: GET
request originalUrl:  /open/company/123
request client ip:  ::ffff:127.0.0.1
request query:  {}
response time: 2
err name: InternalServerError
err message: Internal Server Error
err stack: InternalServerError: Internal Server Error
    at Object.throw (C:\Users\snowman\Desktop\Learn\koa-demo\node_modules\koa\lib\context.js:97:11)
    at router.get (C:\Users\snowman\Desktop\Learn\koa-demo\routes\open\company.js:12:12)
    at dispatch (C:\Users\snowman\Desktop\Learn\koa-demo\node_modules\koa-router\node_modules\koa-compose\index.js:44:32)
    at next (C:\Users\snowman\Desktop\Learn\koa-demo\node_modules\koa-router\node_modules\koa-compose\index.js:45:18)
    at C:\Users\snowman\Desktop\Learn\koa-demo\node_modules\koa-router\lib\router.js:346:16
    at dispatch (C:\Users\snowman\Desktop\Learn\koa-demo\node_modules\koa-router\node_modules\koa-compose\index.js:44:32)
    at C:\Users\snowman\Desktop\Learn\koa-demo\node_modules\koa-router\node_modules\koa-compose\index.js:36:12
    at dispatch (C:\Users\snowman\Desktop\Learn\koa-demo\node_modules\koa-router\lib\router.js:351:31)
    at dispatch (C:\Users\snowman\Desktop\Learn\koa-demo\node_modules\koa-compose\index.js:42:32)
    at app.use (C:\Users\snowman\Desktop\Learn\koa-demo\app.js:59:11)
*************** error log end ***************

[2019-05-15T17:05:10.540] [ERROR] errorLogger - 
*************** error log start ***************
request method: GET
request originalUrl:  /open/company/123
request client ip:  ::ffff:127.0.0.1
request query:  {}
response time: 2
err name: InternalServerError
err message: Internal Server Error
err stack: InternalServerError: Internal Server Error
    at Object.throw (C:\Users\snowman\Desktop\Learn\koa-demo\node_modules\koa\lib\context.js:97:11)
    at router.get (C:\Users\snowman\Desktop\Learn\koa-demo\routes\open\company.js:12:12)
    at dispatch (C:\Users\snowman\Desktop\Learn\koa-demo\node_modules\koa-router\node_modules\koa-compose\index.js:44:32)
    at next (C:\Users\snowman\Desktop\Learn\koa-demo\node_modules\koa-router\node_modules\koa-compose\index.js:45:18)
    at C:\Users\snowman\Desktop\Learn\koa-demo\node_modules\koa-router\lib\router.js:346:16
    at dispatch (C:\Users\snowman\Desktop\Learn\koa-demo\node_modules\koa-router\node_modules\koa-compose\index.js:44:32)
    at C:\Users\snowman\Desktop\Learn\koa-demo\node_modules\koa-router\node_modules\koa-compose\index.js:36:12
    at dispatch (C:\Users\snowman\Desktop\Learn\koa-demo\node_modules\koa-router\lib\router.js:351:31)
    at dispatch (C:\Users\snowman\Desktop\Learn\koa-demo\node_modules\koa-compose\index.js:42:32)
    at app.use (C:\Users\snowman\Desktop\Learn\koa-demo\app.js:59:11)
*************** error log end ***************

[2019-05-15T17:07:38.888] [ERROR] errorLogger - 
*************** error log start ***************
request method: GET
request originalUrl:  /open/company/123
request client ip:  ::ffff:127.0.0.1
request query:  {}
response time: 2
err name: InternalServerError
err message: Internal Server Error
err stack: InternalServerError: Internal Server Error
    at Object.throw (C:\Users\snowman\Desktop\Learn\koa-demo\node_modules\koa\lib\context.js:97:11)
    at router.get (C:\Users\snowman\Desktop\Learn\koa-demo\routes\open\company.js:12:12)
    at dispatch (C:\Users\snowman\Desktop\Learn\koa-demo\node_modules\koa-router\node_modules\koa-compose\index.js:44:32)
    at next (C:\Users\snowman\Desktop\Learn\koa-demo\node_modules\koa-router\node_modules\koa-compose\index.js:45:18)
    at C:\Users\snowman\Desktop\Learn\koa-demo\node_modules\koa-router\lib\router.js:346:16
    at dispatch (C:\Users\snowman\Desktop\Learn\koa-demo\node_modules\koa-router\node_modules\koa-compose\index.js:44:32)
    at C:\Users\snowman\Desktop\Learn\koa-demo\node_modules\koa-router\node_modules\koa-compose\index.js:36:12
    at dispatch (C:\Users\snowman\Desktop\Learn\koa-demo\node_modules\koa-router\lib\router.js:351:31)
    at dispatch (C:\Users\snowman\Desktop\Learn\koa-demo\node_modules\koa-compose\index.js:42:32)
    at app.use (C:\Users\snowman\Desktop\Learn\koa-demo\app.js:59:11)
*************** error log end ***************

[2019-05-15T17:08:27.599] [ERROR] errorLogger - 
*************** error log start ***************
request method: GET
request originalUrl:  /open/company/123
request client ip:  ::ffff:127.0.0.1
request query:  {}
response time: 2
err name: InternalServerError
err message: Internal Server Error
err stack: InternalServerError: Internal Server Error
    at Object.throw (C:\Users\snowman\Desktop\Learn\koa-demo\node_modules\koa\lib\context.js:97:11)
    at router.get (C:\Users\snowman\Desktop\Learn\koa-demo\routes\open\company.js:12:12)
    at dispatch (C:\Users\snowman\Desktop\Learn\koa-demo\node_modules\koa-router\node_modules\koa-compose\index.js:44:32)
    at next (C:\Users\snowman\Desktop\Learn\koa-demo\node_modules\koa-router\node_modules\koa-compose\index.js:45:18)
    at C:\Users\snowman\Desktop\Learn\koa-demo\node_modules\koa-router\lib\router.js:346:16
    at dispatch (C:\Users\snowman\Desktop\Learn\koa-demo\node_modules\koa-router\node_modules\koa-compose\index.js:44:32)
    at C:\Users\snowman\Desktop\Learn\koa-demo\node_modules\koa-router\node_modules\koa-compose\index.js:36:12
    at dispatch (C:\Users\snowman\Desktop\Learn\koa-demo\node_modules\koa-router\lib\router.js:351:31)
    at dispatch (C:\Users\snowman\Desktop\Learn\koa-demo\node_modules\koa-compose\index.js:42:32)
    at app.use (C:\Users\snowman\Desktop\Learn\koa-demo\app.js:59:11)
*************** error log end ***************

[2019-05-15T17:08:52.496] [ERROR] errorLogger - 
*************** error log start ***************
request method: GET
request originalUrl:  /open/company/123
request client ip:  ::ffff:127.0.0.1
request query:  {}
response time: 2
err name: InternalServerError
err message: Internal Server Error
err stack: InternalServerError: Internal Server Error
    at Object.throw (C:\Users\snowman\Desktop\Learn\koa-demo\node_modules\koa\lib\context.js:97:11)
    at router.get (C:\Users\snowman\Desktop\Learn\koa-demo\routes\open\company.js:12:12)
    at dispatch (C:\Users\snowman\Desktop\Learn\koa-demo\node_modules\koa-router\node_modules\koa-compose\index.js:44:32)
    at next (C:\Users\snowman\Desktop\Learn\koa-demo\node_modules\koa-router\node_modules\koa-compose\index.js:45:18)
    at C:\Users\snowman\Desktop\Learn\koa-demo\node_modules\koa-router\lib\router.js:346:16
    at dispatch (C:\Users\snowman\Desktop\Learn\koa-demo\node_modules\koa-router\node_modules\koa-compose\index.js:44:32)
    at C:\Users\snowman\Desktop\Learn\koa-demo\node_modules\koa-router\node_modules\koa-compose\index.js:36:12
    at dispatch (C:\Users\snowman\Desktop\Learn\koa-demo\node_modules\koa-router\lib\router.js:351:31)
    at dispatch (C:\Users\snowman\Desktop\Learn\koa-demo\node_modules\koa-compose\index.js:42:32)
    at app.use (C:\Users\snowman\Desktop\Learn\koa-demo\app.js:59:11)
*************** error log end ***************

[2019-05-15T17:09:48.451] [ERROR] errorLogger - 
*************** error log start ***************
request method: GET
request originalUrl:  /open/company/123
request client ip:  ::ffff:127.0.0.1
request query:  {}
response time: 2
err name: InternalServerError
err message: Internal Server Error
err stack: InternalServerError: Internal Server Error
    at Object.throw (C:\Users\snowman\Desktop\Learn\koa-demo\node_modules\koa\lib\context.js:97:11)
    at router.get (C:\Users\snowman\Desktop\Learn\koa-demo\routes\open\company.js:12:12)
    at dispatch (C:\Users\snowman\Desktop\Learn\koa-demo\node_modules\koa-router\node_modules\koa-compose\index.js:44:32)
    at next (C:\Users\snowman\Desktop\Learn\koa-demo\node_modules\koa-router\node_modules\koa-compose\index.js:45:18)
    at C:\Users\snowman\Desktop\Learn\koa-demo\node_modules\koa-router\lib\router.js:346:16
    at dispatch (C:\Users\snowman\Desktop\Learn\koa-demo\node_modules\koa-router\node_modules\koa-compose\index.js:44:32)
    at C:\Users\snowman\Desktop\Learn\koa-demo\node_modules\koa-router\node_modules\koa-compose\index.js:36:12
    at dispatch (C:\Users\snowman\Desktop\Learn\koa-demo\node_modules\koa-router\lib\router.js:351:31)
    at dispatch (C:\Users\snowman\Desktop\Learn\koa-demo\node_modules\koa-compose\index.js:42:32)
    at app.use (C:\Users\snowman\Desktop\Learn\koa-demo\app.js:59:11)
*************** error log end ***************

[2019-05-15T17:15:55.801] [ERROR] errorLogger - 
*************** error log start ***************
request method: GET
request originalUrl:  /open/company/123
request client ip:  ::ffff:127.0.0.1
request query:  {}
response time: 2
err name: InternalServerError
err message: Internal Server Error
err stack: InternalServerError: Internal Server Error
    at Object.throw (C:\Users\snowman\Desktop\Learn\koa-demo\node_modules\koa\lib\context.js:97:11)
    at router.get (C:\Users\snowman\Desktop\Learn\koa-demo\routes\open\company.js:13:12)
    at dispatch (C:\Users\snowman\Desktop\Learn\koa-demo\node_modules\koa-router\node_modules\koa-compose\index.js:44:32)
    at next (C:\Users\snowman\Desktop\Learn\koa-demo\node_modules\koa-router\node_modules\koa-compose\index.js:45:18)
    at C:\Users\snowman\Desktop\Learn\koa-demo\node_modules\koa-router\lib\router.js:346:16
    at dispatch (C:\Users\snowman\Desktop\Learn\koa-demo\node_modules\koa-router\node_modules\koa-compose\index.js:44:32)
    at C:\Users\snowman\Desktop\Learn\koa-demo\node_modules\koa-router\node_modules\koa-compose\index.js:36:12
    at dispatch (C:\Users\snowman\Desktop\Learn\koa-demo\node_modules\koa-router\lib\router.js:351:31)
    at dispatch (C:\Users\snowman\Desktop\Learn\koa-demo\node_modules\koa-compose\index.js:42:32)
    at app.use (C:\Users\snowman\Desktop\Learn\koa-demo\app.js:59:11)
*************** error log end ***************

[2019-05-15T17:25:23.969] [ERROR] errorLogger - 
*************** error log start ***************
request method: GET
request originalUrl:  /open/company/123
request client ip:  ::ffff:127.0.0.1
request query:  {}
response time: 2
err name: InternalServerError
err message: 你特么在逗我
err stack: InternalServerError: 你特么在逗我
    at Object.throw (C:\Users\snowman\Desktop\Learn\koa-demo\node_modules\koa\lib\context.js:97:11)
    at router.get (C:\Users\snowman\Desktop\Learn\koa-demo\routes\open\company.js:12:12)
    at dispatch (C:\Users\snowman\Desktop\Learn\koa-demo\node_modules\koa-router\node_modules\koa-compose\index.js:44:32)
    at next (C:\Users\snowman\Desktop\Learn\koa-demo\node_modules\koa-router\node_modules\koa-compose\index.js:45:18)
    at C:\Users\snowman\Desktop\Learn\koa-demo\node_modules\koa-router\lib\router.js:346:16
    at dispatch (C:\Users\snowman\Desktop\Learn\koa-demo\node_modules\koa-router\node_modules\koa-compose\index.js:44:32)
    at C:\Users\snowman\Desktop\Learn\koa-demo\node_modules\koa-router\node_modules\koa-compose\index.js:36:12
    at dispatch (C:\Users\snowman\Desktop\Learn\koa-demo\node_modules\koa-router\lib\router.js:351:31)
    at dispatch (C:\Users\snowman\Desktop\Learn\koa-demo\node_modules\koa-compose\index.js:42:32)
    at app.use (C:\Users\snowman\Desktop\Learn\koa-demo\app.js:59:11)
*************** error log end ***************

[2019-05-15T17:26:41.199] [ERROR] errorLogger - 
*************** error log start ***************
request method: GET
request originalUrl:  /open/company/123
request client ip:  ::ffff:127.0.0.1
request query:  {}
response time: 1
err name: InternalServerError
err message: 你特么在逗我
err stack: InternalServerError: 你特么在逗我
    at Object.throw (C:\Users\snowman\Desktop\Learn\koa-demo\node_modules\koa\lib\context.js:97:11)
    at router.get (C:\Users\snowman\Desktop\Learn\koa-demo\routes\open\company.js:12:12)
    at dispatch (C:\Users\snowman\Desktop\Learn\koa-demo\node_modules\koa-router\node_modules\koa-compose\index.js:44:32)
    at next (C:\Users\snowman\Desktop\Learn\koa-demo\node_modules\koa-router\node_modules\koa-compose\index.js:45:18)
    at C:\Users\snowman\Desktop\Learn\koa-demo\node_modules\koa-router\lib\router.js:346:16
    at dispatch (C:\Users\snowman\Desktop\Learn\koa-demo\node_modules\koa-router\node_modules\koa-compose\index.js:44:32)
    at C:\Users\snowman\Desktop\Learn\koa-demo\node_modules\koa-router\node_modules\koa-compose\index.js:36:12
    at dispatch (C:\Users\snowman\Desktop\Learn\koa-demo\node_modules\koa-router\lib\router.js:351:31)
    at dispatch (C:\Users\snowman\Desktop\Learn\koa-demo\node_modules\koa-compose\index.js:42:32)
    at app.use (C:\Users\snowman\Desktop\Learn\koa-demo\app.js:59:11)
*************** error log end ***************

[2019-05-15T17:27:09.521] [ERROR] errorLogger - 
*************** error log start ***************
request method: GET
request originalUrl:  /open/company/123
request client ip:  ::ffff:127.0.0.1
request query:  {}
response time: 2
err name: InternalServerError
err message: 你特么在逗我
err stack: InternalServerError: 你特么在逗我
    at Object.throw (C:\Users\snowman\Desktop\Learn\koa-demo\node_modules\koa\lib\context.js:97:11)
    at router.get (C:\Users\snowman\Desktop\Learn\koa-demo\routes\open\company.js:12:24)
    at dispatch (C:\Users\snowman\Desktop\Learn\koa-demo\node_modules\koa-router\node_modules\koa-compose\index.js:44:32)
    at next (C:\Users\snowman\Desktop\Learn\koa-demo\node_modules\koa-router\node_modules\koa-compose\index.js:45:18)
    at C:\Users\snowman\Desktop\Learn\koa-demo\node_modules\koa-router\lib\router.js:346:16
    at dispatch (C:\Users\snowman\Desktop\Learn\koa-demo\node_modules\koa-router\node_modules\koa-compose\index.js:44:32)
    at C:\Users\snowman\Desktop\Learn\koa-demo\node_modules\koa-router\node_modules\koa-compose\index.js:36:12
    at dispatch (C:\Users\snowman\Desktop\Learn\koa-demo\node_modules\koa-router\lib\router.js:351:31)
    at dispatch (C:\Users\snowman\Desktop\Learn\koa-demo\node_modules\koa-compose\index.js:42:32)
    at app.use (C:\Users\snowman\Desktop\Learn\koa-demo\app.js:59:11)
*************** error log end ***************

[2019-05-15T17:28:49.187] [ERROR] errorLogger - 
*************** error log start ***************
request method: GET
request originalUrl:  /open/company/123
request client ip:  ::ffff:127.0.0.1
request query:  {}
response time: 2
err name: InternalServerError
err message: 你特么在逗我
err stack: InternalServerError: 你特么在逗我
    at Object.throw (C:\Users\snowman\Desktop\Learn\koa-demo\node_modules\koa\lib\context.js:97:11)
    at router.get (C:\Users\snowman\Desktop\Learn\koa-demo\routes\open\company.js:12:24)
    at dispatch (C:\Users\snowman\Desktop\Learn\koa-demo\node_modules\koa-router\node_modules\koa-compose\index.js:44:32)
    at next (C:\Users\snowman\Desktop\Learn\koa-demo\node_modules\koa-router\node_modules\koa-compose\index.js:45:18)
    at C:\Users\snowman\Desktop\Learn\koa-demo\node_modules\koa-router\lib\router.js:346:16
    at dispatch (C:\Users\snowman\Desktop\Learn\koa-demo\node_modules\koa-router\node_modules\koa-compose\index.js:44:32)
    at C:\Users\snowman\Desktop\Learn\koa-demo\node_modules\koa-router\node_modules\koa-compose\index.js:36:12
    at dispatch (C:\Users\snowman\Desktop\Learn\koa-demo\node_modules\koa-router\lib\router.js:351:31)
    at dispatch (C:\Users\snowman\Desktop\Learn\koa-demo\node_modules\koa-compose\index.js:42:32)
    at app.use (C:\Users\snowman\Desktop\Learn\koa-demo\app.js:59:11)
*************** error log end ***************

[2019-05-15T17:29:15.835] [ERROR] errorLogger - 
*************** error log start ***************
request method: GET
request originalUrl:  /open/company/42343242432
request client ip:  ::ffff:127.0.0.1
request query:  {}
response time: 1
err name: InternalServerError
err message: 你特么在逗我
err stack: InternalServerError: 你特么在逗我
    at Object.throw (C:\Users\snowman\Desktop\Learn\koa-demo\node_modules\koa\lib\context.js:97:11)
    at router.get (C:\Users\snowman\Desktop\Learn\koa-demo\routes\open\company.js:12:24)
    at dispatch (C:\Users\snowman\Desktop\Learn\koa-demo\node_modules\koa-router\node_modules\koa-compose\index.js:44:32)
    at next (C:\Users\snowman\Desktop\Learn\koa-demo\node_modules\koa-router\node_modules\koa-compose\index.js:45:18)
    at C:\Users\snowman\Desktop\Learn\koa-demo\node_modules\koa-router\lib\router.js:346:16
    at dispatch (C:\Users\snowman\Desktop\Learn\koa-demo\node_modules\koa-router\node_modules\koa-compose\index.js:44:32)
    at C:\Users\snowman\Desktop\Learn\koa-demo\node_modules\koa-router\node_modules\koa-compose\index.js:36:12
    at dispatch (C:\Users\snowman\Desktop\Learn\koa-demo\node_modules\koa-router\lib\router.js:351:31)
    at dispatch (C:\Users\snowman\Desktop\Learn\koa-demo\node_modules\koa-compose\index.js:42:32)
    at app.use (C:\Users\snowman\Desktop\Learn\koa-demo\app.js:59:11)
*************** error log end ***************

[2019-05-15T17:30:00.468] [ERROR] errorLogger - 
*************** error log start ***************
request method: GET
request originalUrl:  /open/company/42343242432
request client ip:  ::ffff:127.0.0.1
request query:  {}
response time: 1
err name: InternalServerError
err message: 你特么在逗我
err stack: InternalServerError: 你特么在逗我
    at Object.throw (C:\Users\snowman\Desktop\Learn\koa-demo\node_modules\koa\lib\context.js:97:11)
    at router.get (C:\Users\snowman\Desktop\Learn\koa-demo\routes\open\company.js:11:12)
    at dispatch (C:\Users\snowman\Desktop\Learn\koa-demo\node_modules\koa-router\node_modules\koa-compose\index.js:44:32)
    at next (C:\Users\snowman\Desktop\Learn\koa-demo\node_modules\koa-router\node_modules\koa-compose\index.js:45:18)
    at C:\Users\snowman\Desktop\Learn\koa-demo\node_modules\koa-router\lib\router.js:346:16
    at dispatch (C:\Users\snowman\Desktop\Learn\koa-demo\node_modules\koa-router\node_modules\koa-compose\index.js:44:32)
    at C:\Users\snowman\Desktop\Learn\koa-demo\node_modules\koa-router\node_modules\koa-compose\index.js:36:12
    at dispatch (C:\Users\snowman\Desktop\Learn\koa-demo\node_modules\koa-router\lib\router.js:351:31)
    at dispatch (C:\Users\snowman\Desktop\Learn\koa-demo\node_modules\koa-compose\index.js:42:32)
    at app.use (C:\Users\snowman\Desktop\Learn\koa-demo\app.js:59:11)
*************** error log end ***************

[2019-05-15T17:32:20.458] [ERROR] errorLogger - 
*************** error log start ***************
request method: GET
request originalUrl:  /open/company/42343242432
request client ip:  ::ffff:127.0.0.1
request query:  {}
response time: 2
err name: InternalServerError
err message: 你特么在逗我
err stack: InternalServerError: 你特么在逗我
    at Object.throw (C:\Users\snowman\Desktop\Learn\koa-demo\node_modules\koa\lib\context.js:97:11)
    at router.get (C:\Users\snowman\Desktop\Learn\koa-demo\routes\open\company.js:11:12)
    at dispatch (C:\Users\snowman\Desktop\Learn\koa-demo\node_modules\koa-router\node_modules\koa-compose\index.js:44:32)
    at next (C:\Users\snowman\Desktop\Learn\koa-demo\node_modules\koa-router\node_modules\koa-compose\index.js:45:18)
    at C:\Users\snowman\Desktop\Learn\koa-demo\node_modules\koa-router\lib\router.js:346:16
    at dispatch (C:\Users\snowman\Desktop\Learn\koa-demo\node_modules\koa-router\node_modules\koa-compose\index.js:44:32)
    at C:\Users\snowman\Desktop\Learn\koa-demo\node_modules\koa-router\node_modules\koa-compose\index.js:36:12
    at dispatch (C:\Users\snowman\Desktop\Learn\koa-demo\node_modules\koa-router\lib\router.js:351:31)
    at dispatch (C:\Users\snowman\Desktop\Learn\koa-demo\node_modules\koa-compose\index.js:42:32)
    at app.use (C:\Users\snowman\Desktop\Learn\koa-demo\app.js:59:11)
*************** error log end ***************

[2019-05-15T17:37:34.916] [ERROR] errorLogger - 
*************** error log start ***************
request method: GET
request originalUrl:  /open/company/42343242432
request client ip:  ::ffff:127.0.0.1
request query:  {}
response time: 1
err name: InternalServerError
err message: 你特么在逗我
err stack: InternalServerError: 你特么在逗我
    at Object.throw (C:\Users\snowman\Desktop\Learn\koa-demo\node_modules\koa\lib\context.js:97:11)
    at router.get (C:\Users\snowman\Desktop\Learn\koa-demo\routes\open\company.js:11:12)
    at dispatch (C:\Users\snowman\Desktop\Learn\koa-demo\node_modules\koa-router\node_modules\koa-compose\index.js:44:32)
    at next (C:\Users\snowman\Desktop\Learn\koa-demo\node_modules\koa-router\node_modules\koa-compose\index.js:45:18)
    at C:\Users\snowman\Desktop\Learn\koa-demo\node_modules\koa-router\lib\router.js:346:16
    at dispatch (C:\Users\snowman\Desktop\Learn\koa-demo\node_modules\koa-router\node_modules\koa-compose\index.js:44:32)
    at C:\Users\snowman\Desktop\Learn\koa-demo\node_modules\koa-router\node_modules\koa-compose\index.js:36:12
    at dispatch (C:\Users\snowman\Desktop\Learn\koa-demo\node_modules\koa-router\lib\router.js:351:31)
    at dispatch (C:\Users\snowman\Desktop\Learn\koa-demo\node_modules\koa-compose\index.js:42:32)
    at app.use (C:\Users\snowman\Desktop\Learn\koa-demo\app.js:59:11)
*************** error log end ***************

[2019-05-15T17:37:56.314] [ERROR] errorLogger - 
*************** error log start ***************
request method: GET
request originalUrl:  /open/company/42343242432
request client ip:  ::ffff:127.0.0.1
request query:  {}
response time: 1
err name: InternalServerError
err message: 你特么在逗我
err stack: InternalServerError: 你特么在逗我
    at Object.throw (C:\Users\snowman\Desktop\Learn\koa-demo\node_modules\koa\lib\context.js:97:11)
    at router.get (C:\Users\snowman\Desktop\Learn\koa-demo\routes\open\company.js:11:12)
    at dispatch (C:\Users\snowman\Desktop\Learn\koa-demo\node_modules\koa-router\node_modules\koa-compose\index.js:44:32)
    at next (C:\Users\snowman\Desktop\Learn\koa-demo\node_modules\koa-router\node_modules\koa-compose\index.js:45:18)
    at C:\Users\snowman\Desktop\Learn\koa-demo\node_modules\koa-router\lib\router.js:346:16
    at dispatch (C:\Users\snowman\Desktop\Learn\koa-demo\node_modules\koa-router\node_modules\koa-compose\index.js:44:32)
    at C:\Users\snowman\Desktop\Learn\koa-demo\node_modules\koa-router\node_modules\koa-compose\index.js:36:12
    at dispatch (C:\Users\snowman\Desktop\Learn\koa-demo\node_modules\koa-router\lib\router.js:351:31)
    at dispatch (C:\Users\snowman\Desktop\Learn\koa-demo\node_modules\koa-compose\index.js:42:32)
    at app.use (C:\Users\snowman\Desktop\Learn\koa-demo\app.js:59:11)
*************** error log end ***************

[2019-05-15T17:38:23.634] [ERROR] errorLogger - 
*************** error log start ***************
request method: GET
request originalUrl:  /open/company/42343242432
request client ip:  ::ffff:127.0.0.1
request query:  {}
response time: 2
err name: InternalServerError
err message: 你特么在逗我
err stack: InternalServerError: 你特么在逗我
    at Object.throw (C:\Users\snowman\Desktop\Learn\koa-demo\node_modules\koa\lib\context.js:97:11)
    at router.get (C:\Users\snowman\Desktop\Learn\koa-demo\routes\open\company.js:11:12)
    at dispatch (C:\Users\snowman\Desktop\Learn\koa-demo\node_modules\koa-router\node_modules\koa-compose\index.js:44:32)
    at next (C:\Users\snowman\Desktop\Learn\koa-demo\node_modules\koa-router\node_modules\koa-compose\index.js:45:18)
    at C:\Users\snowman\Desktop\Learn\koa-demo\node_modules\koa-router\lib\router.js:346:16
    at dispatch (C:\Users\snowman\Desktop\Learn\koa-demo\node_modules\koa-router\node_modules\koa-compose\index.js:44:32)
    at C:\Users\snowman\Desktop\Learn\koa-demo\node_modules\koa-router\node_modules\koa-compose\index.js:36:12
    at dispatch (C:\Users\snowman\Desktop\Learn\koa-demo\node_modules\koa-router\lib\router.js:351:31)
    at dispatch (C:\Users\snowman\Desktop\Learn\koa-demo\node_modules\koa-compose\index.js:42:32)
    at app.use (C:\Users\snowman\Desktop\Learn\koa-demo\app.js:59:11)
*************** error log end ***************

[2019-05-15T17:40:01.114] [ERROR] errorLogger - 
*************** error log start ***************
request method: GET
request originalUrl:  /open/company/42343242432
request client ip:  ::ffff:127.0.0.1
request query:  {}
response time: 2
err name: InternalServerError
err message: 你特么在逗我
err stack: InternalServerError: 你特么在逗我
    at Object.throw (C:\Users\snowman\Desktop\Learn\koa-demo\node_modules\koa\lib\context.js:97:11)
    at router.get (C:\Users\snowman\Desktop\Learn\koa-demo\routes\open\company.js:11:12)
    at dispatch (C:\Users\snowman\Desktop\Learn\koa-demo\node_modules\koa-router\node_modules\koa-compose\index.js:44:32)
    at next (C:\Users\snowman\Desktop\Learn\koa-demo\node_modules\koa-router\node_modules\koa-compose\index.js:45:18)
    at C:\Users\snowman\Desktop\Learn\koa-demo\node_modules\koa-router\lib\router.js:346:16
    at dispatch (C:\Users\snowman\Desktop\Learn\koa-demo\node_modules\koa-router\node_modules\koa-compose\index.js:44:32)
    at C:\Users\snowman\Desktop\Learn\koa-demo\node_modules\koa-router\node_modules\koa-compose\index.js:36:12
    at dispatch (C:\Users\snowman\Desktop\Learn\koa-demo\node_modules\koa-router\lib\router.js:351:31)
    at dispatch (C:\Users\snowman\Desktop\Learn\koa-demo\node_modules\koa-compose\index.js:42:32)
    at app.use (C:\Users\snowman\Desktop\Learn\koa-demo\app.js:59:11)
*************** error log end ***************

[2019-05-15T17:40:20.000] [ERROR] errorLogger - 
*************** error log start ***************
request method: GET
request originalUrl:  /open/company/42343242432
request client ip:  ::ffff:127.0.0.1
request query:  {}
response time: 2
err name: InternalServerError
err message: 你特么在逗我
err stack: InternalServerError: 你特么在逗我
    at Object.throw (C:\Users\snowman\Desktop\Learn\koa-demo\node_modules\koa\lib\context.js:97:11)
    at router.get (C:\Users\snowman\Desktop\Learn\koa-demo\routes\open\company.js:11:12)
    at dispatch (C:\Users\snowman\Desktop\Learn\koa-demo\node_modules\koa-router\node_modules\koa-compose\index.js:44:32)
    at next (C:\Users\snowman\Desktop\Learn\koa-demo\node_modules\koa-router\node_modules\koa-compose\index.js:45:18)
    at C:\Users\snowman\Desktop\Learn\koa-demo\node_modules\koa-router\lib\router.js:346:16
    at dispatch (C:\Users\snowman\Desktop\Learn\koa-demo\node_modules\koa-router\node_modules\koa-compose\index.js:44:32)
    at C:\Users\snowman\Desktop\Learn\koa-demo\node_modules\koa-router\node_modules\koa-compose\index.js:36:12
    at dispatch (C:\Users\snowman\Desktop\Learn\koa-demo\node_modules\koa-router\lib\router.js:351:31)
    at dispatch (C:\Users\snowman\Desktop\Learn\koa-demo\node_modules\koa-compose\index.js:42:32)
    at app.use (C:\Users\snowman\Desktop\Learn\koa-demo\app.js:59:11)
*************** error log end ***************

[2019-05-15T17:43:10.042] [ERROR] errorLogger - 
*************** error log start ***************
request method: GET
request originalUrl:  /open/company/42343242432
request client ip:  ::ffff:127.0.0.1
request query:  {}
response time: 0
err name: InternalServerError
err message: 你特么在逗我
err stack: InternalServerError: 你特么在逗我
    at Object.throw (C:\Users\snowman\Desktop\Learn\koa-demo\node_modules\koa\lib\context.js:97:11)
    at router.get (C:\Users\snowman\Desktop\Learn\koa-demo\routes\open\company.js:11:12)
    at dispatch (C:\Users\snowman\Desktop\Learn\koa-demo\node_modules\koa-router\node_modules\koa-compose\index.js:44:32)
    at next (C:\Users\snowman\Desktop\Learn\koa-demo\node_modules\koa-router\node_modules\koa-compose\index.js:45:18)
    at C:\Users\snowman\Desktop\Learn\koa-demo\node_modules\koa-router\lib\router.js:346:16
    at dispatch (C:\Users\snowman\Desktop\Learn\koa-demo\node_modules\koa-router\node_modules\koa-compose\index.js:44:32)
    at C:\Users\snowman\Desktop\Learn\koa-demo\node_modules\koa-router\node_modules\koa-compose\index.js:36:12
    at dispatch (C:\Users\snowman\Desktop\Learn\koa-demo\node_modules\koa-router\lib\router.js:351:31)
    at dispatch (C:\Users\snowman\Desktop\Learn\koa-demo\node_modules\koa-compose\index.js:42:32)
    at app.use (C:\Users\snowman\Desktop\Learn\koa-demo\app.js:59:11)
*************** error log end ***************

[2019-05-15T17:47:19.280] [ERROR] errorLogger - 
*************** error log start ***************
request method: GET
request originalUrl:  /open/company/42343242432
request client ip:  ::ffff:127.0.0.1
request query:  {}
response time: 2
err name: InternalServerError
err message: 你特么在逗我
err stack: InternalServerError: 你特么在逗我
    at Object.throw (C:\Users\snowman\Desktop\Learn\koa-demo\node_modules\koa\lib\context.js:97:11)
    at router.get (C:\Users\snowman\Desktop\Learn\koa-demo\routes\open\company.js:11:12)
    at dispatch (C:\Users\snowman\Desktop\Learn\koa-demo\node_modules\koa-router\node_modules\koa-compose\index.js:44:32)
    at next (C:\Users\snowman\Desktop\Learn\koa-demo\node_modules\koa-router\node_modules\koa-compose\index.js:45:18)
    at C:\Users\snowman\Desktop\Learn\koa-demo\node_modules\koa-router\lib\router.js:346:16
    at dispatch (C:\Users\snowman\Desktop\Learn\koa-demo\node_modules\koa-router\node_modules\koa-compose\index.js:44:32)
    at C:\Users\snowman\Desktop\Learn\koa-demo\node_modules\koa-router\node_modules\koa-compose\index.js:36:12
    at dispatch (C:\Users\snowman\Desktop\Learn\koa-demo\node_modules\koa-router\lib\router.js:351:31)
    at dispatch (C:\Users\snowman\Desktop\Learn\koa-demo\node_modules\koa-compose\index.js:42:32)
    at app.use (C:\Users\snowman\Desktop\Learn\koa-demo\app.js:59:11)
*************** error log end ***************

[2019-05-15T17:48:22.762] [ERROR] errorLogger - 
*************** error log start ***************
request method: GET
request originalUrl:  /open/company/42343242432
request client ip:  ::ffff:127.0.0.1
request query:  {}
response time: 1
err name: InternalServerError
err message: 你特么在逗我
err stack: InternalServerError: 你特么在逗我
    at Object.throw (C:\Users\snowman\Desktop\Learn\koa-demo\node_modules\koa\lib\context.js:97:11)
    at router.get (C:\Users\snowman\Desktop\Learn\koa-demo\routes\open\company.js:11:12)
    at dispatch (C:\Users\snowman\Desktop\Learn\koa-demo\node_modules\koa-router\node_modules\koa-compose\index.js:44:32)
    at next (C:\Users\snowman\Desktop\Learn\koa-demo\node_modules\koa-router\node_modules\koa-compose\index.js:45:18)
    at C:\Users\snowman\Desktop\Learn\koa-demo\node_modules\koa-router\lib\router.js:346:16
    at dispatch (C:\Users\snowman\Desktop\Learn\koa-demo\node_modules\koa-router\node_modules\koa-compose\index.js:44:32)
    at C:\Users\snowman\Desktop\Learn\koa-demo\node_modules\koa-router\node_modules\koa-compose\index.js:36:12
    at dispatch (C:\Users\snowman\Desktop\Learn\koa-demo\node_modules\koa-router\lib\router.js:351:31)
    at dispatch (C:\Users\snowman\Desktop\Learn\koa-demo\node_modules\koa-compose\index.js:42:32)
    at app.use (C:\Users\snowman\Desktop\Learn\koa-demo\app.js:59:11)
*************** error log end ***************

[2019-05-15T17:49:39.707] [ERROR] errorLogger - 
*************** error log start ***************
request method: GET
request originalUrl:  /open/company/42343242432
request client ip:  ::ffff:127.0.0.1
request query:  {}
response time: 1
err name: InternalServerError
err message: 你特么在逗我
err stack: InternalServerError: 你特么在逗我
    at Object.throw (C:\Users\snowman\Desktop\Learn\koa-demo\node_modules\koa\lib\context.js:97:11)
    at router.get (C:\Users\snowman\Desktop\Learn\koa-demo\routes\open\company.js:11:12)
    at dispatch (C:\Users\snowman\Desktop\Learn\koa-demo\node_modules\koa-router\node_modules\koa-compose\index.js:44:32)
    at next (C:\Users\snowman\Desktop\Learn\koa-demo\node_modules\koa-router\node_modules\koa-compose\index.js:45:18)
    at C:\Users\snowman\Desktop\Learn\koa-demo\node_modules\koa-router\lib\router.js:346:16
    at dispatch (C:\Users\snowman\Desktop\Learn\koa-demo\node_modules\koa-router\node_modules\koa-compose\index.js:44:32)
    at C:\Users\snowman\Desktop\Learn\koa-demo\node_modules\koa-router\node_modules\koa-compose\index.js:36:12
    at dispatch (C:\Users\snowman\Desktop\Learn\koa-demo\node_modules\koa-router\lib\router.js:351:31)
    at dispatch (C:\Users\snowman\Desktop\Learn\koa-demo\node_modules\koa-compose\index.js:42:32)
    at app.use (C:\Users\snowman\Desktop\Learn\koa-demo\app.js:59:11)
*************** error log end ***************

[2019-05-15T17:50:05.906] [ERROR] errorLogger - 
*************** error log start ***************
request method: GET
request originalUrl:  /open/company/42343242432
request client ip:  ::ffff:127.0.0.1
request query:  {}
response time: 1
err name: InternalServerError
err message: 你特么在逗我
err stack: InternalServerError: 你特么在逗我
    at Object.throw (C:\Users\snowman\Desktop\Learn\koa-demo\node_modules\koa\lib\context.js:97:11)
    at router.get (C:\Users\snowman\Desktop\Learn\koa-demo\routes\open\company.js:11:12)
    at dispatch (C:\Users\snowman\Desktop\Learn\koa-demo\node_modules\koa-router\node_modules\koa-compose\index.js:44:32)
    at next (C:\Users\snowman\Desktop\Learn\koa-demo\node_modules\koa-router\node_modules\koa-compose\index.js:45:18)
    at C:\Users\snowman\Desktop\Learn\koa-demo\node_modules\koa-router\lib\router.js:346:16
    at dispatch (C:\Users\snowman\Desktop\Learn\koa-demo\node_modules\koa-router\node_modules\koa-compose\index.js:44:32)
    at C:\Users\snowman\Desktop\Learn\koa-demo\node_modules\koa-router\node_modules\koa-compose\index.js:36:12
    at dispatch (C:\Users\snowman\Desktop\Learn\koa-demo\node_modules\koa-router\lib\router.js:351:31)
    at dispatch (C:\Users\snowman\Desktop\Learn\koa-demo\node_modules\koa-compose\index.js:42:32)
    at app.use (C:\Users\snowman\Desktop\Learn\koa-demo\app.js:59:11)
*************** error log end ***************

[2019-05-15T17:53:07.581] [ERROR] errorLogger - 
*************** error log start ***************
request method: GET
request originalUrl:  /open/company/42343242432
request client ip:  ::ffff:127.0.0.1
request query:  {}
response time: 1
err name: InternalServerError
err message: 你特么在逗我
err stack: InternalServerError: 你特么在逗我
    at Object.throw (C:\Users\snowman\Desktop\Learn\koa-demo\node_modules\koa\lib\context.js:97:11)
    at router.get (C:\Users\snowman\Desktop\Learn\koa-demo\routes\open\company.js:11:12)
    at dispatch (C:\Users\snowman\Desktop\Learn\koa-demo\node_modules\koa-router\node_modules\koa-compose\index.js:44:32)
    at next (C:\Users\snowman\Desktop\Learn\koa-demo\node_modules\koa-router\node_modules\koa-compose\index.js:45:18)
    at C:\Users\snowman\Desktop\Learn\koa-demo\node_modules\koa-router\lib\router.js:346:16
    at dispatch (C:\Users\snowman\Desktop\Learn\koa-demo\node_modules\koa-router\node_modules\koa-compose\index.js:44:32)
    at C:\Users\snowman\Desktop\Learn\koa-demo\node_modules\koa-router\node_modules\koa-compose\index.js:36:12
    at dispatch (C:\Users\snowman\Desktop\Learn\koa-demo\node_modules\koa-router\lib\router.js:351:31)
    at dispatch (C:\Users\snowman\Desktop\Learn\koa-demo\node_modules\koa-compose\index.js:42:32)
    at app.use (C:\Users\snowman\Desktop\Learn\koa-demo\app.js:60:11)
*************** error log end ***************

[2019-05-15T17:53:29.903] [ERROR] errorLogger - 
*************** error log start ***************
request method: GET
request originalUrl:  /open/company/42343242432
request client ip:  ::ffff:127.0.0.1
request query:  {}
response time: 1
err name: InternalServerError
err message: 你特么在逗我
err stack: InternalServerError: 你特么在逗我
    at Object.throw (C:\Users\snowman\Desktop\Learn\koa-demo\node_modules\koa\lib\context.js:97:11)
    at router.get (C:\Users\snowman\Desktop\Learn\koa-demo\routes\open\company.js:11:12)
    at dispatch (C:\Users\snowman\Desktop\Learn\koa-demo\node_modules\koa-router\node_modules\koa-compose\index.js:44:32)
    at next (C:\Users\snowman\Desktop\Learn\koa-demo\node_modules\koa-router\node_modules\koa-compose\index.js:45:18)
    at C:\Users\snowman\Desktop\Learn\koa-demo\node_modules\koa-router\lib\router.js:346:16
    at dispatch (C:\Users\snowman\Desktop\Learn\koa-demo\node_modules\koa-router\node_modules\koa-compose\index.js:44:32)
    at C:\Users\snowman\Desktop\Learn\koa-demo\node_modules\koa-router\node_modules\koa-compose\index.js:36:12
    at dispatch (C:\Users\snowman\Desktop\Learn\koa-demo\node_modules\koa-router\lib\router.js:351:31)
    at dispatch (C:\Users\snowman\Desktop\Learn\koa-demo\node_modules\koa-compose\index.js:42:32)
    at app.use (C:\Users\snowman\Desktop\Learn\koa-demo\app.js:60:11)
*************** error log end ***************

[2019-05-15T17:53:50.228] [ERROR] errorLogger - 
*************** error log start ***************
request method: GET
request originalUrl:  /open/company/42343242432
request client ip:  ::ffff:127.0.0.1
request query:  {}
response time: 2
err name: InternalServerError
err message: 你特么在逗我
err stack: InternalServerError: 你特么在逗我
    at Object.throw (C:\Users\snowman\Desktop\Learn\koa-demo\node_modules\koa\lib\context.js:97:11)
    at router.get (C:\Users\snowman\Desktop\Learn\koa-demo\routes\open\company.js:11:12)
    at dispatch (C:\Users\snowman\Desktop\Learn\koa-demo\node_modules\koa-router\node_modules\koa-compose\index.js:44:32)
    at next (C:\Users\snowman\Desktop\Learn\koa-demo\node_modules\koa-router\node_modules\koa-compose\index.js:45:18)
    at C:\Users\snowman\Desktop\Learn\koa-demo\node_modules\koa-router\lib\router.js:346:16
    at dispatch (C:\Users\snowman\Desktop\Learn\koa-demo\node_modules\koa-router\node_modules\koa-compose\index.js:44:32)
    at C:\Users\snowman\Desktop\Learn\koa-demo\node_modules\koa-router\node_modules\koa-compose\index.js:36:12
    at dispatch (C:\Users\snowman\Desktop\Learn\koa-demo\node_modules\koa-router\lib\router.js:351:31)
    at dispatch (C:\Users\snowman\Desktop\Learn\koa-demo\node_modules\koa-compose\index.js:42:32)
    at app.use (C:\Users\snowman\Desktop\Learn\koa-demo\app.js:60:11)
*************** error log end ***************

[2019-05-15T17:54:30.161] [ERROR] errorLogger - 
*************** error log start ***************
request method: GET
request originalUrl:  /open/company/42343242432
request client ip:  ::ffff:127.0.0.1
request query:  {}
response time: 1
err name: InternalServerError
err message: 你特么在逗我
err stack: InternalServerError: 你特么在逗我
    at Object.throw (C:\Users\snowman\Desktop\Learn\koa-demo\node_modules\koa\lib\context.js:97:11)
    at router.get (C:\Users\snowman\Desktop\Learn\koa-demo\routes\open\company.js:11:12)
    at dispatch (C:\Users\snowman\Desktop\Learn\koa-demo\node_modules\koa-router\node_modules\koa-compose\index.js:44:32)
    at next (C:\Users\snowman\Desktop\Learn\koa-demo\node_modules\koa-router\node_modules\koa-compose\index.js:45:18)
    at C:\Users\snowman\Desktop\Learn\koa-demo\node_modules\koa-router\lib\router.js:346:16
    at dispatch (C:\Users\snowman\Desktop\Learn\koa-demo\node_modules\koa-router\node_modules\koa-compose\index.js:44:32)
    at C:\Users\snowman\Desktop\Learn\koa-demo\node_modules\koa-router\node_modules\koa-compose\index.js:36:12
    at dispatch (C:\Users\snowman\Desktop\Learn\koa-demo\node_modules\koa-router\lib\router.js:351:31)
    at dispatch (C:\Users\snowman\Desktop\Learn\koa-demo\node_modules\koa-compose\index.js:42:32)
    at app.use (C:\Users\snowman\Desktop\Learn\koa-demo\app.js:60:11)
*************** error log end ***************

[2019-05-15T17:58:10.212] [ERROR] errorLogger - 
*************** error log start ***************
request method: GET
request originalUrl:  /open/company/data
request client ip:  ::ffff:127.0.0.1
request query:  {}
response time: 1
err name: InternalServerError
err message: 你特么在逗我
err stack: InternalServerError: 你特么在逗我
    at Object.throw (C:\Users\snowman\Desktop\Learn\koa-demo\node_modules\koa\lib\context.js:97:11)
    at router.get (C:\Users\snowman\Desktop\Learn\koa-demo\routes\open\company.js:11:12)
    at dispatch (C:\Users\snowman\Desktop\Learn\koa-demo\node_modules\koa-router\node_modules\koa-compose\index.js:44:32)
    at next (C:\Users\snowman\Desktop\Learn\koa-demo\node_modules\koa-router\node_modules\koa-compose\index.js:45:18)
    at C:\Users\snowman\Desktop\Learn\koa-demo\node_modules\koa-router\lib\router.js:346:16
    at dispatch (C:\Users\snowman\Desktop\Learn\koa-demo\node_modules\koa-router\node_modules\koa-compose\index.js:44:32)
    at C:\Users\snowman\Desktop\Learn\koa-demo\node_modules\koa-router\node_modules\koa-compose\index.js:36:12
    at dispatch (C:\Users\snowman\Desktop\Learn\koa-demo\node_modules\koa-router\lib\router.js:351:31)
    at dispatch (C:\Users\snowman\Desktop\Learn\koa-demo\node_modules\koa-compose\index.js:42:32)
    at app.use (C:\Users\snowman\Desktop\Learn\koa-demo\app.js:60:11)
*************** error log end ***************

[2019-05-15T17:58:34.951] [ERROR] errorLogger - 
*************** error log start ***************
request method: GET
request originalUrl:  /open/company/data
request client ip:  ::ffff:127.0.0.1
request query:  {}
response time: 1
err name: InternalServerError
err message: 你特么在逗我
err stack: InternalServerError: 你特么在逗我
    at Object.throw (C:\Users\snowman\Desktop\Learn\koa-demo\node_modules\koa\lib\context.js:97:11)
    at router.get (C:\Users\snowman\Desktop\Learn\koa-demo\routes\open\company.js:11:12)
    at dispatch (C:\Users\snowman\Desktop\Learn\koa-demo\node_modules\koa-router\node_modules\koa-compose\index.js:44:32)
    at next (C:\Users\snowman\Desktop\Learn\koa-demo\node_modules\koa-router\node_modules\koa-compose\index.js:45:18)
    at C:\Users\snowman\Desktop\Learn\koa-demo\node_modules\koa-router\lib\router.js:346:16
    at dispatch (C:\Users\snowman\Desktop\Learn\koa-demo\node_modules\koa-router\node_modules\koa-compose\index.js:44:32)
    at C:\Users\snowman\Desktop\Learn\koa-demo\node_modules\koa-router\node_modules\koa-compose\index.js:36:12
    at dispatch (C:\Users\snowman\Desktop\Learn\koa-demo\node_modules\koa-router\lib\router.js:351:31)
    at dispatch (C:\Users\snowman\Desktop\Learn\koa-demo\node_modules\koa-compose\index.js:42:32)
    at app.use (C:\Users\snowman\Desktop\Learn\koa-demo\app.js:60:11)
*************** error log end ***************

